2026-03-10 17:30:42,257 - main - INFO - === Logging system initialized ===
2026-03-10 17:30:42,257 - main - INFO - Log file: logs\app_20260310_173042.log
2026-03-10 17:30:42,258 - main - INFO - Environment: dev
2026-03-10 17:30:42,258 - main - INFO - Timestamp: 20260310_173042
2026-03-10 17:30:42,275 - main - INFO - Included router from routers.aihub
2026-03-10 17:30:42,427 - main - INFO - Included router from routers.auth
2026-03-10 17:30:42,451 - main - INFO - Included router from routers.content_pages
2026-03-10 17:30:42,466 - main - INFO - Included router from routers.course_materials
2026-03-10 17:30:42,485 - main - INFO - Included router from routers.course_modules
2026-03-10 17:30:42,503 - main - INFO - Included router from routers.courses
2026-03-10 17:30:42,517 - main - INFO - Included router from routers.enrollments
2026-03-10 17:30:42,535 - main - INFO - Included router from routers.faqs
2026-03-10 17:30:42,537 - main - INFO - Included router from routers.health
2026-03-10 17:30:42,562 - main - WARNING - Failed to import module 'routers.notifications': routers.notifications
Traceback (most recent call last):
  File "C:\Users\Lenovo 10GEN\Desktop\paudc_site\backend\main.py", line 111, in include_routers_from_package
    module = importlib.import_module(module_name)
  File "C:\Program Files\WindowsApps\PythonSoftwareFoundation.Python.3.13_3.13.3312.0_x64__qbz5n2kfra8p0\Lib\importlib\__init__.py", line 88, in import_module
    return _bootstrap._gcd_import(name[level:], package, level)
           ~~~~~~~~~~~~~~~~~~~~~~^^^^^^^^^^^^^^^^^^^^^^^^^^^^^^
  File "<frozen importlib._bootstrap>", line 1387, in _gcd_import
  File "<frozen importlib._bootstrap>", line 1360, in _find_and_load
  File "<frozen importlib._bootstrap>", line 1331, in _find_and_load_unlocked
  File "<frozen importlib._bootstrap>", line 935, in _load_unlocked
  File "<frozen importlib._bootstrap_external>", line 1023, in exec_module
  File "<frozen importlib._bootstrap>", line 488, in _call_with_frames_removed
  File "C:\Users\Lenovo 10GEN\Desktop\paudc_site\backend\routers\notifications.py", line 10, in <module>
    from services.notifications import NotificationsService
  File "C:\Users\Lenovo 10GEN\Desktop\paudc_site\backend\services\notifications.py", line 7, in <module>
    from models.notifications import Notification
ImportError: cannot import name 'Notification' from 'models.notifications' (C:\Users\Lenovo 10GEN\Desktop\paudc_site\backend\models\notifications.py). Did you mean: 'notifications'?
2026-03-10 17:30:42,585 - main - INFO - Included router from routers.progress_tracking
2026-03-10 17:30:42,599 - main - INFO - Included router from routers.quiz_attempts
2026-03-10 17:30:42,611 - main - INFO - Included router from routers.quiz_questions
2026-03-10 17:30:42,623 - main - INFO - Included router from routers.quizzes
2026-03-10 17:30:42,646 - main - INFO - Included router from routers.registrations
2026-03-10 17:30:42,647 - main - WARNING - Failed to import module 'routers.resources': routers.resources
Traceback (most recent call last):
  File "C:\Users\Lenovo 10GEN\Desktop\paudc_site\backend\main.py", line 111, in include_routers_from_package
    module = importlib.import_module(module_name)
  File "C:\Program Files\WindowsApps\PythonSoftwareFoundation.Python.3.13_3.13.3312.0_x64__qbz5n2kfra8p0\Lib\importlib\__init__.py", line 88, in import_module
    return _bootstrap._gcd_import(name[level:], package, level)
           ~~~~~~~~~~~~~~~~~~~~~~^^^^^^^^^^^^^^^^^^^^^^^^^^^^^^
  File "<frozen importlib._bootstrap>", line 1387, in _gcd_import
  File "<frozen importlib._bootstrap>", line 1360, in _find_and_load
  File "<frozen importlib._bootstrap>", line 1331, in _find_and_load_unlocked
  File "<frozen importlib._bootstrap>", line 935, in _load_unlocked
  File "<frozen importlib._bootstrap_external>", line 1023, in exec_module
  File "<frozen importlib._bootstrap>", line 488, in _call_with_frames_removed
  File "C:\Users\Lenovo 10GEN\Desktop\paudc_site\backend\routers\resources.py", line 10, in <module>
    from services.resources import ResourcesService
ModuleNotFoundError: No module named 'services.resources'
2026-03-10 17:30:42,667 - main - INFO - Included router from routers.schedules
2026-03-10 17:30:42,681 - main - INFO - Included router from routers.settings
2026-03-10 17:30:42,698 - main - INFO - Included router from routers.storage
2026-03-10 17:30:42,707 - main - INFO - Included router from routers.user
2026-03-10 17:30:42,707 - main - INFO - Total routers discovered and included: 18
2026-03-10 17:30:42,709 - main - INFO - === Application startup initiated ===
2026-03-10 17:30:42,709 - core.database - INFO - Starting database initialization...
2026-03-10 17:30:42,709 - core.database - INFO - Using QueuePool with connection pooling for non-lambda environment
2026-03-10 17:30:42,730 - core.database - INFO - Database engine created successfully
2026-03-10 17:30:42,730 - core.database - INFO - Database connection created successfully
2026-03-10 17:30:42,730 - core.database - INFO - Starting table creation...
2026-03-10 17:30:42,730 - core.database - INFO - Starting table creation...
2026-03-10 17:30:42,749 - core.database - INFO - Tables initialized successfully
2026-03-10 17:30:42,749 - core.database - INFO - Checking for structural repairs in existing tables...
2026-03-10 17:30:42,784 - core.database - INFO - Table structure repair completed in 0.0349s
2026-03-10 17:30:42,794 - services.mock_data - ERROR - Error loading mock data from resources.json: Could not reflect: requested table(s) not available in Engine(sqlite+aiosqlite:///./paudc.db): (resources)
2026-03-10 17:30:42,841 - main - INFO - === Application startup completed successfully ===
2026-03-10 17:31:01,961 - main - INFO - === Application shutdown initiated ===
2026-03-10 17:31:01,961 - core.database - INFO - Closing database connection...
2026-03-10 17:31:01,965 - core.database - INFO - Database connection closed and engine disposed
2026-03-10 17:31:01,965 - main - INFO - === Application shutdown completed successfully ===
