2026-03-12 13:05:25,242 - main - INFO - === Logging system initialized ===
2026-03-12 13:05:25,242 - main - INFO - Log file: logs\app_20260312_130525.log
2026-03-12 13:05:25,243 - main - INFO - Environment: dev
2026-03-12 13:05:25,243 - main - INFO - Timestamp: 20260312_130525
2026-03-12 13:05:25,255 - main - INFO - Included router from routers.aihub
2026-03-12 13:05:25,395 - main - INFO - Included router from routers.auth
2026-03-12 13:05:25,396 - main - INFO - Included router from routers.config
2026-03-12 13:05:25,413 - main - INFO - Included router from routers.content_pages
2026-03-12 13:05:25,429 - main - INFO - Included router from routers.course_materials
2026-03-12 13:05:25,443 - main - INFO - Included router from routers.course_modules
2026-03-12 13:05:25,460 - main - INFO - Included router from routers.courses
2026-03-12 13:05:25,473 - main - INFO - Included router from routers.enrollments
2026-03-12 13:05:25,490 - main - INFO - Included router from routers.faqs
2026-03-12 13:05:25,491 - main - INFO - Included router from routers.health
2026-03-12 13:05:25,510 - main - INFO - Included router from routers.notifications
2026-03-12 13:05:25,524 - main - INFO - Included router from routers.progress_tracking
2026-03-12 13:05:25,534 - main - INFO - Included router from routers.quiz_attempts
2026-03-12 13:05:25,544 - main - INFO - Included router from routers.quiz_questions
2026-03-12 13:05:25,554 - main - INFO - Included router from routers.quizzes
2026-03-12 13:05:25,577 - main - INFO - Included router from routers.registrations
2026-03-12 13:05:25,596 - main - INFO - Included router from routers.resources
2026-03-12 13:05:25,612 - main - INFO - Included router from routers.schedules
2026-03-12 13:05:25,622 - main - INFO - Included router from routers.settings
2026-03-12 13:05:25,635 - main - INFO - Included router from routers.storage
2026-03-12 13:05:25,643 - main - INFO - Included router from routers.user
2026-03-12 13:05:25,643 - main - INFO - Total routers discovered and included: 21
2026-03-12 13:05:25,644 - main - INFO - === Application startup initiated ===
2026-03-12 13:05:25,644 - core.database - INFO - Starting database initialization...
2026-03-12 13:05:25,645 - core.database - INFO - Using QueuePool with connection pooling for non-lambda environment
2026-03-12 13:05:25,663 - core.database - INFO - Database engine created successfully
2026-03-12 13:05:25,663 - core.database - INFO - Database connection created successfully
2026-03-12 13:05:25,663 - core.database - INFO - Starting table creation...
2026-03-12 13:05:25,664 - core.database - INFO - Starting table creation...
2026-03-12 13:05:25,678 - core.database - INFO - Tables initialized successfully
2026-03-12 13:05:25,678 - core.database - INFO - Checking for structural repairs in existing tables...
2026-03-12 13:05:25,709 - core.database - INFO - Table structure repair completed in 0.0308s
2026-03-12 13:05:25,778 - main - INFO - === Application startup completed successfully ===
2026-03-12 13:05:44,770 - routers.auth - INFO - Initiating OIDC login with redirect_uri: http://localhost:8000/api/v1/auth/callback
2026-03-12 13:05:52,024 - httpx - INFO - HTTP Request: POST https://dev-dhw78f2cx2ws2hnn.us.auth0.com/oauth/token "HTTP/1.1 200 OK"
2026-03-12 13:05:52,928 - httpx - INFO - HTTP Request: GET https://dev-dhw78f2cx2ws2hnn.us.auth0.com/.well-known/jwks.json "HTTP/1.1 200 OK"
2026-03-12 13:05:52,929 - core.auth - INFO - Successfully fetched JWKS with 2 keys
2026-03-12 13:05:52,933 - core.auth - INFO - ID token successfully validated for user hash: f5529618
2026-03-12 13:07:14,016 - main - INFO - === Application shutdown initiated ===
2026-03-12 13:07:14,017 - core.database - INFO - Closing database connection...
2026-03-12 13:07:14,019 - core.database - INFO - Database connection closed and engine disposed
2026-03-12 13:07:14,019 - main - INFO - === Application shutdown completed successfully ===
