2026-03-12 11:44:03,650 - main - INFO - === Logging system initialized ===
2026-03-12 11:44:03,651 - main - INFO - Log file: logs\app_20260312_114403.log
2026-03-12 11:44:03,651 - main - INFO - Environment: dev
2026-03-12 11:44:03,651 - main - INFO - Timestamp: 20260312_114403
2026-03-12 11:44:03,665 - main - INFO - Included router from routers.aihub
2026-03-12 11:44:03,806 - main - INFO - Included router from routers.auth
2026-03-12 11:44:03,807 - main - INFO - Included router from routers.config
2026-03-12 11:44:03,828 - main - INFO - Included router from routers.content_pages
2026-03-12 11:44:03,844 - main - INFO - Included router from routers.course_materials
2026-03-12 11:44:03,861 - main - INFO - Included router from routers.course_modules
2026-03-12 11:44:03,881 - main - INFO - Included router from routers.courses
2026-03-12 11:44:03,894 - main - INFO - Included router from routers.enrollments
2026-03-12 11:44:03,910 - main - INFO - Included router from routers.faqs
2026-03-12 11:44:03,911 - main - INFO - Included router from routers.health
2026-03-12 11:44:03,933 - main - INFO - Included router from routers.notifications
2026-03-12 11:44:03,948 - main - INFO - Included router from routers.progress_tracking
2026-03-12 11:44:03,960 - main - INFO - Included router from routers.quiz_attempts
2026-03-12 11:44:03,971 - main - INFO - Included router from routers.quiz_questions
2026-03-12 11:44:03,983 - main - INFO - Included router from routers.quizzes
2026-03-12 11:44:04,007 - main - INFO - Included router from routers.registrations
2026-03-12 11:44:04,024 - main - INFO - Included router from routers.resources
2026-03-12 11:44:04,041 - main - INFO - Included router from routers.schedules
2026-03-12 11:44:04,055 - main - INFO - Included router from routers.settings
2026-03-12 11:44:04,074 - main - INFO - Included router from routers.storage
2026-03-12 11:44:04,078 - main - INFO - Included router from routers.user
2026-03-12 11:44:04,078 - main - INFO - Total routers discovered and included: 21
2026-03-12 11:44:04,082 - main - INFO - === Application startup initiated ===
2026-03-12 11:44:04,082 - core.database - INFO - Starting database initialization...
2026-03-12 11:44:04,082 - core.database - INFO - Using QueuePool with connection pooling for non-lambda environment
2026-03-12 11:44:04,102 - core.database - INFO - Database engine created successfully
2026-03-12 11:44:04,103 - core.database - INFO - Database connection created successfully
2026-03-12 11:44:04,103 - core.database - INFO - Starting table creation...
2026-03-12 11:44:04,103 - core.database - INFO - Starting table creation...
2026-03-12 11:44:04,121 - core.database - INFO - Tables initialized successfully
2026-03-12 11:44:04,121 - core.database - INFO - Checking for structural repairs in existing tables...
2026-03-12 11:44:04,153 - core.database - INFO - Table structure repair completed in 0.0318s
2026-03-12 11:44:04,235 - main - INFO - === Application startup completed successfully ===
2026-03-12 11:44:06,931 - main - INFO - === Application shutdown initiated ===
2026-03-12 11:44:06,931 - core.database - INFO - Closing database connection...
2026-03-12 11:44:06,933 - core.database - INFO - Database connection closed and engine disposed
2026-03-12 11:44:06,934 - main - INFO - === Application shutdown completed successfully ===
