2026-03-12 11:43:44,321 - main - INFO - === Logging system initialized ===
2026-03-12 11:43:44,321 - main - INFO - Log file: logs\app_20260312_114344.log
2026-03-12 11:43:44,322 - main - INFO - Environment: dev
2026-03-12 11:43:44,322 - main - INFO - Timestamp: 20260312_114344
2026-03-12 11:43:44,335 - main - INFO - Included router from routers.aihub
2026-03-12 11:43:44,493 - main - INFO - Included router from routers.auth
2026-03-12 11:43:44,494 - main - INFO - Included router from routers.config
2026-03-12 11:43:44,513 - main - INFO - Included router from routers.content_pages
2026-03-12 11:43:44,533 - main - INFO - Included router from routers.course_materials
2026-03-12 11:43:44,550 - main - INFO - Included router from routers.course_modules
2026-03-12 11:43:44,576 - main - INFO - Included router from routers.courses
2026-03-12 11:43:44,593 - main - INFO - Included router from routers.enrollments
2026-03-12 11:43:44,611 - main - INFO - Included router from routers.faqs
2026-03-12 11:43:44,612 - main - INFO - Included router from routers.health
2026-03-12 11:43:44,637 - main - INFO - Included router from routers.notifications
2026-03-12 11:43:44,651 - main - INFO - Included router from routers.progress_tracking
2026-03-12 11:43:44,666 - main - INFO - Included router from routers.quiz_attempts
2026-03-12 11:43:44,676 - main - INFO - Included router from routers.quiz_questions
2026-03-12 11:43:44,690 - main - INFO - Included router from routers.quizzes
2026-03-12 11:43:44,715 - main - INFO - Included router from routers.registrations
2026-03-12 11:43:44,731 - main - INFO - Included router from routers.resources
2026-03-12 11:43:44,748 - main - INFO - Included router from routers.schedules
2026-03-12 11:43:44,759 - main - INFO - Included router from routers.settings
2026-03-12 11:43:44,775 - main - INFO - Included router from routers.storage
2026-03-12 11:43:44,780 - main - INFO - Included router from routers.user
2026-03-12 11:43:44,780 - main - INFO - Total routers discovered and included: 21
2026-03-12 11:43:44,781 - main - INFO - === Application startup initiated ===
2026-03-12 11:43:44,781 - core.database - INFO - Starting database initialization...
2026-03-12 11:43:44,782 - core.database - INFO - Using QueuePool with connection pooling for non-lambda environment
2026-03-12 11:43:44,803 - core.database - INFO - Database engine created successfully
2026-03-12 11:43:44,804 - core.database - INFO - Database connection created successfully
2026-03-12 11:43:44,805 - core.database - INFO - Starting table creation...
2026-03-12 11:43:44,805 - core.database - INFO - Starting table creation...
2026-03-12 11:43:44,827 - core.database - INFO - Tables initialized successfully
2026-03-12 11:43:44,827 - core.database - INFO - Checking for structural repairs in existing tables...
2026-03-12 11:43:44,859 - core.database - INFO - Table structure repair completed in 0.0312s
2026-03-12 11:43:45,008 - main - INFO - === Application startup completed successfully ===
2026-03-12 11:44:02,413 - main - INFO - === Application shutdown initiated ===
2026-03-12 11:44:02,413 - core.database - INFO - Closing database connection...
2026-03-12 11:44:02,417 - core.database - INFO - Database connection closed and engine disposed
2026-03-12 11:44:02,418 - main - INFO - === Application shutdown completed successfully ===
