2026-03-12 13:26:12,400 - main - INFO - === Logging system initialized ===
2026-03-12 13:26:12,400 - main - INFO - Log file: logs\app_20260312_132612.log
2026-03-12 13:26:12,401 - main - INFO - Environment: dev
2026-03-12 13:26:12,401 - main - INFO - Timestamp: 20260312_132612
2026-03-12 13:26:12,419 - main - INFO - Included router from routers.aihub
2026-03-12 13:26:12,588 - main - INFO - Included router from routers.auth
2026-03-12 13:26:12,589 - main - INFO - Included router from routers.config
2026-03-12 13:26:12,607 - main - INFO - Included router from routers.content_pages
2026-03-12 13:26:12,623 - main - INFO - Included router from routers.course_materials
2026-03-12 13:26:12,639 - main - INFO - Included router from routers.course_modules
2026-03-12 13:26:12,656 - main - INFO - Included router from routers.courses
2026-03-12 13:26:12,670 - main - INFO - Included router from routers.enrollments
2026-03-12 13:26:12,686 - main - INFO - Included router from routers.faqs
2026-03-12 13:26:12,687 - main - INFO - Included router from routers.health
2026-03-12 13:26:12,705 - main - INFO - Included router from routers.notifications
2026-03-12 13:26:12,721 - main - INFO - Included router from routers.progress_tracking
2026-03-12 13:26:12,734 - main - INFO - Included router from routers.quiz_attempts
2026-03-12 13:26:12,742 - main - INFO - Included router from routers.quiz_questions
2026-03-12 13:26:12,754 - main - INFO - Included router from routers.quizzes
2026-03-12 13:26:12,775 - main - INFO - Included router from routers.registrations
2026-03-12 13:26:12,801 - main - INFO - Included router from routers.resources
2026-03-12 13:26:12,823 - main - INFO - Included router from routers.schedules
2026-03-12 13:26:12,837 - main - INFO - Included router from routers.settings
2026-03-12 13:26:12,852 - main - INFO - Included router from routers.storage
2026-03-12 13:26:12,857 - main - INFO - Included router from routers.user
2026-03-12 13:26:12,857 - main - INFO - Total routers discovered and included: 21
2026-03-12 13:26:12,858 - main - INFO - === Application startup initiated ===
2026-03-12 13:26:12,859 - core.database - INFO - Starting database initialization...
2026-03-12 13:26:12,859 - core.database - INFO - Using QueuePool with connection pooling for non-lambda environment
2026-03-12 13:26:12,883 - core.database - INFO - Database engine created successfully
2026-03-12 13:26:12,884 - core.database - INFO - Database connection created successfully
2026-03-12 13:26:12,884 - core.database - INFO - Starting table creation...
2026-03-12 13:26:12,884 - core.database - INFO - Starting table creation...
2026-03-12 13:26:12,902 - core.database - INFO - Tables initialized successfully
2026-03-12 13:26:12,903 - core.database - INFO - Checking for structural repairs in existing tables...
2026-03-12 13:26:12,933 - core.database - INFO - Table structure repair completed in 0.0306s
2026-03-12 13:26:13,080 - main - INFO - === Application startup completed successfully ===
2026-03-12 13:26:21,738 - main - INFO - === Application shutdown initiated ===
2026-03-12 13:26:21,739 - core.database - INFO - Closing database connection...
2026-03-12 13:26:21,741 - core.database - INFO - Database connection closed and engine disposed
2026-03-12 13:26:21,742 - main - INFO - === Application shutdown completed successfully ===
