2026-03-12 13:07:27,383 - main - INFO - === Logging system initialized ===
2026-03-12 13:07:27,383 - main - INFO - Log file: logs\app_20260312_130727.log
2026-03-12 13:07:27,383 - main - INFO - Environment: dev
2026-03-12 13:07:27,384 - main - INFO - Timestamp: 20260312_130727
2026-03-12 13:07:27,399 - main - INFO - Included router from routers.aihub
2026-03-12 13:07:27,543 - main - INFO - Included router from routers.auth
2026-03-12 13:07:27,544 - main - INFO - Included router from routers.config
2026-03-12 13:07:27,566 - main - INFO - Included router from routers.content_pages
2026-03-12 13:07:27,583 - main - INFO - Included router from routers.course_materials
2026-03-12 13:07:27,601 - main - INFO - Included router from routers.course_modules
2026-03-12 13:07:27,619 - main - INFO - Included router from routers.courses
2026-03-12 13:07:27,634 - main - INFO - Included router from routers.enrollments
2026-03-12 13:07:27,653 - main - INFO - Included router from routers.faqs
2026-03-12 13:07:27,654 - main - INFO - Included router from routers.health
2026-03-12 13:07:27,672 - main - INFO - Included router from routers.notifications
2026-03-12 13:07:27,689 - main - INFO - Included router from routers.progress_tracking
2026-03-12 13:07:27,702 - main - INFO - Included router from routers.quiz_attempts
2026-03-12 13:07:27,711 - main - INFO - Included router from routers.quiz_questions
2026-03-12 13:07:27,724 - main - INFO - Included router from routers.quizzes
2026-03-12 13:07:27,752 - main - INFO - Included router from routers.registrations
2026-03-12 13:07:27,768 - main - INFO - Included router from routers.resources
2026-03-12 13:07:27,786 - main - INFO - Included router from routers.schedules
2026-03-12 13:07:27,797 - main - INFO - Included router from routers.settings
2026-03-12 13:07:27,816 - main - INFO - Included router from routers.storage
2026-03-12 13:07:27,821 - main - INFO - Included router from routers.user
2026-03-12 13:07:27,821 - main - INFO - Total routers discovered and included: 21
2026-03-12 13:07:27,822 - main - INFO - === Application startup initiated ===
2026-03-12 13:07:27,823 - core.database - INFO - Starting database initialization...
2026-03-12 13:07:27,823 - core.database - INFO - Using QueuePool with connection pooling for non-lambda environment
2026-03-12 13:07:27,842 - core.database - INFO - Database engine created successfully
2026-03-12 13:07:27,842 - core.database - INFO - Database connection created successfully
2026-03-12 13:07:27,843 - core.database - INFO - Starting table creation...
2026-03-12 13:07:27,843 - core.database - INFO - Starting table creation...
2026-03-12 13:07:27,865 - core.database - INFO - Tables initialized successfully
2026-03-12 13:07:27,867 - core.database - INFO - Checking for structural repairs in existing tables...
2026-03-12 13:07:27,914 - core.database - INFO - Table structure repair completed in 0.0470s
2026-03-12 13:07:28,075 - main - INFO - === Application startup completed successfully ===
2026-03-12 13:07:36,386 - routers.auth - INFO - Initiating OIDC login with redirect_uri: http://localhost:8000/api/v1/auth/callback
2026-03-12 13:07:43,603 - httpx - INFO - HTTP Request: POST https://dev-dhw78f2cx2ws2hnn.us.auth0.com/oauth/token "HTTP/1.1 200 OK"
2026-03-12 13:07:44,427 - httpx - INFO - HTTP Request: GET https://dev-dhw78f2cx2ws2hnn.us.auth0.com/.well-known/jwks.json "HTTP/1.1 200 OK"
2026-03-12 13:07:44,428 - core.auth - INFO - Successfully fetched JWKS with 2 keys
2026-03-12 13:07:44,432 - core.auth - INFO - ID token successfully validated for user hash: f5529618
2026-03-12 13:07:47,469 - httpx - INFO - HTTP Request: GET https://dev-dhw78f2cx2ws2hnn.us.auth0.com/userinfo "HTTP/1.1 200 OK"
2026-03-12 13:07:47,560 - httpx - INFO - HTTP Request: GET https://dev-dhw78f2cx2ws2hnn.us.auth0.com/userinfo "HTTP/1.1 200 OK"
2026-03-12 13:07:47,735 - core.auth - WARNING - Authentication token validation failed: JWTError
2026-03-12 13:07:47,735 - dependencies.auth - WARNING - Token validation failed: IDTokenValidationError
2026-03-12 13:07:47,737 - core.auth - WARNING - Authentication token validation failed: JWTError
2026-03-12 13:07:47,739 - dependencies.auth - WARNING - Token validation failed: IDTokenValidationError
2026-03-12 13:07:59,504 - core.auth - WARNING - Authentication token validation failed: JWTError
2026-03-12 13:07:59,505 - dependencies.auth - WARNING - Token validation failed: IDTokenValidationError
2026-03-12 13:07:59,507 - core.auth - WARNING - Authentication token validation failed: JWTError
2026-03-12 13:07:59,508 - dependencies.auth - WARNING - Token validation failed: IDTokenValidationError
2026-03-12 13:07:59,510 - core.auth - WARNING - Authentication token validation failed: JWTError
2026-03-12 13:07:59,510 - dependencies.auth - WARNING - Token validation failed: IDTokenValidationError
2026-03-12 13:07:59,513 - core.auth - WARNING - Authentication token validation failed: JWTError
2026-03-12 13:07:59,514 - dependencies.auth - WARNING - Token validation failed: IDTokenValidationError
2026-03-12 13:08:02,029 - core.auth - WARNING - Authentication token validation failed: JWTError
2026-03-12 13:08:02,030 - dependencies.auth - WARNING - Token validation failed: IDTokenValidationError
2026-03-12 13:08:02,033 - core.auth - WARNING - Authentication token validation failed: JWTError
2026-03-12 13:08:02,033 - dependencies.auth - WARNING - Token validation failed: IDTokenValidationError
2026-03-12 13:18:10,361 - core.auth - WARNING - Authentication token validation failed: JWTError
2026-03-12 13:18:10,361 - dependencies.auth - WARNING - Token validation failed: IDTokenValidationError
2026-03-12 13:18:10,364 - core.auth - WARNING - Authentication token validation failed: JWTError
2026-03-12 13:18:10,364 - dependencies.auth - WARNING - Token validation failed: IDTokenValidationError
2026-03-12 13:18:10,366 - core.auth - WARNING - Authentication token validation failed: JWTError
2026-03-12 13:18:10,366 - dependencies.auth - WARNING - Token validation failed: IDTokenValidationError
2026-03-12 13:18:10,368 - core.auth - WARNING - Authentication token validation failed: JWTError
2026-03-12 13:18:10,368 - dependencies.auth - WARNING - Token validation failed: IDTokenValidationError
2026-03-12 13:19:01,066 - core.auth - WARNING - Authentication token validation failed: JWTError
2026-03-12 13:19:01,067 - dependencies.auth - WARNING - Token validation failed: IDTokenValidationError
2026-03-12 13:19:01,069 - core.auth - WARNING - Authentication token validation failed: JWTError
2026-03-12 13:19:01,069 - dependencies.auth - WARNING - Token validation failed: IDTokenValidationError
2026-03-12 13:19:01,071 - core.auth - WARNING - Authentication token validation failed: JWTError
2026-03-12 13:19:01,072 - dependencies.auth - WARNING - Token validation failed: IDTokenValidationError
2026-03-12 13:19:01,078 - core.auth - WARNING - Authentication token validation failed: JWTError
2026-03-12 13:19:01,078 - dependencies.auth - WARNING - Token validation failed: IDTokenValidationError
2026-03-12 13:19:04,985 - core.auth - WARNING - Authentication token validation failed: JWTError
2026-03-12 13:19:04,986 - dependencies.auth - WARNING - Token validation failed: IDTokenValidationError
2026-03-12 13:19:04,989 - core.auth - WARNING - Authentication token validation failed: JWTError
2026-03-12 13:19:04,989 - dependencies.auth - WARNING - Token validation failed: IDTokenValidationError
2026-03-12 13:19:04,993 - core.auth - WARNING - Authentication token validation failed: JWTError
2026-03-12 13:19:04,993 - dependencies.auth - WARNING - Token validation failed: IDTokenValidationError
2026-03-12 13:19:04,995 - core.auth - WARNING - Authentication token validation failed: JWTError
2026-03-12 13:19:04,995 - dependencies.auth - WARNING - Token validation failed: IDTokenValidationError
2026-03-12 13:19:06,204 - core.auth - WARNING - Authentication token validation failed: JWTError
2026-03-12 13:19:06,204 - dependencies.auth - WARNING - Token validation failed: IDTokenValidationError
2026-03-12 13:19:06,211 - core.auth - WARNING - Authentication token validation failed: JWTError
2026-03-12 13:19:06,212 - dependencies.auth - WARNING - Token validation failed: IDTokenValidationError
2026-03-12 13:19:07,484 - core.auth - WARNING - Authentication token validation failed: JWTError
2026-03-12 13:19:07,485 - dependencies.auth - WARNING - Token validation failed: IDTokenValidationError
2026-03-12 13:19:07,487 - core.auth - WARNING - Authentication token validation failed: JWTError
2026-03-12 13:19:07,487 - dependencies.auth - WARNING - Token validation failed: IDTokenValidationError
2026-03-12 13:19:09,048 - core.auth - WARNING - Authentication token validation failed: JWTError
2026-03-12 13:19:09,049 - dependencies.auth - WARNING - Token validation failed: IDTokenValidationError
2026-03-12 13:19:09,051 - core.auth - WARNING - Authentication token validation failed: JWTError
2026-03-12 13:19:09,052 - dependencies.auth - WARNING - Token validation failed: IDTokenValidationError
2026-03-12 13:19:27,337 - core.auth - WARNING - Authentication token validation failed: JWTError
2026-03-12 13:19:27,338 - dependencies.auth - WARNING - Token validation failed: IDTokenValidationError
2026-03-12 13:19:27,340 - core.auth - WARNING - Authentication token validation failed: JWTError
2026-03-12 13:19:27,340 - dependencies.auth - WARNING - Token validation failed: IDTokenValidationError
2026-03-12 13:19:27,343 - core.auth - WARNING - Authentication token validation failed: JWTError
2026-03-12 13:19:27,343 - dependencies.auth - WARNING - Token validation failed: IDTokenValidationError
2026-03-12 13:19:27,346 - core.auth - WARNING - Authentication token validation failed: JWTError
2026-03-12 13:19:27,346 - dependencies.auth - WARNING - Token validation failed: IDTokenValidationError
2026-03-12 13:19:29,246 - routers.auth - INFO - Initiating OIDC login with redirect_uri: http://localhost:8000/api/v1/auth/callback
2026-03-12 13:19:33,972 - httpx - INFO - HTTP Request: POST https://dev-dhw78f2cx2ws2hnn.us.auth0.com/oauth/token "HTTP/1.1 200 OK"
2026-03-12 13:19:34,901 - httpx - INFO - HTTP Request: GET https://dev-dhw78f2cx2ws2hnn.us.auth0.com/.well-known/jwks.json "HTTP/1.1 200 OK"
2026-03-12 13:19:34,903 - core.auth - INFO - Successfully fetched JWKS with 2 keys
2026-03-12 13:19:34,904 - core.auth - INFO - ID token successfully validated for user hash: f5529618
2026-03-12 13:19:35,287 - core.auth - WARNING - Authentication token validation failed: JWTError
2026-03-12 13:19:35,288 - dependencies.auth - WARNING - Token validation failed: IDTokenValidationError
2026-03-12 13:19:35,815 - core.auth - WARNING - Authentication token validation failed: JWTError
2026-03-12 13:19:35,816 - dependencies.auth - WARNING - Token validation failed: IDTokenValidationError
2026-03-12 13:19:36,564 - httpx - INFO - HTTP Request: GET https://dev-dhw78f2cx2ws2hnn.us.auth0.com/userinfo "HTTP/1.1 200 OK"
2026-03-12 13:19:36,569 - httpx - INFO - HTTP Request: GET https://dev-dhw78f2cx2ws2hnn.us.auth0.com/userinfo "HTTP/1.1 200 OK"
2026-03-12 13:19:36,791 - core.auth - WARNING - Authentication token validation failed: JWTError
2026-03-12 13:19:36,791 - dependencies.auth - WARNING - Token validation failed: IDTokenValidationError
2026-03-12 13:19:36,793 - core.auth - WARNING - Authentication token validation failed: JWTError
2026-03-12 13:19:36,794 - dependencies.auth - WARNING - Token validation failed: IDTokenValidationError
2026-03-12 13:19:37,117 - core.auth - WARNING - Authentication token validation failed: JWTError
2026-03-12 13:19:37,118 - dependencies.auth - WARNING - Token validation failed: IDTokenValidationError
2026-03-12 13:19:37,120 - core.auth - WARNING - Authentication token validation failed: JWTError
2026-03-12 13:19:37,120 - dependencies.auth - WARNING - Token validation failed: IDTokenValidationError
2026-03-12 13:19:37,122 - core.auth - WARNING - Authentication token validation failed: JWTError
2026-03-12 13:19:37,122 - dependencies.auth - WARNING - Token validation failed: IDTokenValidationError
2026-03-12 13:19:37,124 - core.auth - WARNING - Authentication token validation failed: JWTError
2026-03-12 13:19:37,125 - dependencies.auth - WARNING - Token validation failed: IDTokenValidationError
2026-03-12 13:19:43,058 - routers.auth - INFO - Initiating OIDC login with redirect_uri: http://localhost:8000/api/v1/auth/callback
2026-03-12 13:19:48,702 - httpx - INFO - HTTP Request: POST https://dev-dhw78f2cx2ws2hnn.us.auth0.com/oauth/token "HTTP/1.1 200 OK"
2026-03-12 13:19:49,480 - httpx - INFO - HTTP Request: GET https://dev-dhw78f2cx2ws2hnn.us.auth0.com/.well-known/jwks.json "HTTP/1.1 200 OK"
2026-03-12 13:19:49,481 - core.auth - INFO - Successfully fetched JWKS with 2 keys
2026-03-12 13:19:49,482 - core.auth - INFO - ID token successfully validated for user hash: f5529618
2026-03-12 13:19:50,476 - core.auth - WARNING - Authentication token validation failed: JWTError
2026-03-12 13:19:50,476 - dependencies.auth - WARNING - Token validation failed: IDTokenValidationError
2026-03-12 13:19:50,479 - core.auth - WARNING - Authentication token validation failed: JWTError
2026-03-12 13:19:50,479 - dependencies.auth - WARNING - Token validation failed: IDTokenValidationError
2026-03-12 13:19:51,126 - httpx - INFO - HTTP Request: GET https://dev-dhw78f2cx2ws2hnn.us.auth0.com/userinfo "HTTP/1.1 200 OK"
2026-03-12 13:19:51,148 - httpx - INFO - HTTP Request: GET https://dev-dhw78f2cx2ws2hnn.us.auth0.com/userinfo "HTTP/1.1 200 OK"
2026-03-12 13:19:51,371 - core.auth - WARNING - Authentication token validation failed: JWTError
2026-03-12 13:19:51,371 - dependencies.auth - WARNING - Token validation failed: IDTokenValidationError
2026-03-12 13:19:51,374 - core.auth - WARNING - Authentication token validation failed: JWTError
2026-03-12 13:19:51,374 - dependencies.auth - WARNING - Token validation failed: IDTokenValidationError
2026-03-12 13:19:51,651 - core.auth - WARNING - Authentication token validation failed: JWTError
2026-03-12 13:19:51,651 - dependencies.auth - WARNING - Token validation failed: IDTokenValidationError
2026-03-12 13:19:51,653 - core.auth - WARNING - Authentication token validation failed: JWTError
2026-03-12 13:19:51,654 - dependencies.auth - WARNING - Token validation failed: IDTokenValidationError
2026-03-12 13:19:51,660 - core.auth - WARNING - Authentication token validation failed: JWTError
2026-03-12 13:19:51,661 - dependencies.auth - WARNING - Token validation failed: IDTokenValidationError
2026-03-12 13:19:51,664 - core.auth - WARNING - Authentication token validation failed: JWTError
2026-03-12 13:19:51,664 - dependencies.auth - WARNING - Token validation failed: IDTokenValidationError
2026-03-12 13:20:32,843 - main - INFO - === Application shutdown initiated ===
2026-03-12 13:20:32,843 - core.database - INFO - Closing database connection...
2026-03-12 13:20:32,846 - core.database - INFO - Database connection closed and engine disposed
2026-03-12 13:20:32,846 - main - INFO - === Application shutdown completed successfully ===
