2026-03-12 11:46:55,901 - main - INFO - === Logging system initialized ===
2026-03-12 11:46:55,902 - main - INFO - Log file: logs\app_20260312_114655.log
2026-03-12 11:46:55,902 - main - INFO - Environment: dev
2026-03-12 11:46:55,902 - main - INFO - Timestamp: 20260312_114655
2026-03-12 11:46:55,917 - main - INFO - Included router from routers.aihub
2026-03-12 11:46:56,050 - main - INFO - Included router from routers.auth
2026-03-12 11:46:56,051 - main - INFO - Included router from routers.config
2026-03-12 11:46:56,070 - main - INFO - Included router from routers.content_pages
2026-03-12 11:46:56,086 - main - INFO - Included router from routers.course_materials
2026-03-12 11:46:56,112 - main - INFO - Included router from routers.course_modules
2026-03-12 11:46:56,129 - main - INFO - Included router from routers.courses
2026-03-12 11:46:56,143 - main - INFO - Included router from routers.enrollments
2026-03-12 11:46:56,160 - main - INFO - Included router from routers.faqs
2026-03-12 11:46:56,161 - main - INFO - Included router from routers.health
2026-03-12 11:46:56,178 - main - INFO - Included router from routers.notifications
2026-03-12 11:46:56,194 - main - INFO - Included router from routers.progress_tracking
2026-03-12 11:46:56,208 - main - INFO - Included router from routers.quiz_attempts
2026-03-12 11:46:56,216 - main - INFO - Included router from routers.quiz_questions
2026-03-12 11:46:56,228 - main - INFO - Included router from routers.quizzes
2026-03-12 11:46:56,250 - main - INFO - Included router from routers.registrations
2026-03-12 11:46:56,267 - main - INFO - Included router from routers.resources
2026-03-12 11:46:56,284 - main - INFO - Included router from routers.schedules
2026-03-12 11:46:56,295 - main - INFO - Included router from routers.settings
2026-03-12 11:46:56,317 - main - INFO - Included router from routers.storage
2026-03-12 11:46:56,362 - main - INFO - Included router from routers.user
2026-03-12 11:46:56,375 - main - INFO - Total routers discovered and included: 21
2026-03-12 11:46:56,377 - main - INFO - === Application startup initiated ===
2026-03-12 11:46:56,378 - core.database - INFO - Starting database initialization...
2026-03-12 11:46:56,378 - core.database - INFO - Using QueuePool with connection pooling for non-lambda environment
2026-03-12 11:46:56,416 - core.database - INFO - Database engine created successfully
2026-03-12 11:46:56,416 - core.database - INFO - Database connection created successfully
2026-03-12 11:46:56,416 - core.database - INFO - Starting table creation...
2026-03-12 11:46:56,416 - core.database - INFO - Starting table creation...
2026-03-12 11:46:56,445 - core.database - INFO - Tables initialized successfully
2026-03-12 11:46:56,445 - core.database - INFO - Checking for structural repairs in existing tables...
2026-03-12 11:46:56,499 - core.database - INFO - Table structure repair completed in 0.0542s
2026-03-12 11:46:56,722 - main - INFO - === Application startup completed successfully ===
2026-03-12 11:47:17,081 - main - INFO - === Application shutdown initiated ===
2026-03-12 11:47:17,082 - core.database - INFO - Closing database connection...
2026-03-12 11:47:17,083 - core.database - INFO - Database connection closed and engine disposed
2026-03-12 11:47:17,084 - main - INFO - === Application shutdown completed successfully ===
