2026-03-10 17:09:40,766 - main - INFO - === Logging system initialized ===
2026-03-10 17:09:40,766 - main - INFO - Log file: logs\app_20260310_170940.log
2026-03-10 17:09:40,767 - main - INFO - Environment: dev
2026-03-10 17:09:40,767 - main - INFO - Timestamp: 20260310_170940
2026-03-10 17:09:40,962 - main - WARNING - Failed to import module 'routers.aihub': routers.aihub
Traceback (most recent call last):
  File "C:\Users\Lenovo 10GEN\Desktop\paudc_site\backend\main.py", line 111, in include_routers_from_package
    module = importlib.import_module(module_name)
  File "C:\Program Files\WindowsApps\PythonSoftwareFoundation.Python.3.13_3.13.3312.0_x64__qbz5n2kfra8p0\Lib\importlib\__init__.py", line 88, in import_module
    return _bootstrap._gcd_import(name[level:], package, level)
           ~~~~~~~~~~~~~~~~~~~~~~^^^^^^^^^^^^^^^^^^^^^^^^^^^^^^
  File "<frozen importlib._bootstrap>", line 1387, in _gcd_import
  File "<frozen importlib._bootstrap>", line 1360, in _find_and_load
  File "<frozen importlib._bootstrap>", line 1331, in _find_and_load_unlocked
  File "<frozen importlib._bootstrap>", line 935, in _load_unlocked
  File "<frozen importlib._bootstrap_external>", line 1023, in exec_module
  File "<frozen importlib._bootstrap>", line 488, in _call_with_frames_removed
  File "C:\Users\Lenovo 10GEN\Desktop\paudc_site\backend\routers\aihub.py", line 9, in <module>
    from services.aihub import generate_image, generate_text
ImportError: cannot import name 'generate_image' from 'services.aihub' (C:\Users\Lenovo 10GEN\Desktop\paudc_site\backend\services\aihub.py)
2026-03-10 17:09:41,035 - main - INFO - Included router from routers.auth
2026-03-10 17:09:41,052 - main - INFO - Included router from routers.content_pages
2026-03-10 17:09:41,067 - main - INFO - Included router from routers.course_materials
2026-03-10 17:09:41,083 - main - INFO - Included router from routers.course_modules
2026-03-10 17:09:41,100 - main - INFO - Included router from routers.courses
2026-03-10 17:09:41,114 - main - INFO - Included router from routers.enrollments
2026-03-10 17:09:41,132 - main - INFO - Included router from routers.faqs
2026-03-10 17:09:41,134 - main - INFO - Included router from routers.health
2026-03-10 17:09:41,136 - main - WARNING - Failed to import module 'routers.notifications': routers.notifications
Traceback (most recent call last):
  File "C:\Users\Lenovo 10GEN\Desktop\paudc_site\backend\main.py", line 111, in include_routers_from_package
    module = importlib.import_module(module_name)
  File "C:\Program Files\WindowsApps\PythonSoftwareFoundation.Python.3.13_3.13.3312.0_x64__qbz5n2kfra8p0\Lib\importlib\__init__.py", line 88, in import_module
    return _bootstrap._gcd_import(name[level:], package, level)
           ~~~~~~~~~~~~~~~~~~~~~~^^^^^^^^^^^^^^^^^^^^^^^^^^^^^^
  File "<frozen importlib._bootstrap>", line 1387, in _gcd_import
  File "<frozen importlib._bootstrap>", line 1360, in _find_and_load
  File "<frozen importlib._bootstrap>", line 1331, in _find_and_load_unlocked
  File "<frozen importlib._bootstrap>", line 935, in _load_unlocked
  File "<frozen importlib._bootstrap_external>", line 1023, in exec_module
  File "<frozen importlib._bootstrap>", line 488, in _call_with_frames_removed
  File "C:\Users\Lenovo 10GEN\Desktop\paudc_site\backend\routers\notifications.py", line 10, in <module>
    from services.notifications import NotificationsService
ModuleNotFoundError: No module named 'services.notifications'
2026-03-10 17:09:41,153 - main - INFO - Included router from routers.progress_tracking
2026-03-10 17:09:41,167 - main - INFO - Included router from routers.quiz_attempts
2026-03-10 17:09:41,176 - main - INFO - Included router from routers.quiz_questions
2026-03-10 17:09:41,187 - main - INFO - Included router from routers.quizzes
2026-03-10 17:09:41,207 - main - INFO - Included router from routers.registrations
2026-03-10 17:09:41,208 - main - WARNING - Failed to import module 'routers.resources': routers.resources
Traceback (most recent call last):
  File "C:\Users\Lenovo 10GEN\Desktop\paudc_site\backend\main.py", line 111, in include_routers_from_package
    module = importlib.import_module(module_name)
  File "C:\Program Files\WindowsApps\PythonSoftwareFoundation.Python.3.13_3.13.3312.0_x64__qbz5n2kfra8p0\Lib\importlib\__init__.py", line 88, in import_module
    return _bootstrap._gcd_import(name[level:], package, level)
           ~~~~~~~~~~~~~~~~~~~~~~^^^^^^^^^^^^^^^^^^^^^^^^^^^^^^
  File "<frozen importlib._bootstrap>", line 1387, in _gcd_import
  File "<frozen importlib._bootstrap>", line 1360, in _find_and_load
  File "<frozen importlib._bootstrap>", line 1331, in _find_and_load_unlocked
  File "<frozen importlib._bootstrap>", line 935, in _load_unlocked
  File "<frozen importlib._bootstrap_external>", line 1023, in exec_module
  File "<frozen importlib._bootstrap>", line 488, in _call_with_frames_removed
  File "C:\Users\Lenovo 10GEN\Desktop\paudc_site\backend\routers\resources.py", line 10, in <module>
    from services.resources import ResourcesService
ModuleNotFoundError: No module named 'services.resources'
2026-03-10 17:09:41,225 - main - INFO - Included router from routers.schedules
2026-03-10 17:09:41,239 - main - INFO - Included router from routers.settings
2026-03-10 17:09:41,253 - main - INFO - Included router from routers.storage
2026-03-10 17:09:41,257 - main - INFO - Included router from routers.user
2026-03-10 17:09:41,258 - main - INFO - Total routers discovered and included: 17
2026-03-10 17:09:41,259 - main - INFO - === Application startup initiated ===
2026-03-10 17:09:41,259 - core.database - INFO - Starting database initialization...
2026-03-10 17:09:41,259 - core.database - INFO - Using QueuePool with connection pooling for non-lambda environment
2026-03-10 17:09:41,279 - core.database - INFO - Database engine created successfully
2026-03-10 17:09:41,279 - core.database - INFO - Database connection created successfully
2026-03-10 17:09:41,279 - core.database - INFO - Starting table creation...
2026-03-10 17:09:41,280 - core.database - INFO - Starting table creation...
2026-03-10 17:09:41,292 - core.database - INFO - Tables initialized successfully
2026-03-10 17:09:41,292 - core.database - INFO - Checking for structural repairs in existing tables...
2026-03-10 17:09:41,318 - core.database - INFO - Table structure repair completed in 0.0254s
2026-03-10 17:09:41,324 - services.mock_data - ERROR - Error loading mock data from resources.json: Could not reflect: requested table(s) not available in Engine(sqlite+aiosqlite:///./paudc.db): (resources)
2026-03-10 17:09:41,387 - main - INFO - === Application startup completed successfully ===
2026-03-10 17:25:26,177 - main - INFO - === Application shutdown initiated ===
2026-03-10 17:25:26,178 - core.database - INFO - Closing database connection...
2026-03-10 17:25:26,180 - core.database - INFO - Database connection closed and engine disposed
2026-03-10 17:25:26,181 - main - INFO - === Application shutdown completed successfully ===
