2026-03-11 18:33:37,841 - main - INFO - === Logging system initialized ===
2026-03-11 18:33:37,842 - main - INFO - Log file: logs\app_20260311_183337.log
2026-03-11 18:33:37,843 - main - INFO - Environment: dev
2026-03-11 18:33:37,843 - main - INFO - Timestamp: 20260311_183337
2026-03-11 18:33:37,865 - main - INFO - Included router from routers.aihub
2026-03-11 18:33:38,073 - main - INFO - Included router from routers.auth
2026-03-11 18:33:38,074 - main - INFO - Included router from routers.config
2026-03-11 18:33:38,103 - main - INFO - Included router from routers.content_pages
2026-03-11 18:33:38,134 - main - INFO - Included router from routers.course_materials
2026-03-11 18:33:38,172 - main - INFO - Included router from routers.course_modules
2026-03-11 18:33:38,199 - main - INFO - Included router from routers.courses
2026-03-11 18:33:38,222 - main - INFO - Included router from routers.enrollments
2026-03-11 18:33:38,245 - main - INFO - Included router from routers.faqs
2026-03-11 18:33:38,247 - main - INFO - Included router from routers.health
2026-03-11 18:33:38,282 - main - INFO - Included router from routers.notifications
2026-03-11 18:33:38,324 - main - INFO - Included router from routers.progress_tracking
2026-03-11 18:33:38,347 - main - INFO - Included router from routers.quiz_attempts
2026-03-11 18:33:38,365 - main - INFO - Included router from routers.quiz_questions
2026-03-11 18:33:38,387 - main - INFO - Included router from routers.quizzes
2026-03-11 18:33:38,427 - main - INFO - Included router from routers.registrations
2026-03-11 18:33:38,453 - main - INFO - Included router from routers.resources
2026-03-11 18:33:38,478 - main - INFO - Included router from routers.schedules
2026-03-11 18:33:38,496 - main - INFO - Included router from routers.settings
2026-03-11 18:33:38,518 - main - INFO - Included router from routers.storage
2026-03-11 18:33:38,525 - main - INFO - Included router from routers.user
2026-03-11 18:33:38,526 - main - INFO - Total routers discovered and included: 21
2026-03-11 18:33:38,529 - main - INFO - === Application startup initiated ===
2026-03-11 18:33:38,529 - core.database - INFO - Starting database initialization...
2026-03-11 18:33:38,529 - core.database - INFO - Using QueuePool with connection pooling for non-lambda environment
2026-03-11 18:33:38,558 - core.database - INFO - Database engine created successfully
2026-03-11 18:33:38,558 - core.database - INFO - Database connection created successfully
2026-03-11 18:33:38,558 - core.database - INFO - Starting table creation...
2026-03-11 18:33:38,559 - core.database - INFO - Starting table creation...
2026-03-11 18:33:38,589 - core.database - INFO - Tables initialized successfully
2026-03-11 18:33:38,589 - core.database - INFO - Checking for structural repairs in existing tables...
2026-03-11 18:33:38,654 - core.database - INFO - Table structure repair completed in 0.0646s
2026-03-11 18:33:38,953 - main - INFO - === Application startup completed successfully ===
