2026-03-12 11:13:10,787 - main - INFO - === Logging system initialized ===
2026-03-12 11:13:10,788 - main - INFO - Log file: logs\app_20260312_111310.log
2026-03-12 11:13:10,788 - main - INFO - Environment: dev
2026-03-12 11:13:10,788 - main - INFO - Timestamp: 20260312_111310
2026-03-12 11:13:10,803 - main - INFO - Included router from routers.aihub
2026-03-12 11:13:10,933 - main - INFO - Included router from routers.auth
2026-03-12 11:13:10,934 - main - INFO - Included router from routers.config
2026-03-12 11:13:10,952 - main - INFO - Included router from routers.content_pages
2026-03-12 11:13:10,968 - main - INFO - Included router from routers.course_materials
2026-03-12 11:13:10,984 - main - INFO - Included router from routers.course_modules
2026-03-12 11:13:11,002 - main - INFO - Included router from routers.courses
2026-03-12 11:13:11,014 - main - INFO - Included router from routers.enrollments
2026-03-12 11:13:11,030 - main - INFO - Included router from routers.faqs
2026-03-12 11:13:11,032 - main - INFO - Included router from routers.health
2026-03-12 11:13:11,049 - main - INFO - Included router from routers.notifications
2026-03-12 11:13:11,064 - main - INFO - Included router from routers.progress_tracking
2026-03-12 11:13:11,075 - main - INFO - Included router from routers.quiz_attempts
2026-03-12 11:13:11,087 - main - INFO - Included router from routers.quiz_questions
2026-03-12 11:13:11,099 - main - INFO - Included router from routers.quizzes
2026-03-12 11:13:11,130 - main - INFO - Included router from routers.registrations
2026-03-12 11:13:11,151 - main - INFO - Included router from routers.resources
2026-03-12 11:13:11,170 - main - INFO - Included router from routers.schedules
2026-03-12 11:13:11,181 - main - INFO - Included router from routers.settings
2026-03-12 11:13:11,198 - main - INFO - Included router from routers.storage
2026-03-12 11:13:11,202 - main - INFO - Included router from routers.user
2026-03-12 11:13:11,203 - main - INFO - Total routers discovered and included: 21
2026-03-12 11:13:11,204 - main - INFO - === Application startup initiated ===
2026-03-12 11:13:11,204 - core.database - INFO - Starting database initialization...
2026-03-12 11:13:11,204 - core.database - INFO - Using QueuePool with connection pooling for non-lambda environment
2026-03-12 11:13:11,224 - core.database - INFO - Database engine created successfully
2026-03-12 11:13:11,225 - core.database - INFO - Database connection created successfully
2026-03-12 11:13:11,225 - core.database - INFO - Starting table creation...
2026-03-12 11:13:11,225 - core.database - INFO - Starting table creation...
2026-03-12 11:13:11,241 - core.database - INFO - Tables initialized successfully
2026-03-12 11:13:11,241 - core.database - INFO - Checking for structural repairs in existing tables...
2026-03-12 11:13:11,272 - core.database - INFO - Table structure repair completed in 0.0309s
2026-03-12 11:13:11,471 - main - INFO - === Application startup completed successfully ===
2026-03-12 11:13:40,981 - core.database - ERROR - Database session error: 500: Internal server error: (sqlite3.IntegrityError) NOT NULL constraint failed: registrations.user_id
[SQL: INSERT INTO registrations (user_id, registration_type, participant_role, status, institution_name, institution_country, institution_email, institution_phone, number_of_participants, first_name, last_name, email, phone, country, university, dietary_requirements, special_needs) VALUES (?, ?, ?, ?, ?, ?, ?, ?, ?, ?, ?, ?, ?, ?, ?, ?, ?) RETURNING id, created_at]
[parameters: (None, 'individual', 'debater', 'pending', None, None, None, None, None, 'Okwoli', 'Joshua', 'okwjosh123@gmail.com', '+2348124605849', 'Nigeria', 'Veritas University', 'None', None)]
(Background on this error at: https://sqlalche.me/e/20/gkpj)
2026-03-12 11:15:22,602 - main - INFO - === Application shutdown initiated ===
2026-03-12 11:15:22,603 - core.database - INFO - Closing database connection...
2026-03-12 11:15:22,605 - core.database - INFO - Database connection closed and engine disposed
2026-03-12 11:15:22,605 - main - INFO - === Application shutdown completed successfully ===
