2026-03-12 11:12:29,001 - main - INFO - === Logging system initialized ===
2026-03-12 11:12:29,001 - main - INFO - Log file: logs\app_20260312_111229.log
2026-03-12 11:12:29,002 - main - INFO - Environment: dev
2026-03-12 11:12:29,002 - main - INFO - Timestamp: 20260312_111229
2026-03-12 11:12:29,016 - main - INFO - Included router from routers.aihub
2026-03-12 11:12:29,158 - main - INFO - Included router from routers.auth
2026-03-12 11:12:29,159 - main - INFO - Included router from routers.config
2026-03-12 11:12:29,176 - main - INFO - Included router from routers.content_pages
2026-03-12 11:12:29,196 - main - INFO - Included router from routers.course_materials
2026-03-12 11:12:29,233 - main - INFO - Included router from routers.course_modules
2026-03-12 11:12:29,253 - main - INFO - Included router from routers.courses
2026-03-12 11:12:29,267 - main - INFO - Included router from routers.enrollments
2026-03-12 11:12:29,287 - main - INFO - Included router from routers.faqs
2026-03-12 11:12:29,289 - main - INFO - Included router from routers.health
2026-03-12 11:12:29,308 - main - INFO - Included router from routers.notifications
2026-03-12 11:12:29,342 - main - INFO - Included router from routers.progress_tracking
2026-03-12 11:12:29,366 - main - INFO - Included router from routers.quiz_attempts
2026-03-12 11:12:29,387 - main - INFO - Included router from routers.quiz_questions
2026-03-12 11:12:29,425 - main - INFO - Included router from routers.quizzes
2026-03-12 11:12:29,511 - main - INFO - Included router from routers.registrations
2026-03-12 11:12:29,580 - main - INFO - Included router from routers.resources
2026-03-12 11:12:29,650 - main - INFO - Included router from routers.schedules
2026-03-12 11:12:29,678 - main - INFO - Included router from routers.settings
2026-03-12 11:12:29,710 - main - INFO - Included router from routers.storage
2026-03-12 11:12:29,721 - main - INFO - Included router from routers.user
2026-03-12 11:12:29,723 - main - INFO - Total routers discovered and included: 21
2026-03-12 11:12:29,726 - main - INFO - === Application startup initiated ===
2026-03-12 11:12:29,727 - core.database - INFO - Starting database initialization...
2026-03-12 11:12:29,728 - core.database - INFO - Using QueuePool with connection pooling for non-lambda environment
2026-03-12 11:12:29,759 - core.database - INFO - Database engine created successfully
2026-03-12 11:12:29,760 - core.database - INFO - Database connection created successfully
2026-03-12 11:12:29,760 - core.database - INFO - Starting table creation...
2026-03-12 11:12:29,761 - core.database - INFO - Starting table creation...
2026-03-12 11:12:29,785 - core.database - INFO - Tables initialized successfully
2026-03-12 11:12:29,785 - core.database - INFO - Checking for structural repairs in existing tables...
2026-03-12 11:12:29,855 - core.database - INFO - Table structure repair completed in 0.0697s
2026-03-12 11:12:30,008 - main - INFO - === Application startup completed successfully ===
2026-03-12 11:12:30,328 - main - INFO - === Application shutdown initiated ===
2026-03-12 11:12:30,328 - core.database - INFO - Closing database connection...
2026-03-12 11:12:30,330 - core.database - INFO - Database connection closed and engine disposed
2026-03-12 11:12:30,330 - main - INFO - === Application shutdown completed successfully ===
