2026-03-11 18:34:20,600 - main - INFO - === Logging system initialized ===
2026-03-11 18:34:20,601 - main - INFO - Log file: logs\app_20260311_183420.log
2026-03-11 18:34:20,601 - main - INFO - Environment: dev
2026-03-11 18:34:20,601 - main - INFO - Timestamp: 20260311_183420
2026-03-11 18:34:20,620 - main - INFO - Included router from routers.aihub
2026-03-11 18:34:20,788 - main - INFO - Included router from routers.auth
2026-03-11 18:34:20,790 - main - INFO - Included router from routers.config
2026-03-11 18:34:20,812 - main - INFO - Included router from routers.content_pages
2026-03-11 18:34:20,832 - main - INFO - Included router from routers.course_materials
2026-03-11 18:34:20,856 - main - INFO - Included router from routers.course_modules
2026-03-11 18:34:20,881 - main - INFO - Included router from routers.courses
2026-03-11 18:34:20,907 - main - INFO - Included router from routers.enrollments
2026-03-11 18:34:20,945 - main - INFO - Included router from routers.faqs
2026-03-11 18:34:20,948 - main - INFO - Included router from routers.health
2026-03-11 18:34:20,988 - main - INFO - Included router from routers.notifications
2026-03-11 18:34:21,023 - main - INFO - Included router from routers.progress_tracking
2026-03-11 18:34:21,046 - main - INFO - Included router from routers.quiz_attempts
2026-03-11 18:34:21,059 - main - INFO - Included router from routers.quiz_questions
2026-03-11 18:34:21,076 - main - INFO - Included router from routers.quizzes
2026-03-11 18:34:21,097 - main - WARNING - Failed to import module 'routers.registrations': routers.registrations
Traceback (most recent call last):
  File "C:\Users\Lenovo 10GEN\Desktop\paudc_site\backend\main.py", line 111, in include_routers_from_package
    module = importlib.import_module(module_name)
  File "C:\Program Files\WindowsApps\PythonSoftwareFoundation.Python.3.13_3.13.3312.0_x64__qbz5n2kfra8p0\Lib\importlib\__init__.py", line 88, in import_module
    return _bootstrap._gcd_import(name[level:], package, level)
           ~~~~~~~~~~~~~~~~~~~~~~^^^^^^^^^^^^^^^^^^^^^^^^^^^^^^
  File "<frozen importlib._bootstrap>", line 1387, in _gcd_import
  File "<frozen importlib._bootstrap>", line 1360, in _find_and_load
  File "<frozen importlib._bootstrap>", line 1331, in _find_and_load_unlocked
  File "<frozen importlib._bootstrap>", line 935, in _load_unlocked
  File "<frozen importlib._bootstrap_external>", line 1023, in exec_module
  File "<frozen importlib._bootstrap>", line 488, in _call_with_frames_removed
  File "C:\Users\Lenovo 10GEN\Desktop\paudc_site\backend\routers\registrations.py", line 13, in <module>
    from services.registrations import RegistrationsService
  File "C:\Users\Lenovo 10GEN\Desktop\paudc_site\backend\services\registrations.py", line 6, in <module>
    from models.registrations import Registrations
  File "C:\Users\Lenovo 10GEN\Desktop\paudc_site\backend\models\registrations.py", line 6, in <module>
    class Registrations(Base):
    ...<21 lines>...
        created_at = Column(DateTime(timezone=True), default=lambda: datetime.now(timezone.utc), nullable=True)
  File "C:\Users\Lenovo 10GEN\Desktop\paudc_site\backend\models\registrations.py", line 28, in Registrations
    created_at = Column(DateTime(timezone=True), default=lambda: datetime.now(timezone.utc), nullable=True)
                        ^^^^^^^^
NameError: name 'DateTime' is not defined
2026-03-11 18:34:21,131 - main - INFO - Included router from routers.resources
2026-03-11 18:34:21,154 - main - INFO - Included router from routers.schedules
2026-03-11 18:34:21,168 - main - INFO - Included router from routers.settings
2026-03-11 18:34:21,197 - main - INFO - Included router from routers.storage
2026-03-11 18:34:21,207 - main - INFO - Included router from routers.user
2026-03-11 18:34:21,209 - main - INFO - Total routers discovered and included: 20
2026-03-11 18:34:21,211 - main - INFO - === Application startup initiated ===
2026-03-11 18:34:21,211 - core.database - INFO - Starting database initialization...
2026-03-11 18:34:21,211 - core.database - INFO - Using QueuePool with connection pooling for non-lambda environment
2026-03-11 18:34:21,242 - core.database - INFO - Database engine created successfully
2026-03-11 18:34:21,243 - core.database - INFO - Database connection created successfully
2026-03-11 18:34:21,243 - core.database - INFO - Starting table creation...
2026-03-11 18:34:21,243 - core.database - INFO - Starting table creation...
2026-03-11 18:34:21,267 - core.database - INFO - Tables initialized successfully
2026-03-11 18:34:21,268 - core.database - INFO - Checking for structural repairs in existing tables...
2026-03-11 18:34:21,318 - core.database - INFO - Table structure repair completed in 0.0499s
2026-03-11 18:34:21,520 - main - INFO - === Application startup completed successfully ===
2026-03-11 18:34:49,875 - main - INFO - === Application shutdown initiated ===
2026-03-11 18:34:49,875 - core.database - INFO - Closing database connection...
2026-03-11 18:34:49,878 - core.database - INFO - Database connection closed and engine disposed
2026-03-11 18:34:49,878 - main - INFO - === Application shutdown completed successfully ===
