2026-03-12 13:26:29,190 - main - INFO - === Logging system initialized ===
2026-03-12 13:26:29,190 - main - INFO - Log file: logs\app_20260312_132629.log
2026-03-12 13:26:29,190 - main - INFO - Environment: dev
2026-03-12 13:26:29,191 - main - INFO - Timestamp: 20260312_132629
2026-03-12 13:26:29,210 - main - INFO - Included router from routers.aihub
2026-03-12 13:26:29,366 - main - INFO - Included router from routers.auth
2026-03-12 13:26:29,367 - main - INFO - Included router from routers.config
2026-03-12 13:26:29,389 - main - INFO - Included router from routers.content_pages
2026-03-12 13:26:29,407 - main - INFO - Included router from routers.course_materials
2026-03-12 13:26:29,422 - main - INFO - Included router from routers.course_modules
2026-03-12 13:26:29,441 - main - INFO - Included router from routers.courses
2026-03-12 13:26:29,453 - main - INFO - Included router from routers.enrollments
2026-03-12 13:26:29,467 - main - INFO - Included router from routers.faqs
2026-03-12 13:26:29,469 - main - INFO - Included router from routers.health
2026-03-12 13:26:29,490 - main - INFO - Included router from routers.notifications
2026-03-12 13:26:29,507 - main - INFO - Included router from routers.progress_tracking
2026-03-12 13:26:29,517 - main - INFO - Included router from routers.quiz_attempts
2026-03-12 13:26:29,527 - main - INFO - Included router from routers.quiz_questions
2026-03-12 13:26:29,537 - main - INFO - Included router from routers.quizzes
2026-03-12 13:26:29,558 - main - INFO - Included router from routers.registrations
2026-03-12 13:26:29,580 - main - INFO - Included router from routers.resources
2026-03-12 13:26:29,596 - main - INFO - Included router from routers.schedules
2026-03-12 13:26:29,608 - main - INFO - Included router from routers.settings
2026-03-12 13:26:29,623 - main - INFO - Included router from routers.storage
2026-03-12 13:26:29,627 - main - INFO - Included router from routers.user
2026-03-12 13:26:29,627 - main - INFO - Total routers discovered and included: 21
2026-03-12 13:26:29,629 - main - INFO - === Application startup initiated ===
2026-03-12 13:26:29,629 - core.database - INFO - Starting database initialization...
2026-03-12 13:26:29,630 - core.database - INFO - Using QueuePool with connection pooling for non-lambda environment
2026-03-12 13:26:29,651 - core.database - INFO - Database engine created successfully
2026-03-12 13:26:29,652 - core.database - INFO - Database connection created successfully
2026-03-12 13:26:29,652 - core.database - INFO - Starting table creation...
2026-03-12 13:26:29,652 - core.database - INFO - Starting table creation...
2026-03-12 13:26:29,676 - core.database - INFO - Tables initialized successfully
2026-03-12 13:26:29,676 - core.database - INFO - Checking for structural repairs in existing tables...
2026-03-12 13:26:29,711 - core.database - INFO - Table structure repair completed in 0.0355s
2026-03-12 13:26:29,869 - main - INFO - === Application startup completed successfully ===
2026-03-12 13:29:18,288 - routers.auth - INFO - Initiating OIDC login with redirect_uri: http://localhost:8000/api/v1/auth/callback
2026-03-12 13:29:23,904 - httpx - INFO - HTTP Request: POST https://dev-dhw78f2cx2ws2hnn.us.auth0.com/oauth/token "HTTP/1.1 200 OK"
2026-03-12 13:29:24,830 - httpx - INFO - HTTP Request: GET https://dev-dhw78f2cx2ws2hnn.us.auth0.com/.well-known/jwks.json "HTTP/1.1 200 OK"
2026-03-12 13:29:24,831 - core.auth - INFO - Successfully fetched JWKS with 2 keys
2026-03-12 13:29:24,833 - core.auth - INFO - ID token successfully validated for user hash: f5529618
2026-03-12 13:29:26,464 - httpx - INFO - HTTP Request: GET https://dev-dhw78f2cx2ws2hnn.us.auth0.com/userinfo "HTTP/1.1 200 OK"
2026-03-12 13:29:26,488 - httpx - INFO - HTTP Request: GET https://dev-dhw78f2cx2ws2hnn.us.auth0.com/userinfo "HTTP/1.1 200 OK"
2026-03-12 13:47:41,928 - routers.auth - INFO - Initiating OIDC login with redirect_uri: http://localhost:8000/api/v1/auth/callback
2026-03-12 13:47:48,990 - httpx - INFO - HTTP Request: POST https://dev-dhw78f2cx2ws2hnn.us.auth0.com/oauth/token "HTTP/1.1 200 OK"
2026-03-12 13:47:49,941 - httpx - INFO - HTTP Request: GET https://dev-dhw78f2cx2ws2hnn.us.auth0.com/.well-known/jwks.json "HTTP/1.1 200 OK"
2026-03-12 13:47:49,946 - core.auth - INFO - Successfully fetched JWKS with 2 keys
2026-03-12 13:47:49,947 - core.auth - INFO - ID token successfully validated for user hash: f5529618
2026-03-12 13:47:51,561 - httpx - INFO - HTTP Request: GET https://dev-dhw78f2cx2ws2hnn.us.auth0.com/userinfo "HTTP/1.1 200 OK"
2026-03-12 13:47:51,562 - httpx - INFO - HTTP Request: GET https://dev-dhw78f2cx2ws2hnn.us.auth0.com/userinfo "HTTP/1.1 200 OK"
