2026-03-12 13:23:26,411 - main - INFO - === Logging system initialized ===
2026-03-12 13:23:26,411 - main - INFO - Log file: logs\app_20260312_132326.log
2026-03-12 13:23:26,412 - main - INFO - Environment: dev
2026-03-12 13:23:26,412 - main - INFO - Timestamp: 20260312_132326
2026-03-12 13:23:26,436 - main - INFO - Included router from routers.aihub
2026-03-12 13:23:26,657 - main - INFO - Included router from routers.auth
2026-03-12 13:23:26,658 - main - INFO - Included router from routers.config
2026-03-12 13:23:26,678 - main - INFO - Included router from routers.content_pages
2026-03-12 13:23:26,695 - main - INFO - Included router from routers.course_materials
2026-03-12 13:23:26,711 - main - INFO - Included router from routers.course_modules
2026-03-12 13:23:26,731 - main - INFO - Included router from routers.courses
2026-03-12 13:23:26,744 - main - INFO - Included router from routers.enrollments
2026-03-12 13:23:26,762 - main - INFO - Included router from routers.faqs
2026-03-12 13:23:26,763 - main - INFO - Included router from routers.health
2026-03-12 13:23:26,839 - main - INFO - Included router from routers.notifications
2026-03-12 13:23:26,872 - main - INFO - Included router from routers.progress_tracking
2026-03-12 13:23:26,901 - main - INFO - Included router from routers.quiz_attempts
2026-03-12 13:23:26,914 - main - INFO - Included router from routers.quiz_questions
2026-03-12 13:23:26,925 - main - INFO - Included router from routers.quizzes
2026-03-12 13:23:26,948 - main - INFO - Included router from routers.registrations
2026-03-12 13:23:26,965 - main - INFO - Included router from routers.resources
2026-03-12 13:23:26,987 - main - INFO - Included router from routers.schedules
2026-03-12 13:23:27,004 - main - INFO - Included router from routers.settings
2026-03-12 13:23:27,024 - main - INFO - Included router from routers.storage
2026-03-12 13:23:27,031 - main - INFO - Included router from routers.user
2026-03-12 13:23:27,031 - main - INFO - Total routers discovered and included: 21
2026-03-12 13:23:27,034 - main - INFO - === Application startup initiated ===
2026-03-12 13:23:27,035 - core.database - INFO - Starting database initialization...
2026-03-12 13:23:27,035 - core.database - INFO - Using QueuePool with connection pooling for non-lambda environment
2026-03-12 13:23:27,058 - core.database - INFO - Database engine created successfully
2026-03-12 13:23:27,058 - core.database - INFO - Database connection created successfully
2026-03-12 13:23:27,058 - core.database - INFO - Starting table creation...
2026-03-12 13:23:27,058 - core.database - INFO - Starting table creation...
2026-03-12 13:23:27,073 - core.database - INFO - Tables initialized successfully
2026-03-12 13:23:27,074 - core.database - INFO - Checking for structural repairs in existing tables...
2026-03-12 13:23:27,113 - core.database - INFO - Table structure repair completed in 0.0394s
2026-03-12 13:23:27,310 - main - INFO - === Application startup completed successfully ===
2026-03-12 13:23:28,179 - main - INFO - === Application shutdown initiated ===
2026-03-12 13:23:28,179 - core.database - INFO - Closing database connection...
2026-03-12 13:23:28,181 - core.database - INFO - Database connection closed and engine disposed
2026-03-12 13:23:28,181 - main - INFO - === Application shutdown completed successfully ===
