2026-03-12 11:51:20,150 - main - INFO - === Logging system initialized ===
2026-03-12 11:51:20,151 - main - INFO - Log file: logs\app_20260312_115120.log
2026-03-12 11:51:20,151 - main - INFO - Environment: dev
2026-03-12 11:51:20,151 - main - INFO - Timestamp: 20260312_115120
2026-03-12 11:51:20,166 - main - INFO - Included router from routers.aihub
2026-03-12 11:51:20,323 - main - INFO - Included router from routers.auth
2026-03-12 11:51:20,324 - main - INFO - Included router from routers.config
2026-03-12 11:51:20,352 - main - INFO - Included router from routers.content_pages
2026-03-12 11:51:20,373 - main - INFO - Included router from routers.course_materials
2026-03-12 11:51:20,392 - main - INFO - Included router from routers.course_modules
2026-03-12 11:51:20,415 - main - INFO - Included router from routers.courses
2026-03-12 11:51:20,437 - main - INFO - Included router from routers.enrollments
2026-03-12 11:51:20,455 - main - INFO - Included router from routers.faqs
2026-03-12 11:51:20,457 - main - INFO - Included router from routers.health
2026-03-12 11:51:20,478 - main - INFO - Included router from routers.notifications
2026-03-12 11:51:20,495 - main - INFO - Included router from routers.progress_tracking
2026-03-12 11:51:20,509 - main - INFO - Included router from routers.quiz_attempts
2026-03-12 11:51:20,522 - main - INFO - Included router from routers.quiz_questions
2026-03-12 11:51:20,535 - main - INFO - Included router from routers.quizzes
2026-03-12 11:51:20,558 - main - INFO - Included router from routers.registrations
2026-03-12 11:51:20,575 - main - INFO - Included router from routers.resources
2026-03-12 11:51:20,590 - main - INFO - Included router from routers.schedules
2026-03-12 11:51:20,601 - main - INFO - Included router from routers.settings
2026-03-12 11:51:20,619 - main - INFO - Included router from routers.storage
2026-03-12 11:51:20,624 - main - INFO - Included router from routers.user
2026-03-12 11:51:20,624 - main - INFO - Total routers discovered and included: 21
2026-03-12 11:51:20,625 - main - INFO - === Application startup initiated ===
2026-03-12 11:51:20,625 - core.database - INFO - Starting database initialization...
2026-03-12 11:51:20,626 - core.database - INFO - Using QueuePool with connection pooling for non-lambda environment
2026-03-12 11:51:20,644 - core.database - INFO - Database engine created successfully
2026-03-12 11:51:20,645 - core.database - INFO - Database connection created successfully
2026-03-12 11:51:20,645 - core.database - INFO - Starting table creation...
2026-03-12 11:51:20,645 - core.database - INFO - Starting table creation...
2026-03-12 11:51:20,662 - core.database - INFO - Tables initialized successfully
2026-03-12 11:51:20,662 - core.database - INFO - Checking for structural repairs in existing tables...
2026-03-12 11:51:20,707 - core.database - INFO - Table structure repair completed in 0.0443s
2026-03-12 11:51:20,814 - main - INFO - === Application startup completed successfully ===
2026-03-12 11:51:27,691 - core.database - ERROR - Database session error: 'Settings' object has no attribute 'oidc_scope'
2026-03-12 11:51:32,591 - core.database - ERROR - Database session error: 'Settings' object has no attribute 'oidc_scope'
2026-03-12 11:52:25,656 - main - INFO - === Application shutdown initiated ===
2026-03-12 11:52:25,657 - core.database - INFO - Closing database connection...
2026-03-12 11:52:25,660 - core.database - INFO - Database connection closed and engine disposed
2026-03-12 11:52:25,660 - main - INFO - === Application shutdown completed successfully ===
