2026-03-12 12:27:33,625 - main - INFO - === Logging system initialized ===
2026-03-12 12:27:33,626 - main - INFO - Log file: logs\app_20260312_122733.log
2026-03-12 12:27:33,626 - main - INFO - Environment: dev
2026-03-12 12:27:33,626 - main - INFO - Timestamp: 20260312_122733
2026-03-12 12:27:33,639 - main - INFO - Included router from routers.aihub
2026-03-12 12:27:33,861 - main - INFO - Included router from routers.auth
2026-03-12 12:27:33,862 - main - INFO - Included router from routers.config
2026-03-12 12:27:33,880 - main - INFO - Included router from routers.content_pages
2026-03-12 12:27:33,897 - main - INFO - Included router from routers.course_materials
2026-03-12 12:27:33,913 - main - INFO - Included router from routers.course_modules
2026-03-12 12:27:33,935 - main - INFO - Included router from routers.courses
2026-03-12 12:27:33,956 - main - INFO - Included router from routers.enrollments
2026-03-12 12:27:33,984 - main - INFO - Included router from routers.faqs
2026-03-12 12:27:33,985 - main - INFO - Included router from routers.health
2026-03-12 12:27:34,009 - main - INFO - Included router from routers.notifications
2026-03-12 12:27:34,028 - main - INFO - Included router from routers.progress_tracking
2026-03-12 12:27:34,043 - main - INFO - Included router from routers.quiz_attempts
2026-03-12 12:27:34,052 - main - INFO - Included router from routers.quiz_questions
2026-03-12 12:27:34,066 - main - INFO - Included router from routers.quizzes
2026-03-12 12:27:34,102 - main - INFO - Included router from routers.registrations
2026-03-12 12:27:34,133 - main - INFO - Included router from routers.resources
2026-03-12 12:27:34,162 - main - INFO - Included router from routers.schedules
2026-03-12 12:27:34,181 - main - INFO - Included router from routers.settings
2026-03-12 12:27:34,262 - main - INFO - Included router from routers.storage
2026-03-12 12:27:34,370 - main - INFO - Included router from routers.user
2026-03-12 12:27:34,436 - main - INFO - Total routers discovered and included: 21
2026-03-12 12:27:34,519 - main - INFO - === Application startup initiated ===
2026-03-12 12:27:34,519 - core.database - INFO - Starting database initialization...
2026-03-12 12:27:34,520 - core.database - INFO - Using QueuePool with connection pooling for non-lambda environment
2026-03-12 12:27:34,547 - core.database - INFO - Database engine created successfully
2026-03-12 12:27:34,547 - core.database - INFO - Database connection created successfully
2026-03-12 12:27:34,548 - core.database - INFO - Starting table creation...
2026-03-12 12:27:34,548 - core.database - INFO - Starting table creation...
2026-03-12 12:27:34,567 - core.database - INFO - Tables initialized successfully
2026-03-12 12:27:34,567 - core.database - INFO - Checking for structural repairs in existing tables...
2026-03-12 12:27:34,603 - core.database - INFO - Table structure repair completed in 0.0356s
2026-03-12 12:27:34,799 - main - INFO - === Application startup completed successfully ===
2026-03-12 12:27:48,391 - routers.auth - INFO - Initiating OIDC login with redirect_uri: http://localhost:8000/api/v1/auth/callback
2026-03-12 12:27:53,479 - routers.auth - INFO - Initiating OIDC login with redirect_uri: http://localhost:8000/api/v1/auth/callback
2026-03-12 12:28:52,294 - main - INFO - === Application shutdown initiated ===
2026-03-12 12:28:52,294 - core.database - INFO - Closing database connection...
2026-03-12 12:28:52,297 - core.database - INFO - Database connection closed and engine disposed
2026-03-12 12:28:52,297 - main - INFO - === Application shutdown completed successfully ===
