2026-03-10 16:45:51,425 - main - INFO - === Logging system initialized ===
2026-03-10 16:45:51,426 - main - INFO - Log file: logs\app_20260310_164551.log
2026-03-10 16:45:51,426 - main - INFO - Environment: dev
2026-03-10 16:45:51,427 - main - INFO - Timestamp: 20260310_164551
2026-03-10 16:45:51,630 - main - WARNING - Failed to import module 'routers.aihub': routers.aihub
Traceback (most recent call last):
  File "C:\Users\Lenovo 10GEN\Desktop\paudc_site\backend\main.py", line 111, in include_routers_from_package
    module = importlib.import_module(module_name)
  File "C:\Program Files\WindowsApps\PythonSoftwareFoundation.Python.3.13_3.13.3312.0_x64__qbz5n2kfra8p0\Lib\importlib\__init__.py", line 88, in import_module
    return _bootstrap._gcd_import(name[level:], package, level)
           ~~~~~~~~~~~~~~~~~~~~~~^^^^^^^^^^^^^^^^^^^^^^^^^^^^^^
  File "<frozen importlib._bootstrap>", line 1387, in _gcd_import
  File "<frozen importlib._bootstrap>", line 1360, in _find_and_load
  File "<frozen importlib._bootstrap>", line 1331, in _find_and_load_unlocked
  File "<frozen importlib._bootstrap>", line 935, in _load_unlocked
  File "<frozen importlib._bootstrap_external>", line 1023, in exec_module
  File "<frozen importlib._bootstrap>", line 488, in _call_with_frames_removed
  File "C:\Users\Lenovo 10GEN\Desktop\paudc_site\backend\routers\aihub.py", line 9, in <module>
    from services.aihub import generate_image, generate_text
  File "C:\Users\Lenovo 10GEN\Desktop\paudc_site\backend\services\aihub.py", line 5, in <module>
    from schemas.aihub import GenImgRequest, GenImgResponse, GenTxtRequest, GenTxtResponse
ImportError: cannot import name 'GenImgResponse' from 'schemas.aihub' (C:\Users\Lenovo 10GEN\Desktop\paudc_site\backend\schemas\aihub.py)
2026-03-10 16:45:51,702 - main - INFO - Included router from routers.auth
2026-03-10 16:45:51,718 - main - INFO - Included router from routers.content_pages
2026-03-10 16:45:51,734 - main - INFO - Included router from routers.course_materials
2026-03-10 16:45:51,749 - main - INFO - Included router from routers.course_modules
2026-03-10 16:45:51,766 - main - INFO - Included router from routers.courses
2026-03-10 16:45:51,780 - main - INFO - Included router from routers.enrollments
2026-03-10 16:45:51,797 - main - INFO - Included router from routers.faqs
2026-03-10 16:45:51,799 - main - INFO - Included router from routers.health
2026-03-10 16:45:51,800 - main - WARNING - Failed to import module 'routers.notifications': routers.notifications
Traceback (most recent call last):
  File "C:\Users\Lenovo 10GEN\Desktop\paudc_site\backend\main.py", line 111, in include_routers_from_package
    module = importlib.import_module(module_name)
  File "C:\Program Files\WindowsApps\PythonSoftwareFoundation.Python.3.13_3.13.3312.0_x64__qbz5n2kfra8p0\Lib\importlib\__init__.py", line 88, in import_module
    return _bootstrap._gcd_import(name[level:], package, level)
           ~~~~~~~~~~~~~~~~~~~~~~^^^^^^^^^^^^^^^^^^^^^^^^^^^^^^
  File "<frozen importlib._bootstrap>", line 1387, in _gcd_import
  File "<frozen importlib._bootstrap>", line 1360, in _find_and_load
  File "<frozen importlib._bootstrap>", line 1331, in _find_and_load_unlocked
  File "<frozen importlib._bootstrap>", line 935, in _load_unlocked
  File "<frozen importlib._bootstrap_external>", line 1023, in exec_module
  File "<frozen importlib._bootstrap>", line 488, in _call_with_frames_removed
  File "C:\Users\Lenovo 10GEN\Desktop\paudc_site\backend\routers\notifications.py", line 10, in <module>
    from services.notifications import NotificationsService
ModuleNotFoundError: No module named 'services.notifications'
2026-03-10 16:45:51,815 - main - INFO - Included router from routers.progress_tracking
2026-03-10 16:45:51,816 - main - WARNING - Failed to import module 'routers.quiz_attempts': routers.quiz_attempts
Traceback (most recent call last):
  File "C:\Users\Lenovo 10GEN\Desktop\paudc_site\backend\main.py", line 111, in include_routers_from_package
    module = importlib.import_module(module_name)
  File "C:\Program Files\WindowsApps\PythonSoftwareFoundation.Python.3.13_3.13.3312.0_x64__qbz5n2kfra8p0\Lib\importlib\__init__.py", line 88, in import_module
    return _bootstrap._gcd_import(name[level:], package, level)
           ~~~~~~~~~~~~~~~~~~~~~~^^^^^^^^^^^^^^^^^^^^^^^^^^^^^^
  File "<frozen importlib._bootstrap>", line 1387, in _gcd_import
  File "<frozen importlib._bootstrap>", line 1360, in _find_and_load
  File "<frozen importlib._bootstrap>", line 1331, in _find_and_load_unlocked
  File "<frozen importlib._bootstrap>", line 935, in _load_unlocked
  File "<frozen importlib._bootstrap_external>", line 1023, in exec_module
  File "<frozen importlib._bootstrap>", line 488, in _call_with_frames_removed
  File "C:\Users\Lenovo 10GEN\Desktop\paudc_site\backend\routers\quiz_attempts.py", line 13, in <module>
    from services.quiz_attempts import QuizAttemptsService
ModuleNotFoundError: No module named 'services.quiz_attempts'
2026-03-10 16:45:51,827 - main - INFO - Included router from routers.quiz_questions
2026-03-10 16:45:51,835 - main - INFO - Included router from routers.quizzes
2026-03-10 16:45:51,837 - main - WARNING - Failed to import module 'routers.registrations': routers.registrations
Traceback (most recent call last):
  File "C:\Users\Lenovo 10GEN\Desktop\paudc_site\backend\main.py", line 111, in include_routers_from_package
    module = importlib.import_module(module_name)
  File "C:\Program Files\WindowsApps\PythonSoftwareFoundation.Python.3.13_3.13.3312.0_x64__qbz5n2kfra8p0\Lib\importlib\__init__.py", line 88, in import_module
    return _bootstrap._gcd_import(name[level:], package, level)
           ~~~~~~~~~~~~~~~~~~~~~~^^^^^^^^^^^^^^^^^^^^^^^^^^^^^^
  File "<frozen importlib._bootstrap>", line 1387, in _gcd_import
  File "<frozen importlib._bootstrap>", line 1360, in _find_and_load
  File "<frozen importlib._bootstrap>", line 1331, in _find_and_load_unlocked
  File "<frozen importlib._bootstrap>", line 935, in _load_unlocked
  File "<frozen importlib._bootstrap_external>", line 1023, in exec_module
  File "<frozen importlib._bootstrap>", line 488, in _call_with_frames_removed
  File "C:\Users\Lenovo 10GEN\Desktop\paudc_site\backend\routers\registrations.py", line 12, in <module>
    from services.registrations import RegistrationsService
ModuleNotFoundError: No module named 'services.registrations'
2026-03-10 16:45:51,840 - main - WARNING - Failed to import module 'routers.resources': routers.resources
Traceback (most recent call last):
  File "C:\Users\Lenovo 10GEN\Desktop\paudc_site\backend\main.py", line 111, in include_routers_from_package
    module = importlib.import_module(module_name)
  File "C:\Program Files\WindowsApps\PythonSoftwareFoundation.Python.3.13_3.13.3312.0_x64__qbz5n2kfra8p0\Lib\importlib\__init__.py", line 88, in import_module
    return _bootstrap._gcd_import(name[level:], package, level)
           ~~~~~~~~~~~~~~~~~~~~~~^^^^^^^^^^^^^^^^^^^^^^^^^^^^^^
  File "<frozen importlib._bootstrap>", line 1387, in _gcd_import
  File "<frozen importlib._bootstrap>", line 1360, in _find_and_load
  File "<frozen importlib._bootstrap>", line 1331, in _find_and_load_unlocked
  File "<frozen importlib._bootstrap>", line 935, in _load_unlocked
  File "<frozen importlib._bootstrap_external>", line 1023, in exec_module
  File "<frozen importlib._bootstrap>", line 488, in _call_with_frames_removed
  File "C:\Users\Lenovo 10GEN\Desktop\paudc_site\backend\routers\resources.py", line 10, in <module>
    from services.resources import ResourcesService
ModuleNotFoundError: No module named 'services.resources'
2026-03-10 16:45:51,858 - main - INFO - Included router from routers.schedules
2026-03-10 16:45:51,867 - main - INFO - Included router from routers.settings
2026-03-10 16:45:51,883 - main - INFO - Included router from routers.storage
2026-03-10 16:45:51,900 - main - INFO - Included router from routers.user
2026-03-10 16:45:51,900 - main - INFO - Total routers discovered and included: 15
2026-03-10 16:45:51,902 - main - INFO - === Application startup initiated ===
2026-03-10 16:45:51,902 - core.database - INFO - Starting database initialization...
2026-03-10 16:45:51,902 - core.database - INFO - Using QueuePool with connection pooling for non-lambda environment
2026-03-10 16:45:51,927 - core.database - INFO - Database engine created successfully
2026-03-10 16:45:51,927 - core.database - INFO - Database connection created successfully
2026-03-10 16:45:51,927 - core.database - INFO - Starting table creation...
2026-03-10 16:45:51,928 - core.database - INFO - Starting table creation...
2026-03-10 16:45:51,940 - core.database - INFO - Tables initialized successfully
2026-03-10 16:45:51,940 - core.database - INFO - Checking for structural repairs in existing tables...
2026-03-10 16:45:51,961 - core.database - INFO - Table structure repair completed in 0.0206s
2026-03-10 16:45:51,968 - services.mock_data - ERROR - Error loading mock data from resources.json: Could not reflect: requested table(s) not available in Engine(sqlite+aiosqlite:///./paudc.db): (resources)
2026-03-10 16:45:51,991 - main - INFO - === Application startup completed successfully ===
2026-03-10 16:48:10,440 - main - INFO - === Application shutdown initiated ===
2026-03-10 16:48:10,440 - core.database - INFO - Closing database connection...
2026-03-10 16:48:10,442 - core.database - INFO - Database connection closed and engine disposed
2026-03-10 16:48:10,442 - main - INFO - === Application shutdown completed successfully ===
