2026-03-12 11:42:11,530 - main - INFO - === Logging system initialized ===
2026-03-12 11:42:11,530 - main - INFO - Log file: logs\app_20260312_114211.log
2026-03-12 11:42:11,530 - main - INFO - Environment: dev
2026-03-12 11:42:11,531 - main - INFO - Timestamp: 20260312_114211
2026-03-12 11:42:11,545 - main - INFO - Included router from routers.aihub
2026-03-12 11:42:11,682 - main - INFO - Included router from routers.auth
2026-03-12 11:42:11,683 - main - INFO - Included router from routers.config
2026-03-12 11:42:11,698 - main - INFO - Included router from routers.content_pages
2026-03-12 11:42:11,713 - main - INFO - Included router from routers.course_materials
2026-03-12 11:42:11,727 - main - INFO - Included router from routers.course_modules
2026-03-12 11:42:11,745 - main - INFO - Included router from routers.courses
2026-03-12 11:42:11,758 - main - INFO - Included router from routers.enrollments
2026-03-12 11:42:11,774 - main - INFO - Included router from routers.faqs
2026-03-12 11:42:11,775 - main - INFO - Included router from routers.health
2026-03-12 11:42:11,792 - main - INFO - Included router from routers.notifications
2026-03-12 11:42:11,807 - main - INFO - Included router from routers.progress_tracking
2026-03-12 11:42:11,819 - main - INFO - Included router from routers.quiz_attempts
2026-03-12 11:42:11,827 - main - INFO - Included router from routers.quiz_questions
2026-03-12 11:42:11,838 - main - INFO - Included router from routers.quizzes
2026-03-12 11:42:11,859 - main - INFO - Included router from routers.registrations
2026-03-12 11:42:11,875 - main - INFO - Included router from routers.resources
2026-03-12 11:42:11,891 - main - INFO - Included router from routers.schedules
2026-03-12 11:42:11,901 - main - INFO - Included router from routers.settings
2026-03-12 11:42:11,915 - main - INFO - Included router from routers.storage
2026-03-12 11:42:11,921 - main - INFO - Included router from routers.user
2026-03-12 11:42:11,921 - main - INFO - Total routers discovered and included: 21
2026-03-12 11:42:11,923 - main - INFO - === Application startup initiated ===
2026-03-12 11:42:11,923 - core.database - INFO - Starting database initialization...
2026-03-12 11:42:11,924 - core.database - INFO - Using QueuePool with connection pooling for non-lambda environment
2026-03-12 11:42:11,946 - core.database - INFO - Database engine created successfully
2026-03-12 11:42:11,946 - core.database - INFO - Database connection created successfully
2026-03-12 11:42:11,946 - core.database - INFO - Starting table creation...
2026-03-12 11:42:11,946 - core.database - INFO - Starting table creation...
2026-03-12 11:42:11,963 - core.database - INFO - Tables initialized successfully
2026-03-12 11:42:11,964 - core.database - INFO - Checking for structural repairs in existing tables...
2026-03-12 11:42:11,998 - core.database - INFO - Table structure repair completed in 0.0346s
2026-03-12 11:42:12,049 - main - INFO - === Application startup completed successfully ===
2026-03-12 11:42:28,172 - routers.auth - INFO - Initiating OIDC login with redirect_uri: http://localhost:8000/api/v1/auth/callback
2026-03-12 11:43:42,924 - main - INFO - === Application shutdown initiated ===
2026-03-12 11:43:42,925 - core.database - INFO - Closing database connection...
2026-03-12 11:43:42,928 - core.database - INFO - Database connection closed and engine disposed
2026-03-12 11:43:42,928 - main - INFO - === Application shutdown completed successfully ===
