2026-03-12 11:16:44,043 - main - INFO - === Logging system initialized ===
2026-03-12 11:16:44,043 - main - INFO - Log file: logs\app_20260312_111644.log
2026-03-12 11:16:44,043 - main - INFO - Environment: dev
2026-03-12 11:16:44,043 - main - INFO - Timestamp: 20260312_111644
2026-03-12 11:16:44,057 - main - INFO - Included router from routers.aihub
2026-03-12 11:16:44,206 - main - INFO - Included router from routers.auth
2026-03-12 11:16:44,208 - main - INFO - Included router from routers.config
2026-03-12 11:16:44,226 - main - INFO - Included router from routers.content_pages
2026-03-12 11:16:44,284 - main - INFO - Included router from routers.course_materials
2026-03-12 11:16:44,330 - main - INFO - Included router from routers.course_modules
2026-03-12 11:16:44,349 - main - INFO - Included router from routers.courses
2026-03-12 11:16:44,365 - main - INFO - Included router from routers.enrollments
2026-03-12 11:16:44,383 - main - INFO - Included router from routers.faqs
2026-03-12 11:16:44,385 - main - INFO - Included router from routers.health
2026-03-12 11:16:44,404 - main - INFO - Included router from routers.notifications
2026-03-12 11:16:44,418 - main - INFO - Included router from routers.progress_tracking
2026-03-12 11:16:44,432 - main - INFO - Included router from routers.quiz_attempts
2026-03-12 11:16:44,444 - main - INFO - Included router from routers.quiz_questions
2026-03-12 11:16:44,454 - main - INFO - Included router from routers.quizzes
2026-03-12 11:16:44,492 - main - INFO - Included router from routers.registrations
2026-03-12 11:16:44,508 - main - INFO - Included router from routers.resources
2026-03-12 11:16:44,526 - main - INFO - Included router from routers.schedules
2026-03-12 11:16:44,536 - main - INFO - Included router from routers.settings
2026-03-12 11:16:44,554 - main - INFO - Included router from routers.storage
2026-03-12 11:16:44,562 - main - INFO - Included router from routers.user
2026-03-12 11:16:44,562 - main - INFO - Total routers discovered and included: 21
2026-03-12 11:16:44,564 - main - INFO - === Application startup initiated ===
2026-03-12 11:16:44,564 - core.database - INFO - Starting database initialization...
2026-03-12 11:16:44,565 - core.database - INFO - Using QueuePool with connection pooling for non-lambda environment
2026-03-12 11:16:44,586 - core.database - INFO - Database engine created successfully
2026-03-12 11:16:44,586 - core.database - INFO - Database connection created successfully
2026-03-12 11:16:44,587 - core.database - INFO - Starting table creation...
2026-03-12 11:16:44,587 - core.database - INFO - Starting table creation...
2026-03-12 11:16:44,605 - core.database - INFO - Tables initialized successfully
2026-03-12 11:16:44,605 - core.database - INFO - Checking for structural repairs in existing tables...
2026-03-12 11:16:44,642 - core.database - INFO - Table structure repair completed in 0.0375s
2026-03-12 11:16:44,764 - main - INFO - === Application startup completed successfully ===
2026-03-12 11:20:16,370 - routers.auth - INFO - Initiating OIDC login with redirect_uri: http://localhost:8000/api/v1/auth/callback
2026-03-12 11:22:26,847 - routers.auth - INFO - Initiating OIDC login with redirect_uri: http://localhost:8000/api/v1/auth/callback
2026-03-12 11:22:37,908 - routers.auth - INFO - Initiating OIDC login with redirect_uri: http://localhost:8000/api/v1/auth/callback
2026-03-12 11:22:41,237 - routers.auth - INFO - Initiating OIDC login with redirect_uri: http://localhost:8000/api/v1/auth/callback
2026-03-12 11:30:39,636 - routers.auth - INFO - Initiating OIDC login with redirect_uri: http://localhost:8000/api/v1/auth/callback
2026-03-12 11:31:00,034 - routers.auth - INFO - Initiating OIDC login with redirect_uri: http://localhost:8000/api/v1/auth/callback
2026-03-12 11:42:09,185 - main - INFO - === Application shutdown initiated ===
2026-03-12 11:42:09,185 - core.database - INFO - Closing database connection...
2026-03-12 11:42:09,188 - core.database - INFO - Database connection closed and engine disposed
2026-03-12 11:42:09,188 - main - INFO - === Application shutdown completed successfully ===
