2026-03-12 11:08:20,032 - main - INFO - === Logging system initialized ===
2026-03-12 11:08:20,032 - main - INFO - Log file: logs\app_20260312_110820.log
2026-03-12 11:08:20,032 - main - INFO - Environment: dev
2026-03-12 11:08:20,032 - main - INFO - Timestamp: 20260312_110820
2026-03-12 11:08:20,048 - main - INFO - Included router from routers.aihub
2026-03-12 11:08:20,198 - main - INFO - Included router from routers.auth
2026-03-12 11:08:20,200 - main - INFO - Included router from routers.config
2026-03-12 11:08:20,222 - main - INFO - Included router from routers.content_pages
2026-03-12 11:08:20,239 - main - INFO - Included router from routers.course_materials
2026-03-12 11:08:20,255 - main - INFO - Included router from routers.course_modules
2026-03-12 11:08:20,273 - main - INFO - Included router from routers.courses
2026-03-12 11:08:20,287 - main - INFO - Included router from routers.enrollments
2026-03-12 11:08:20,304 - main - INFO - Included router from routers.faqs
2026-03-12 11:08:20,305 - main - INFO - Included router from routers.health
2026-03-12 11:08:20,323 - main - INFO - Included router from routers.notifications
2026-03-12 11:08:20,338 - main - INFO - Included router from routers.progress_tracking
2026-03-12 11:08:20,350 - main - INFO - Included router from routers.quiz_attempts
2026-03-12 11:08:20,359 - main - INFO - Included router from routers.quiz_questions
2026-03-12 11:08:20,371 - main - INFO - Included router from routers.quizzes
2026-03-12 11:08:20,429 - main - INFO - Included router from routers.registrations
2026-03-12 11:08:20,451 - main - INFO - Included router from routers.resources
2026-03-12 11:08:20,471 - main - INFO - Included router from routers.schedules
2026-03-12 11:08:20,484 - main - INFO - Included router from routers.settings
2026-03-12 11:08:20,506 - main - INFO - Included router from routers.storage
2026-03-12 11:08:20,511 - main - INFO - Included router from routers.user
2026-03-12 11:08:20,512 - main - INFO - Total routers discovered and included: 21
2026-03-12 11:08:20,514 - main - INFO - === Application startup initiated ===
2026-03-12 11:08:20,515 - core.database - INFO - Starting database initialization...
2026-03-12 11:08:20,515 - core.database - INFO - Using QueuePool with connection pooling for non-lambda environment
2026-03-12 11:08:20,536 - core.database - INFO - Database engine created successfully
2026-03-12 11:08:20,537 - core.database - INFO - Database connection created successfully
2026-03-12 11:08:20,537 - core.database - INFO - Starting table creation...
2026-03-12 11:08:20,537 - core.database - INFO - Starting table creation...
2026-03-12 11:08:20,557 - core.database - INFO - Tables initialized successfully
2026-03-12 11:08:20,557 - core.database - INFO - Checking for structural repairs in existing tables...
2026-03-12 11:08:20,592 - core.database - INFO - Table structure repair completed in 0.0349s
2026-03-12 11:08:20,721 - main - INFO - === Application startup completed successfully ===
2026-03-12 11:09:41,860 - core.database - ERROR - Database session error: 500: Internal server error: (builtins.AttributeError) 'int' object has no attribute 'utc'
[SQL: INSERT INTO registrations (user_id, registration_type, participant_role, status, institution_name, institution_country, institution_email, institution_phone, number_of_participants, first_name, last_name, email, phone, country, university, dietary_requirements, special_needs, created_at) VALUES (?, ?, ?, ?, ?, ?, ?, ?, ?, ?, ?, ?, ?, ?, ?, ?, ?, ?)]
[parameters: [{'first_name': 'Okwoli', 'country': 'Nigeria', 'special_needs': 'None', 'phone': '+2348124605849', 'last_name': 'Joshua', 'email': 'okwjosh123@gmail.c ... (167 characters truncated) ... ution_email': None, 'institution_name': None, 'institution_phone': None, 'institution_country': None, 'user_id': None, 'number_of_participants': None}]]
2026-03-12 11:10:11,323 - main - INFO - === Application shutdown initiated ===
2026-03-12 11:10:11,323 - core.database - INFO - Closing database connection...
2026-03-12 11:10:11,326 - core.database - INFO - Database connection closed and engine disposed
2026-03-12 11:10:11,326 - main - INFO - === Application shutdown completed successfully ===
