2026-03-12 12:28:59,854 - main - INFO - === Logging system initialized ===
2026-03-12 12:28:59,854 - main - INFO - Log file: logs\app_20260312_122859.log
2026-03-12 12:28:59,855 - main - INFO - Environment: dev
2026-03-12 12:28:59,855 - main - INFO - Timestamp: 20260312_122859
2026-03-12 12:28:59,868 - main - INFO - Included router from routers.aihub
2026-03-12 12:29:00,020 - main - INFO - Included router from routers.auth
2026-03-12 12:29:00,021 - main - INFO - Included router from routers.config
2026-03-12 12:29:00,038 - main - INFO - Included router from routers.content_pages
2026-03-12 12:29:00,055 - main - INFO - Included router from routers.course_materials
2026-03-12 12:29:00,070 - main - INFO - Included router from routers.course_modules
2026-03-12 12:29:00,087 - main - INFO - Included router from routers.courses
2026-03-12 12:29:00,101 - main - INFO - Included router from routers.enrollments
2026-03-12 12:29:00,116 - main - INFO - Included router from routers.faqs
2026-03-12 12:29:00,117 - main - INFO - Included router from routers.health
2026-03-12 12:29:00,135 - main - INFO - Included router from routers.notifications
2026-03-12 12:29:00,150 - main - INFO - Included router from routers.progress_tracking
2026-03-12 12:29:00,163 - main - INFO - Included router from routers.quiz_attempts
2026-03-12 12:29:00,173 - main - INFO - Included router from routers.quiz_questions
2026-03-12 12:29:00,185 - main - INFO - Included router from routers.quizzes
2026-03-12 12:29:00,207 - main - INFO - Included router from routers.registrations
2026-03-12 12:29:00,233 - main - INFO - Included router from routers.resources
2026-03-12 12:29:00,251 - main - INFO - Included router from routers.schedules
2026-03-12 12:29:00,266 - main - INFO - Included router from routers.settings
2026-03-12 12:29:00,281 - main - INFO - Included router from routers.storage
2026-03-12 12:29:00,286 - main - INFO - Included router from routers.user
2026-03-12 12:29:00,286 - main - INFO - Total routers discovered and included: 21
2026-03-12 12:29:00,288 - main - INFO - === Application startup initiated ===
2026-03-12 12:29:00,288 - core.database - INFO - Starting database initialization...
2026-03-12 12:29:00,288 - core.database - INFO - Using QueuePool with connection pooling for non-lambda environment
2026-03-12 12:29:00,308 - core.database - INFO - Database engine created successfully
2026-03-12 12:29:00,308 - core.database - INFO - Database connection created successfully
2026-03-12 12:29:00,309 - core.database - INFO - Starting table creation...
2026-03-12 12:29:00,309 - core.database - INFO - Starting table creation...
2026-03-12 12:29:00,326 - core.database - INFO - Tables initialized successfully
2026-03-12 12:29:00,327 - core.database - INFO - Checking for structural repairs in existing tables...
2026-03-12 12:29:00,357 - core.database - INFO - Table structure repair completed in 0.0304s
2026-03-12 12:29:00,426 - main - INFO - === Application startup completed successfully ===
2026-03-12 12:29:10,135 - routers.auth - INFO - Initiating OIDC login with redirect_uri: http://localhost:8000/api/v1/auth/callback
2026-03-12 12:30:40,492 - routers.auth - INFO - Initiating OIDC login with redirect_uri: http://localhost:8000/api/v1/auth/callback
2026-03-12 12:30:56,604 - routers.auth - INFO - Initiating OIDC login with redirect_uri: http://localhost:8000/api/v1/auth/callback
2026-03-12 12:31:14,187 - main - INFO - === Application shutdown initiated ===
2026-03-12 12:31:14,187 - core.database - INFO - Closing database connection...
2026-03-12 12:31:14,189 - core.database - INFO - Database connection closed and engine disposed
2026-03-12 12:31:14,190 - main - INFO - === Application shutdown completed successfully ===
