2026-03-10 14:58:27,626 - main - INFO - === Logging system initialized ===
2026-03-10 14:58:27,626 - main - INFO - Log file: logs\app_20260310_145827.log
2026-03-10 14:58:27,627 - main - INFO - Environment: dev
2026-03-10 14:58:27,627 - main - INFO - Timestamp: 20260310_145827
2026-03-10 14:58:27,658 - main - WARNING - Failed to import module 'routers.aihub': routers.aihub
Traceback (most recent call last):
  File "C:\Users\Lenovo 10GEN\Desktop\paudc_site\backend\main.py", line 111, in include_routers_from_package
    module = importlib.import_module(module_name)
  File "C:\Program Files\WindowsApps\PythonSoftwareFoundation.Python.3.13_3.13.3312.0_x64__qbz5n2kfra8p0\Lib\importlib\__init__.py", line 88, in import_module
    return _bootstrap._gcd_import(name[level:], package, level)
           ~~~~~~~~~~~~~~~~~~~~~~^^^^^^^^^^^^^^^^^^^^^^^^^^^^^^
  File "<frozen importlib._bootstrap>", line 1387, in _gcd_import
  File "<frozen importlib._bootstrap>", line 1360, in _find_and_load
  File "<frozen importlib._bootstrap>", line 1331, in _find_and_load_unlocked
  File "<frozen importlib._bootstrap>", line 935, in _load_unlocked
  File "<frozen importlib._bootstrap_external>", line 1019, in exec_module
  File "<frozen importlib._bootstrap_external>", line 1157, in get_code
  File "<frozen importlib._bootstrap_external>", line 1087, in source_to_code
  File "<frozen importlib._bootstrap>", line 488, in _call_with_frames_removed
  File "C:\Users\Lenovo 10GEN\Desktop\paudc_site\backend\routers\aihub.py", line 8
    from sse_starlette.sse import EventSourceResponsefrom services.aihub import generate_image, generate_text
                                                          ^^^^^^^^
SyntaxError: invalid syntax
2026-03-10 14:58:27,796 - main - WARNING - Failed to import module 'routers.auth': routers.auth
Traceback (most recent call last):
  File "C:\Users\Lenovo 10GEN\Desktop\paudc_site\backend\main.py", line 111, in include_routers_from_package
    module = importlib.import_module(module_name)
  File "C:\Program Files\WindowsApps\PythonSoftwareFoundation.Python.3.13_3.13.3312.0_x64__qbz5n2kfra8p0\Lib\importlib\__init__.py", line 88, in import_module
    return _bootstrap._gcd_import(name[level:], package, level)
           ~~~~~~~~~~~~~~~~~~~~~~^^^^^^^^^^^^^^^^^^^^^^^^^^^^^^
  File "<frozen importlib._bootstrap>", line 1387, in _gcd_import
  File "<frozen importlib._bootstrap>", line 1360, in _find_and_load
  File "<frozen importlib._bootstrap>", line 1331, in _find_and_load_unlocked
  File "<frozen importlib._bootstrap>", line 935, in _load_unlocked
  File "<frozen importlib._bootstrap_external>", line 1023, in exec_module
  File "<frozen importlib._bootstrap>", line 488, in _call_with_frames_removed
  File "C:\Users\Lenovo 10GEN\Desktop\paudc_site\backend\routers\auth.py", line 9, in <module>
    from core.auth import (
    ...<8 lines>...
    )
ImportError: cannot import name 'get_current_user' from 'core.auth' (C:\Users\Lenovo 10GEN\Desktop\paudc_site\backend\core\auth.py)
2026-03-10 14:58:27,813 - main - INFO - Included router from routers.content_pages
2026-03-10 14:58:27,829 - main - INFO - Included router from routers.course_materials
2026-03-10 14:58:27,844 - main - INFO - Included router from routers.course_modules
2026-03-10 14:58:27,861 - main - INFO - Included router from routers.courses
2026-03-10 14:58:27,866 - main - WARNING - Failed to import module 'routers.enrollments': routers.enrollments
Traceback (most recent call last):
  File "C:\Users\Lenovo 10GEN\Desktop\paudc_site\backend\main.py", line 111, in include_routers_from_package
    module = importlib.import_module(module_name)
  File "C:\Program Files\WindowsApps\PythonSoftwareFoundation.Python.3.13_3.13.3312.0_x64__qbz5n2kfra8p0\Lib\importlib\__init__.py", line 88, in import_module
    return _bootstrap._gcd_import(name[level:], package, level)
           ~~~~~~~~~~~~~~~~~~~~~~^^^^^^^^^^^^^^^^^^^^^^^^^^^^^^
  File "<frozen importlib._bootstrap>", line 1387, in _gcd_import
  File "<frozen importlib._bootstrap>", line 1360, in _find_and_load
  File "<frozen importlib._bootstrap>", line 1331, in _find_and_load_unlocked
  File "<frozen importlib._bootstrap>", line 935, in _load_unlocked
  File "<frozen importlib._bootstrap_external>", line 1023, in exec_module
  File "<frozen importlib._bootstrap>", line 488, in _call_with_frames_removed
  File "C:\Users\Lenovo 10GEN\Desktop\paudc_site\backend\routers\enrollments.py", line 12, in <module>
    from models.user import User
ModuleNotFoundError: No module named 'models.user'
2026-03-10 14:58:27,884 - main - INFO - Included router from routers.faqs
2026-03-10 14:58:27,885 - main - INFO - Included router from routers.health
2026-03-10 14:58:27,886 - main - WARNING - Failed to import module 'routers.notifications': routers.notifications
Traceback (most recent call last):
  File "C:\Users\Lenovo 10GEN\Desktop\paudc_site\backend\main.py", line 111, in include_routers_from_package
    module = importlib.import_module(module_name)
  File "C:\Program Files\WindowsApps\PythonSoftwareFoundation.Python.3.13_3.13.3312.0_x64__qbz5n2kfra8p0\Lib\importlib\__init__.py", line 88, in import_module
    return _bootstrap._gcd_import(name[level:], package, level)
           ~~~~~~~~~~~~~~~~~~~~~~^^^^^^^^^^^^^^^^^^^^^^^^^^^^^^
  File "<frozen importlib._bootstrap>", line 1387, in _gcd_import
  File "<frozen importlib._bootstrap>", line 1360, in _find_and_load
  File "<frozen importlib._bootstrap>", line 1331, in _find_and_load_unlocked
  File "<frozen importlib._bootstrap>", line 935, in _load_unlocked
  File "<frozen importlib._bootstrap_external>", line 1023, in exec_module
  File "<frozen importlib._bootstrap>", line 488, in _call_with_frames_removed
  File "C:\Users\Lenovo 10GEN\Desktop\paudc_site\backend\routers\notifications.py", line 10, in <module>
    from services.notifications import NotificationsService
ModuleNotFoundError: No module named 'services.notifications'
2026-03-10 14:58:27,889 - main - WARNING - Failed to import module 'routers.progress_tracking': routers.progress_tracking
Traceback (most recent call last):
  File "C:\Users\Lenovo 10GEN\Desktop\paudc_site\backend\main.py", line 111, in include_routers_from_package
    module = importlib.import_module(module_name)
  File "C:\Program Files\WindowsApps\PythonSoftwareFoundation.Python.3.13_3.13.3312.0_x64__qbz5n2kfra8p0\Lib\importlib\__init__.py", line 88, in import_module
    return _bootstrap._gcd_import(name[level:], package, level)
           ~~~~~~~~~~~~~~~~~~~~~~^^^^^^^^^^^^^^^^^^^^^^^^^^^^^^
  File "<frozen importlib._bootstrap>", line 1387, in _gcd_import
  File "<frozen importlib._bootstrap>", line 1360, in _find_and_load
  File "<frozen importlib._bootstrap>", line 1331, in _find_and_load_unlocked
  File "<frozen importlib._bootstrap>", line 935, in _load_unlocked
  File "<frozen importlib._bootstrap_external>", line 1023, in exec_module
  File "<frozen importlib._bootstrap>", line 488, in _call_with_frames_removed
  File "C:\Users\Lenovo 10GEN\Desktop\paudc_site\backend\routers\progress_tracking.py", line 12, in <module>
    from models.user import User
ModuleNotFoundError: No module named 'models.user'
2026-03-10 14:58:27,891 - main - WARNING - Failed to import module 'routers.quiz_attempts': routers.quiz_attempts
Traceback (most recent call last):
  File "C:\Users\Lenovo 10GEN\Desktop\paudc_site\backend\main.py", line 111, in include_routers_from_package
    module = importlib.import_module(module_name)
  File "C:\Program Files\WindowsApps\PythonSoftwareFoundation.Python.3.13_3.13.3312.0_x64__qbz5n2kfra8p0\Lib\importlib\__init__.py", line 88, in import_module
    return _bootstrap._gcd_import(name[level:], package, level)
           ~~~~~~~~~~~~~~~~~~~~~~^^^^^^^^^^^^^^^^^^^^^^^^^^^^^^
  File "<frozen importlib._bootstrap>", line 1387, in _gcd_import
  File "<frozen importlib._bootstrap>", line 1360, in _find_and_load
  File "<frozen importlib._bootstrap>", line 1331, in _find_and_load_unlocked
  File "<frozen importlib._bootstrap>", line 935, in _load_unlocked
  File "<frozen importlib._bootstrap_external>", line 1023, in exec_module
  File "<frozen importlib._bootstrap>", line 488, in _call_with_frames_removed
  File "C:\Users\Lenovo 10GEN\Desktop\paudc_site\backend\routers\quiz_attempts.py", line 12, in <module>
    from models.user import User
ModuleNotFoundError: No module named 'models.user'
2026-03-10 14:58:27,904 - main - INFO - Included router from routers.quiz_questions
2026-03-10 14:58:27,916 - main - INFO - Included router from routers.quizzes
2026-03-10 14:58:27,917 - main - WARNING - Failed to import module 'routers.registrations': routers.registrations
Traceback (most recent call last):
  File "C:\Users\Lenovo 10GEN\Desktop\paudc_site\backend\main.py", line 111, in include_routers_from_package
    module = importlib.import_module(module_name)
  File "C:\Program Files\WindowsApps\PythonSoftwareFoundation.Python.3.13_3.13.3312.0_x64__qbz5n2kfra8p0\Lib\importlib\__init__.py", line 88, in import_module
    return _bootstrap._gcd_import(name[level:], package, level)
           ~~~~~~~~~~~~~~~~~~~~~~^^^^^^^^^^^^^^^^^^^^^^^^^^^^^^
  File "<frozen importlib._bootstrap>", line 1387, in _gcd_import
  File "<frozen importlib._bootstrap>", line 1360, in _find_and_load
  File "<frozen importlib._bootstrap>", line 1331, in _find_and_load_unlocked
  File "<frozen importlib._bootstrap>", line 935, in _load_unlocked
  File "<frozen importlib._bootstrap_external>", line 1023, in exec_module
  File "<frozen importlib._bootstrap>", line 488, in _call_with_frames_removed
  File "C:\Users\Lenovo 10GEN\Desktop\paudc_site\backend\routers\registrations.py", line 11, in <module>
    from models.user import User
ModuleNotFoundError: No module named 'models.user'
2026-03-10 14:58:27,919 - main - WARNING - Failed to import module 'routers.resources': routers.resources
Traceback (most recent call last):
  File "C:\Users\Lenovo 10GEN\Desktop\paudc_site\backend\main.py", line 111, in include_routers_from_package
    module = importlib.import_module(module_name)
  File "C:\Program Files\WindowsApps\PythonSoftwareFoundation.Python.3.13_3.13.3312.0_x64__qbz5n2kfra8p0\Lib\importlib\__init__.py", line 88, in import_module
    return _bootstrap._gcd_import(name[level:], package, level)
           ~~~~~~~~~~~~~~~~~~~~~~^^^^^^^^^^^^^^^^^^^^^^^^^^^^^^
  File "<frozen importlib._bootstrap>", line 1387, in _gcd_import
  File "<frozen importlib._bootstrap>", line 1360, in _find_and_load
  File "<frozen importlib._bootstrap>", line 1331, in _find_and_load_unlocked
  File "<frozen importlib._bootstrap>", line 935, in _load_unlocked
  File "<frozen importlib._bootstrap_external>", line 1023, in exec_module
  File "<frozen importlib._bootstrap>", line 488, in _call_with_frames_removed
  File "C:\Users\Lenovo 10GEN\Desktop\paudc_site\backend\routers\resources.py", line 10, in <module>
    from services.resources import ResourcesService
ModuleNotFoundError: No module named 'services.resources'
2026-03-10 14:58:27,941 - main - INFO - Included router from routers.schedules
2026-03-10 14:58:27,942 - main - WARNING - Failed to import module 'routers.settings': routers.settings
Traceback (most recent call last):
  File "C:\Users\Lenovo 10GEN\Desktop\paudc_site\backend\main.py", line 111, in include_routers_from_package
    module = importlib.import_module(module_name)
  File "C:\Program Files\WindowsApps\PythonSoftwareFoundation.Python.3.13_3.13.3312.0_x64__qbz5n2kfra8p0\Lib\importlib\__init__.py", line 88, in import_module
    return _bootstrap._gcd_import(name[level:], package, level)
           ~~~~~~~~~~~~~~~~~~~~~~^^^^^^^^^^^^^^^^^^^^^^^^^^^^^^
  File "<frozen importlib._bootstrap>", line 1387, in _gcd_import
  File "<frozen importlib._bootstrap>", line 1360, in _find_and_load
  File "<frozen importlib._bootstrap>", line 1331, in _find_and_load_unlocked
  File "<frozen importlib._bootstrap>", line 935, in _load_unlocked
  File "<frozen importlib._bootstrap_external>", line 1023, in exec_module
  File "<frozen importlib._bootstrap>", line 488, in _call_with_frames_removed
  File "C:\Users\Lenovo 10GEN\Desktop\paudc_site\backend\routers\settings.py", line 9, in <module>
    from models.user import User
ModuleNotFoundError: No module named 'models.user'
2026-03-10 14:58:27,945 - main - WARNING - Failed to import module 'routers.storage': routers.storage
Traceback (most recent call last):
  File "C:\Users\Lenovo 10GEN\Desktop\paudc_site\backend\main.py", line 111, in include_routers_from_package
    module = importlib.import_module(module_name)
  File "C:\Program Files\WindowsApps\PythonSoftwareFoundation.Python.3.13_3.13.3312.0_x64__qbz5n2kfra8p0\Lib\importlib\__init__.py", line 88, in import_module
    return _bootstrap._gcd_import(name[level:], package, level)
           ~~~~~~~~~~~~~~~~~~~~~~^^^^^^^^^^^^^^^^^^^^^^^^^^^^^^
  File "<frozen importlib._bootstrap>", line 1387, in _gcd_import
  File "<frozen importlib._bootstrap>", line 1360, in _find_and_load
  File "<frozen importlib._bootstrap>", line 1331, in _find_and_load_unlocked
  File "<frozen importlib._bootstrap>", line 935, in _load_unlocked
  File "<frozen importlib._bootstrap_external>", line 1023, in exec_module
  File "<frozen importlib._bootstrap>", line 488, in _call_with_frames_removed
  File "C:\Users\Lenovo 10GEN\Desktop\paudc_site\backend\routers\storage.py", line 8, in <module>
    from models.user import User
ModuleNotFoundError: No module named 'models.user'
2026-03-10 14:58:27,947 - main - WARNING - Failed to import module 'routers.user': routers.user
Traceback (most recent call last):
  File "C:\Users\Lenovo 10GEN\Desktop\paudc_site\backend\main.py", line 111, in include_routers_from_package
    module = importlib.import_module(module_name)
  File "C:\Program Files\WindowsApps\PythonSoftwareFoundation.Python.3.13_3.13.3312.0_x64__qbz5n2kfra8p0\Lib\importlib\__init__.py", line 88, in import_module
    return _bootstrap._gcd_import(name[level:], package, level)
           ~~~~~~~~~~~~~~~~~~~~~~^^^^^^^^^^^^^^^^^^^^^^^^^^^^^^
  File "<frozen importlib._bootstrap>", line 1387, in _gcd_import
  File "<frozen importlib._bootstrap>", line 1360, in _find_and_load
  File "<frozen importlib._bootstrap>", line 1331, in _find_and_load_unlocked
  File "<frozen importlib._bootstrap>", line 935, in _load_unlocked
  File "<frozen importlib._bootstrap_external>", line 1023, in exec_module
  File "<frozen importlib._bootstrap>", line 488, in _call_with_frames_removed
  File "C:\Users\Lenovo 10GEN\Desktop\paudc_site\backend\routers\user.py", line 10, in <module>
    from models.user import User
ModuleNotFoundError: No module named 'models.user'
2026-03-10 14:58:27,948 - main - INFO - Total routers discovered and included: 9
2026-03-10 14:58:27,949 - main - INFO - === Application startup initiated ===
2026-03-10 14:58:27,950 - core.database - INFO - Starting database initialization...
2026-03-10 14:58:27,950 - core.database - INFO - Using QueuePool with connection pooling for non-lambda environment
2026-03-10 14:58:27,972 - core.database - INFO - Database engine created successfully
2026-03-10 14:58:27,972 - core.database - INFO - Database connection created successfully
2026-03-10 14:58:27,972 - core.database - INFO - Starting table creation...
2026-03-10 14:58:27,972 - core.database - INFO - Starting table creation...
2026-03-10 14:58:27,983 - core.database - INFO - Tables initialized successfully
2026-03-10 14:58:27,983 - core.database - INFO - Checking for structural repairs in existing tables...
2026-03-10 14:58:28,004 - core.database - INFO - Table structure repair completed in 0.0206s
2026-03-10 14:58:28,035 - services.mock_data - ERROR - Error loading mock data from course_modules.json: 'coroutine' object has no attribute 'columns'
2026-03-10 14:58:28,037 - services.mock_data - ERROR - Error loading mock data from course_materials.json: 'coroutine' object has no attribute 'columns'
2026-03-10 14:58:28,039 - services.mock_data - ERROR - Error loading mock data from content_pages.json: 'coroutine' object has no attribute 'columns'
2026-03-10 14:58:28,039 - services.mock_data - ERROR - Error loading mock data from course.json: 'coroutine' object has no attribute 'columns'
2026-03-10 14:58:28,040 - services.mock_data - ERROR - Error loading mock data from enrollments.json: 'coroutine' object has no attribute 'columns'
2026-03-10 14:58:28,054 - services.mock_data - ERROR - Error loading mock data from faqs.json: 'coroutine' object has no attribute 'columns'
2026-03-10 14:58:28,055 - services.mock_data - ERROR - Error loading mock data from notifications.json: 'coroutine' object has no attribute 'columns'
2026-03-10 14:58:28,056 - services.mock_data - ERROR - Error loading mock data from quiz_questions.json: 'coroutine' object has no attribute 'columns'
2026-03-10 14:58:28,056 - services.mock_data - ERROR - Error loading mock data from quiz-attempts.json: 'coroutine' object has no attribute 'columns'
2026-03-10 14:58:28,058 - services.mock_data - ERROR - Error loading mock data from progress_tracking.json: 'coroutine' object has no attribute 'columns'
2026-03-10 14:58:28,086 - services.mock_data - ERROR - Error loading mock data from quizzes.json: 'coroutine' object has no attribute 'columns'
2026-03-10 14:58:28,087 - services.mock_data - ERROR - Error loading mock data from registration.json: 'coroutine' object has no attribute 'columns'
2026-03-10 14:58:28,087 - services.mock_data - ERROR - Error loading mock data from schedules.json: 'coroutine' object has no attribute 'columns'
2026-03-10 14:58:28,088 - services.mock_data - ERROR - Error loading mock data from resources.json: 'coroutine' object has no attribute 'columns'
2026-03-10 14:58:28,088 - main - INFO - === Application startup completed successfully ===
2026-03-10 14:58:29,820 - main - INFO - === Application shutdown initiated ===
2026-03-10 14:58:29,820 - core.database - INFO - Closing database connection...
2026-03-10 14:58:29,825 - core.database - INFO - Database connection closed and engine disposed
2026-03-10 14:58:29,825 - main - INFO - === Application shutdown completed successfully ===
