2026-03-12 13:05:21,047 - main - INFO - === Logging system initialized ===
2026-03-12 13:05:21,048 - main - INFO - Log file: logs\app_20260312_130521.log
2026-03-12 13:05:21,048 - main - INFO - Environment: dev
2026-03-12 13:05:21,048 - main - INFO - Timestamp: 20260312_130521
2026-03-12 13:05:21,069 - main - INFO - Included router from routers.aihub
2026-03-12 13:05:21,241 - main - INFO - Included router from routers.auth
2026-03-12 13:05:21,242 - main - INFO - Included router from routers.config
2026-03-12 13:05:21,261 - main - INFO - Included router from routers.content_pages
2026-03-12 13:05:21,280 - main - INFO - Included router from routers.course_materials
2026-03-12 13:05:21,296 - main - INFO - Included router from routers.course_modules
2026-03-12 13:05:21,314 - main - INFO - Included router from routers.courses
2026-03-12 13:05:21,328 - main - INFO - Included router from routers.enrollments
2026-03-12 13:05:21,348 - main - INFO - Included router from routers.faqs
2026-03-12 13:05:21,349 - main - INFO - Included router from routers.health
2026-03-12 13:05:21,371 - main - INFO - Included router from routers.notifications
2026-03-12 13:05:21,386 - main - INFO - Included router from routers.progress_tracking
2026-03-12 13:05:21,399 - main - INFO - Included router from routers.quiz_attempts
2026-03-12 13:05:21,408 - main - INFO - Included router from routers.quiz_questions
2026-03-12 13:05:21,418 - main - INFO - Included router from routers.quizzes
2026-03-12 13:05:21,443 - main - INFO - Included router from routers.registrations
2026-03-12 13:05:21,463 - main - INFO - Included router from routers.resources
2026-03-12 13:05:21,484 - main - INFO - Included router from routers.schedules
2026-03-12 13:05:21,498 - main - INFO - Included router from routers.settings
2026-03-12 13:05:21,513 - main - INFO - Included router from routers.storage
2026-03-12 13:05:21,519 - main - INFO - Included router from routers.user
2026-03-12 13:05:21,520 - main - INFO - Total routers discovered and included: 21
2026-03-12 13:05:21,522 - main - INFO - === Application startup initiated ===
2026-03-12 13:05:21,523 - core.database - INFO - Starting database initialization...
2026-03-12 13:05:21,523 - core.database - INFO - Using QueuePool with connection pooling for non-lambda environment
2026-03-12 13:05:21,542 - core.database - INFO - Database engine created successfully
2026-03-12 13:05:21,542 - core.database - INFO - Database connection created successfully
2026-03-12 13:05:21,543 - core.database - INFO - Starting table creation...
2026-03-12 13:05:21,543 - core.database - INFO - Starting table creation...
2026-03-12 13:05:21,557 - core.database - INFO - Tables initialized successfully
2026-03-12 13:05:21,557 - core.database - INFO - Checking for structural repairs in existing tables...
2026-03-12 13:05:21,589 - core.database - INFO - Table structure repair completed in 0.0318s
2026-03-12 13:05:21,654 - main - INFO - === Application startup completed successfully ===
2026-03-12 13:05:22,657 - main - INFO - === Application shutdown initiated ===
2026-03-12 13:05:22,657 - core.database - INFO - Closing database connection...
2026-03-12 13:05:22,659 - core.database - INFO - Database connection closed and engine disposed
2026-03-12 13:05:22,659 - main - INFO - === Application shutdown completed successfully ===
