2026-03-11 18:16:27,882 - main - INFO - === Logging system initialized ===
2026-03-11 18:16:27,882 - main - INFO - Log file: logs\app_20260311_181627.log
2026-03-11 18:16:27,883 - main - INFO - Environment: dev
2026-03-11 18:16:27,883 - main - INFO - Timestamp: 20260311_181627
2026-03-11 18:16:27,901 - main - INFO - Included router from routers.aihub
2026-03-11 18:16:28,085 - main - INFO - Included router from routers.auth
2026-03-11 18:16:28,086 - main - INFO - Included router from routers.config
2026-03-11 18:16:28,107 - main - INFO - Included router from routers.content_pages
2026-03-11 18:16:28,124 - main - INFO - Included router from routers.course_materials
2026-03-11 18:16:28,140 - main - INFO - Included router from routers.course_modules
2026-03-11 18:16:28,157 - main - INFO - Included router from routers.courses
2026-03-11 18:16:28,169 - main - INFO - Included router from routers.enrollments
2026-03-11 18:16:28,186 - main - INFO - Included router from routers.faqs
2026-03-11 18:16:28,187 - main - INFO - Included router from routers.health
2026-03-11 18:16:28,203 - main - INFO - Included router from routers.notifications
2026-03-11 18:16:28,220 - main - INFO - Included router from routers.progress_tracking
2026-03-11 18:16:28,234 - main - INFO - Included router from routers.quiz_attempts
2026-03-11 18:16:28,244 - main - INFO - Included router from routers.quiz_questions
2026-03-11 18:16:28,256 - main - INFO - Included router from routers.quizzes
2026-03-11 18:16:28,304 - main - INFO - Included router from routers.registrations
2026-03-11 18:16:28,325 - main - INFO - Included router from routers.resources
2026-03-11 18:16:28,340 - main - INFO - Included router from routers.schedules
2026-03-11 18:16:28,359 - main - INFO - Included router from routers.settings
2026-03-11 18:16:28,405 - main - INFO - Included router from routers.storage
2026-03-11 18:16:28,421 - main - INFO - Included router from routers.user
2026-03-11 18:16:28,421 - main - INFO - Total routers discovered and included: 21
2026-03-11 18:16:28,422 - main - INFO - === Application startup initiated ===
2026-03-11 18:16:28,422 - core.database - INFO - Starting database initialization...
2026-03-11 18:16:28,422 - core.database - INFO - Using QueuePool with connection pooling for non-lambda environment
2026-03-11 18:16:28,440 - core.database - INFO - Database engine created successfully
2026-03-11 18:16:28,441 - core.database - INFO - Database connection created successfully
2026-03-11 18:16:28,441 - core.database - INFO - Starting table creation...
2026-03-11 18:16:28,441 - core.database - INFO - Starting table creation...
2026-03-11 18:16:28,457 - core.database - INFO - Tables initialized successfully
2026-03-11 18:16:28,457 - core.database - INFO - Checking for structural repairs in existing tables...
2026-03-11 18:16:28,497 - core.database - INFO - Table structure repair completed in 0.0398s
2026-03-11 18:16:28,658 - main - INFO - === Application startup completed successfully ===
2026-03-11 18:33:35,034 - main - INFO - === Application shutdown initiated ===
2026-03-11 18:33:35,035 - core.database - INFO - Closing database connection...
2026-03-11 18:33:35,037 - core.database - INFO - Database connection closed and engine disposed
2026-03-11 18:33:35,037 - main - INFO - === Application shutdown completed successfully ===
