2026-03-12 11:51:18,259 - main - INFO - === Logging system initialized ===
2026-03-12 11:51:18,259 - main - INFO - Log file: logs\app_20260312_115118.log
2026-03-12 11:51:18,260 - main - INFO - Environment: dev
2026-03-12 11:51:18,260 - main - INFO - Timestamp: 20260312_115118
2026-03-12 11:51:18,273 - main - INFO - Included router from routers.aihub
2026-03-12 11:51:18,408 - main - INFO - Included router from routers.auth
2026-03-12 11:51:18,410 - main - INFO - Included router from routers.config
2026-03-12 11:51:18,426 - main - INFO - Included router from routers.content_pages
2026-03-12 11:51:18,443 - main - INFO - Included router from routers.course_materials
2026-03-12 11:51:18,458 - main - INFO - Included router from routers.course_modules
2026-03-12 11:51:18,476 - main - INFO - Included router from routers.courses
2026-03-12 11:51:18,490 - main - INFO - Included router from routers.enrollments
2026-03-12 11:51:18,507 - main - INFO - Included router from routers.faqs
2026-03-12 11:51:18,508 - main - INFO - Included router from routers.health
2026-03-12 11:51:18,529 - main - INFO - Included router from routers.notifications
2026-03-12 11:51:18,545 - main - INFO - Included router from routers.progress_tracking
2026-03-12 11:51:18,559 - main - INFO - Included router from routers.quiz_attempts
2026-03-12 11:51:18,569 - main - INFO - Included router from routers.quiz_questions
2026-03-12 11:51:18,579 - main - INFO - Included router from routers.quizzes
2026-03-12 11:51:18,602 - main - INFO - Included router from routers.registrations
2026-03-12 11:51:18,621 - main - INFO - Included router from routers.resources
2026-03-12 11:51:18,639 - main - INFO - Included router from routers.schedules
2026-03-12 11:51:18,650 - main - INFO - Included router from routers.settings
2026-03-12 11:51:18,669 - main - INFO - Included router from routers.storage
2026-03-12 11:51:18,673 - main - INFO - Included router from routers.user
2026-03-12 11:51:18,673 - main - INFO - Total routers discovered and included: 21
2026-03-12 11:51:18,675 - main - INFO - === Application startup initiated ===
2026-03-12 11:51:18,675 - core.database - INFO - Starting database initialization...
2026-03-12 11:51:18,675 - core.database - INFO - Using QueuePool with connection pooling for non-lambda environment
2026-03-12 11:51:18,694 - core.database - INFO - Database engine created successfully
2026-03-12 11:51:18,695 - core.database - INFO - Database connection created successfully
2026-03-12 11:51:18,695 - core.database - INFO - Starting table creation...
2026-03-12 11:51:18,695 - core.database - INFO - Starting table creation...
2026-03-12 11:51:18,709 - core.database - INFO - Tables initialized successfully
2026-03-12 11:51:18,709 - core.database - INFO - Checking for structural repairs in existing tables...
2026-03-12 11:51:18,748 - core.database - INFO - Table structure repair completed in 0.0384s
2026-03-12 11:51:18,841 - main - INFO - === Application startup completed successfully ===
