2026-03-12 11:15:23,782 - main - INFO - === Logging system initialized ===
2026-03-12 11:15:23,782 - main - INFO - Log file: logs\app_20260312_111523.log
2026-03-12 11:15:23,783 - main - INFO - Environment: dev
2026-03-12 11:15:23,783 - main - INFO - Timestamp: 20260312_111523
2026-03-12 11:15:23,805 - main - INFO - Included router from routers.aihub
2026-03-12 11:15:23,996 - main - INFO - Included router from routers.auth
2026-03-12 11:15:23,997 - main - INFO - Included router from routers.config
2026-03-12 11:15:24,014 - main - INFO - Included router from routers.content_pages
2026-03-12 11:15:24,032 - main - INFO - Included router from routers.course_materials
2026-03-12 11:15:24,047 - main - INFO - Included router from routers.course_modules
2026-03-12 11:15:24,071 - main - INFO - Included router from routers.courses
2026-03-12 11:15:24,084 - main - INFO - Included router from routers.enrollments
2026-03-12 11:15:24,100 - main - INFO - Included router from routers.faqs
2026-03-12 11:15:24,101 - main - INFO - Included router from routers.health
2026-03-12 11:15:24,120 - main - INFO - Included router from routers.notifications
2026-03-12 11:15:24,134 - main - INFO - Included router from routers.progress_tracking
2026-03-12 11:15:24,146 - main - INFO - Included router from routers.quiz_attempts
2026-03-12 11:15:24,157 - main - INFO - Included router from routers.quiz_questions
2026-03-12 11:15:24,170 - main - INFO - Included router from routers.quizzes
2026-03-12 11:15:24,215 - main - INFO - Included router from routers.registrations
2026-03-12 11:15:24,290 - main - INFO - Included router from routers.resources
2026-03-12 11:15:24,323 - main - INFO - Included router from routers.schedules
2026-03-12 11:15:24,334 - main - INFO - Included router from routers.settings
2026-03-12 11:15:24,356 - main - INFO - Included router from routers.storage
2026-03-12 11:15:24,361 - main - INFO - Included router from routers.user
2026-03-12 11:15:24,362 - main - INFO - Total routers discovered and included: 21
2026-03-12 11:15:24,363 - main - INFO - === Application startup initiated ===
2026-03-12 11:15:24,363 - core.database - INFO - Starting database initialization...
2026-03-12 11:15:24,364 - core.database - INFO - Using QueuePool with connection pooling for non-lambda environment
2026-03-12 11:15:24,398 - core.database - INFO - Database engine created successfully
2026-03-12 11:15:24,399 - core.database - INFO - Database connection created successfully
2026-03-12 11:15:24,400 - core.database - INFO - Starting table creation...
2026-03-12 11:15:24,400 - core.database - INFO - Starting table creation...
2026-03-12 11:15:24,421 - core.database - INFO - Tables initialized successfully
2026-03-12 11:15:24,421 - core.database - INFO - Checking for structural repairs in existing tables...
2026-03-12 11:15:24,472 - core.database - INFO - Table structure repair completed in 0.0511s
2026-03-12 11:15:24,683 - main - INFO - === Application startup completed successfully ===
2026-03-12 11:16:10,070 - main - INFO - === Application shutdown initiated ===
2026-03-12 11:16:10,070 - core.database - INFO - Closing database connection...
2026-03-12 11:16:10,073 - core.database - INFO - Database connection closed and engine disposed
2026-03-12 11:16:10,074 - main - INFO - === Application shutdown completed successfully ===
