2026-03-10 17:25:39,618 - main - INFO - === Logging system initialized ===
2026-03-10 17:25:39,619 - main - INFO - Log file: logs\app_20260310_172539.log
2026-03-10 17:25:39,619 - main - INFO - Environment: dev
2026-03-10 17:25:39,619 - main - INFO - Timestamp: 20260310_172539
2026-03-10 17:25:39,641 - main - INFO - Included router from routers.aihub
2026-03-10 17:25:39,778 - main - INFO - Included router from routers.auth
2026-03-10 17:25:39,798 - main - INFO - Included router from routers.content_pages
2026-03-10 17:25:39,814 - main - INFO - Included router from routers.course_materials
2026-03-10 17:25:39,830 - main - INFO - Included router from routers.course_modules
2026-03-10 17:25:39,846 - main - INFO - Included router from routers.courses
2026-03-10 17:25:39,861 - main - INFO - Included router from routers.enrollments
2026-03-10 17:25:39,877 - main - INFO - Included router from routers.faqs
2026-03-10 17:25:39,878 - main - INFO - Included router from routers.health
2026-03-10 17:25:39,879 - main - WARNING - Failed to import module 'routers.notifications': routers.notifications
Traceback (most recent call last):
  File "C:\Users\Lenovo 10GEN\Desktop\paudc_site\backend\main.py", line 111, in include_routers_from_package
    module = importlib.import_module(module_name)
  File "C:\Program Files\WindowsApps\PythonSoftwareFoundation.Python.3.13_3.13.3312.0_x64__qbz5n2kfra8p0\Lib\importlib\__init__.py", line 88, in import_module
    return _bootstrap._gcd_import(name[level:], package, level)
           ~~~~~~~~~~~~~~~~~~~~~~^^^^^^^^^^^^^^^^^^^^^^^^^^^^^^
  File "<frozen importlib._bootstrap>", line 1387, in _gcd_import
  File "<frozen importlib._bootstrap>", line 1360, in _find_and_load
  File "<frozen importlib._bootstrap>", line 1331, in _find_and_load_unlocked
  File "<frozen importlib._bootstrap>", line 935, in _load_unlocked
  File "<frozen importlib._bootstrap_external>", line 1023, in exec_module
  File "<frozen importlib._bootstrap>", line 488, in _call_with_frames_removed
  File "C:\Users\Lenovo 10GEN\Desktop\paudc_site\backend\routers\notifications.py", line 10, in <module>
    from services.notifications import NotificationsService
ModuleNotFoundError: No module named 'services.notifications'
2026-03-10 17:25:39,899 - main - INFO - Included router from routers.progress_tracking
2026-03-10 17:25:39,912 - main - INFO - Included router from routers.quiz_attempts
2026-03-10 17:25:39,920 - main - INFO - Included router from routers.quiz_questions
2026-03-10 17:25:39,931 - main - INFO - Included router from routers.quizzes
2026-03-10 17:25:39,952 - main - INFO - Included router from routers.registrations
2026-03-10 17:25:39,953 - main - WARNING - Failed to import module 'routers.resources': routers.resources
Traceback (most recent call last):
  File "C:\Users\Lenovo 10GEN\Desktop\paudc_site\backend\main.py", line 111, in include_routers_from_package
    module = importlib.import_module(module_name)
  File "C:\Program Files\WindowsApps\PythonSoftwareFoundation.Python.3.13_3.13.3312.0_x64__qbz5n2kfra8p0\Lib\importlib\__init__.py", line 88, in import_module
    return _bootstrap._gcd_import(name[level:], package, level)
           ~~~~~~~~~~~~~~~~~~~~~~^^^^^^^^^^^^^^^^^^^^^^^^^^^^^^
  File "<frozen importlib._bootstrap>", line 1387, in _gcd_import
  File "<frozen importlib._bootstrap>", line 1360, in _find_and_load
  File "<frozen importlib._bootstrap>", line 1331, in _find_and_load_unlocked
  File "<frozen importlib._bootstrap>", line 935, in _load_unlocked
  File "<frozen importlib._bootstrap_external>", line 1023, in exec_module
  File "<frozen importlib._bootstrap>", line 488, in _call_with_frames_removed
  File "C:\Users\Lenovo 10GEN\Desktop\paudc_site\backend\routers\resources.py", line 10, in <module>
    from services.resources import ResourcesService
ModuleNotFoundError: No module named 'services.resources'
2026-03-10 17:25:39,970 - main - INFO - Included router from routers.schedules
2026-03-10 17:25:39,981 - main - INFO - Included router from routers.settings
2026-03-10 17:25:39,996 - main - INFO - Included router from routers.storage
2026-03-10 17:25:40,000 - main - INFO - Included router from routers.user
2026-03-10 17:25:40,001 - main - INFO - Total routers discovered and included: 18
2026-03-10 17:25:40,002 - main - INFO - === Application startup initiated ===
2026-03-10 17:25:40,002 - core.database - INFO - Starting database initialization...
2026-03-10 17:25:40,002 - core.database - INFO - Using QueuePool with connection pooling for non-lambda environment
2026-03-10 17:25:40,021 - core.database - INFO - Database engine created successfully
2026-03-10 17:25:40,022 - core.database - INFO - Database connection created successfully
2026-03-10 17:25:40,022 - core.database - INFO - Starting table creation...
2026-03-10 17:25:40,022 - core.database - INFO - Starting table creation...
2026-03-10 17:25:40,035 - core.database - INFO - Tables initialized successfully
2026-03-10 17:25:40,035 - core.database - INFO - Checking for structural repairs in existing tables...
2026-03-10 17:25:40,064 - core.database - INFO - Table structure repair completed in 0.0297s
2026-03-10 17:25:40,070 - services.mock_data - ERROR - Error loading mock data from resources.json: Could not reflect: requested table(s) not available in Engine(sqlite+aiosqlite:///./paudc.db): (resources)
2026-03-10 17:25:40,214 - main - INFO - === Application startup completed successfully ===
2026-03-10 17:25:40,972 - main - INFO - === Application shutdown initiated ===
2026-03-10 17:25:40,973 - core.database - INFO - Closing database connection...
2026-03-10 17:25:40,975 - core.database - INFO - Database connection closed and engine disposed
2026-03-10 17:25:40,975 - main - INFO - === Application shutdown completed successfully ===
