2026-03-12 11:12:31,573 - main - INFO - === Logging system initialized ===
2026-03-12 11:12:31,574 - main - INFO - Log file: logs\app_20260312_111231.log
2026-03-12 11:12:31,574 - main - INFO - Environment: dev
2026-03-12 11:12:31,575 - main - INFO - Timestamp: 20260312_111231
2026-03-12 11:12:31,589 - main - INFO - Included router from routers.aihub
2026-03-12 11:12:31,735 - main - INFO - Included router from routers.auth
2026-03-12 11:12:31,736 - main - INFO - Included router from routers.config
2026-03-12 11:12:31,754 - main - INFO - Included router from routers.content_pages
2026-03-12 11:12:31,771 - main - INFO - Included router from routers.course_materials
2026-03-12 11:12:31,787 - main - INFO - Included router from routers.course_modules
2026-03-12 11:12:31,805 - main - INFO - Included router from routers.courses
2026-03-12 11:12:31,819 - main - INFO - Included router from routers.enrollments
2026-03-12 11:12:31,835 - main - INFO - Included router from routers.faqs
2026-03-12 11:12:31,837 - main - INFO - Included router from routers.health
2026-03-12 11:12:31,855 - main - INFO - Included router from routers.notifications
2026-03-12 11:12:31,871 - main - INFO - Included router from routers.progress_tracking
2026-03-12 11:12:31,884 - main - INFO - Included router from routers.quiz_attempts
2026-03-12 11:12:31,894 - main - INFO - Included router from routers.quiz_questions
2026-03-12 11:12:31,904 - main - INFO - Included router from routers.quizzes
2026-03-12 11:12:31,949 - main - INFO - Included router from routers.registrations
2026-03-12 11:12:31,966 - main - INFO - Included router from routers.resources
2026-03-12 11:12:31,984 - main - INFO - Included router from routers.schedules
2026-03-12 11:12:31,996 - main - INFO - Included router from routers.settings
2026-03-12 11:12:32,014 - main - INFO - Included router from routers.storage
2026-03-12 11:12:32,055 - main - INFO - Included router from routers.user
2026-03-12 11:12:32,055 - main - INFO - Total routers discovered and included: 21
2026-03-12 11:12:32,058 - main - INFO - === Application startup initiated ===
2026-03-12 11:12:32,059 - core.database - INFO - Starting database initialization...
2026-03-12 11:12:32,060 - core.database - INFO - Using QueuePool with connection pooling for non-lambda environment
2026-03-12 11:12:32,092 - core.database - INFO - Database engine created successfully
2026-03-12 11:12:32,093 - core.database - INFO - Database connection created successfully
2026-03-12 11:12:32,093 - core.database - INFO - Starting table creation...
2026-03-12 11:12:32,094 - core.database - INFO - Starting table creation...
2026-03-12 11:12:32,117 - core.database - INFO - Tables initialized successfully
2026-03-12 11:12:32,117 - core.database - INFO - Checking for structural repairs in existing tables...
2026-03-12 11:12:32,149 - core.database - INFO - Table structure repair completed in 0.0316s
2026-03-12 11:12:32,320 - main - INFO - === Application startup completed successfully ===
2026-03-12 11:12:41,083 - core.database - ERROR - Database session error: 500: Internal server error: (sqlite3.IntegrityError) NOT NULL constraint failed: registrations.user_id
[SQL: INSERT INTO registrations (user_id, registration_type, participant_role, status, institution_name, institution_country, institution_email, institution_phone, number_of_participants, first_name, last_name, email, phone, country, university, dietary_requirements, special_needs) VALUES (?, ?, ?, ?, ?, ?, ?, ?, ?, ?, ?, ?, ?, ?, ?, ?, ?) RETURNING id, created_at]
[parameters: (None, 'individual', 'debater', 'pending', None, None, None, None, None, 'Okwoli', 'Joshua', 'okwjosh123@gmail.com', '+2348124605849', 'Nigeria', 'Veritas University', 'None', 'Nonee')]
(Background on this error at: https://sqlalche.me/e/20/gkpj)
2026-03-12 11:13:08,129 - main - INFO - === Application shutdown initiated ===
2026-03-12 11:13:08,129 - core.database - INFO - Closing database connection...
2026-03-12 11:13:08,132 - core.database - INFO - Database connection closed and engine disposed
2026-03-12 11:13:08,132 - main - INFO - === Application shutdown completed successfully ===
