2026-03-12 16:13:05,187 - main - INFO - === Logging system initialized ===
2026-03-12 16:13:05,188 - main - INFO - Log file: logs\app_20260312_161305.log
2026-03-12 16:13:05,188 - main - INFO - Environment: dev
2026-03-12 16:13:05,188 - main - INFO - Timestamp: 20260312_161305
2026-03-12 16:13:05,202 - main - INFO - Included router from routers.aihub
2026-03-12 16:13:05,371 - main - INFO - Included router from routers.auth
2026-03-12 16:13:05,372 - main - INFO - Included router from routers.config
2026-03-12 16:13:05,388 - main - INFO - Included router from routers.content_pages
2026-03-12 16:13:05,405 - main - INFO - Included router from routers.course_materials
2026-03-12 16:13:05,420 - main - INFO - Included router from routers.course_modules
2026-03-12 16:13:05,437 - main - INFO - Included router from routers.courses
2026-03-12 16:13:05,452 - main - INFO - Included router from routers.enrollments
2026-03-12 16:13:05,468 - main - INFO - Included router from routers.faqs
2026-03-12 16:13:05,469 - main - INFO - Included router from routers.health
2026-03-12 16:13:05,488 - main - INFO - Included router from routers.notifications
2026-03-12 16:13:05,503 - main - INFO - Included router from routers.progress_tracking
2026-03-12 16:13:05,515 - main - INFO - Included router from routers.quiz_attempts
2026-03-12 16:13:05,526 - main - INFO - Included router from routers.quiz_questions
2026-03-12 16:13:05,537 - main - INFO - Included router from routers.quizzes
2026-03-12 16:13:05,559 - main - INFO - Included router from routers.registrations
2026-03-12 16:13:05,576 - main - INFO - Included router from routers.resources
2026-03-12 16:13:05,593 - main - INFO - Included router from routers.schedules
2026-03-12 16:13:05,603 - main - INFO - Included router from routers.settings
2026-03-12 16:13:05,619 - main - INFO - Included router from routers.storage
2026-03-12 16:13:05,625 - main - INFO - Included router from routers.user
2026-03-12 16:13:05,625 - main - INFO - Total routers discovered and included: 21
2026-03-12 16:13:05,627 - main - INFO - === Application startup initiated ===
2026-03-12 16:13:05,628 - core.database - INFO - Starting database initialization...
2026-03-12 16:13:05,628 - core.database - INFO - Using QueuePool with connection pooling for non-lambda environment
2026-03-12 16:13:05,649 - core.database - INFO - Database engine created successfully
2026-03-12 16:13:05,649 - core.database - INFO - Database connection created successfully
2026-03-12 16:13:05,650 - core.database - INFO - Starting table creation...
2026-03-12 16:13:05,650 - core.database - INFO - Starting table creation...
2026-03-12 16:13:05,665 - core.database - INFO - Tables initialized successfully
2026-03-12 16:13:05,665 - core.database - INFO - Checking for structural repairs in existing tables...
2026-03-12 16:13:05,695 - core.database - INFO - Table structure repair completed in 0.0301s
2026-03-12 16:13:05,764 - main - INFO - === Application startup completed successfully ===
2026-03-12 16:13:11,879 - routers.auth - INFO - Initiating OIDC login with redirect_uri: http://localhost:8000/api/v1/auth/callback
2026-03-12 16:13:16,713 - httpx - INFO - HTTP Request: POST https://dev-dhw78f2cx2ws2hnn.us.auth0.com/oauth/token "HTTP/1.1 200 OK"
2026-03-12 16:13:17,493 - httpx - INFO - HTTP Request: GET https://dev-dhw78f2cx2ws2hnn.us.auth0.com/.well-known/jwks.json "HTTP/1.1 200 OK"
2026-03-12 16:13:17,494 - core.auth - INFO - Successfully fetched JWKS with 2 keys
2026-03-12 16:13:17,498 - core.auth - INFO - ID token successfully validated for user hash: f5529618
2026-03-12 16:13:18,213 - core.auth - WARNING - Authentication token has expired
2026-03-12 16:13:18,214 - dependencies.auth - WARNING - Token validation failed: IDTokenValidationError
2026-03-12 16:13:18,478 - core.auth - WARNING - Authentication token has expired
2026-03-12 16:13:18,478 - dependencies.auth - WARNING - Token validation failed: IDTokenValidationError
2026-03-12 16:13:19,087 - httpx - INFO - HTTP Request: GET https://dev-dhw78f2cx2ws2hnn.us.auth0.com/userinfo "HTTP/1.1 200 OK"
2026-03-12 16:13:19,185 - httpx - INFO - HTTP Request: GET https://dev-dhw78f2cx2ws2hnn.us.auth0.com/userinfo "HTTP/1.1 200 OK"
2026-03-12 16:14:54,436 - main - INFO - === Application shutdown initiated ===
2026-03-12 16:14:54,436 - core.database - INFO - Closing database connection...
2026-03-12 16:14:54,439 - core.database - INFO - Database connection closed and engine disposed
2026-03-12 16:14:54,439 - main - INFO - === Application shutdown completed successfully ===
