2026-03-12 11:10:25,662 - main - INFO - === Logging system initialized ===
2026-03-12 11:10:25,662 - main - INFO - Log file: logs\app_20260312_111025.log
2026-03-12 11:10:25,663 - main - INFO - Environment: dev
2026-03-12 11:10:25,663 - main - INFO - Timestamp: 20260312_111025
2026-03-12 11:10:25,676 - main - INFO - Included router from routers.aihub
2026-03-12 11:10:25,831 - main - INFO - Included router from routers.auth
2026-03-12 11:10:25,832 - main - INFO - Included router from routers.config
2026-03-12 11:10:25,851 - main - INFO - Included router from routers.content_pages
2026-03-12 11:10:25,868 - main - INFO - Included router from routers.course_materials
2026-03-12 11:10:25,884 - main - INFO - Included router from routers.course_modules
2026-03-12 11:10:25,905 - main - INFO - Included router from routers.courses
2026-03-12 11:10:25,919 - main - INFO - Included router from routers.enrollments
2026-03-12 11:10:25,937 - main - INFO - Included router from routers.faqs
2026-03-12 11:10:25,938 - main - INFO - Included router from routers.health
2026-03-12 11:10:25,957 - main - INFO - Included router from routers.notifications
2026-03-12 11:10:25,973 - main - INFO - Included router from routers.progress_tracking
2026-03-12 11:10:25,985 - main - INFO - Included router from routers.quiz_attempts
2026-03-12 11:10:25,996 - main - INFO - Included router from routers.quiz_questions
2026-03-12 11:10:26,012 - main - INFO - Included router from routers.quizzes
2026-03-12 11:10:26,050 - main - INFO - Included router from routers.registrations
2026-03-12 11:10:26,067 - main - INFO - Included router from routers.resources
2026-03-12 11:10:26,083 - main - INFO - Included router from routers.schedules
2026-03-12 11:10:26,096 - main - INFO - Included router from routers.settings
2026-03-12 11:10:26,130 - main - INFO - Included router from routers.storage
2026-03-12 11:10:26,158 - main - INFO - Included router from routers.user
2026-03-12 11:10:26,162 - main - INFO - Total routers discovered and included: 21
2026-03-12 11:10:26,164 - main - INFO - === Application startup initiated ===
2026-03-12 11:10:26,165 - core.database - INFO - Starting database initialization...
2026-03-12 11:10:26,165 - core.database - INFO - Using QueuePool with connection pooling for non-lambda environment
2026-03-12 11:10:26,197 - core.database - INFO - Database engine created successfully
2026-03-12 11:10:26,197 - core.database - INFO - Database connection created successfully
2026-03-12 11:10:26,197 - core.database - INFO - Starting table creation...
2026-03-12 11:10:26,198 - core.database - INFO - Starting table creation...
2026-03-12 11:10:26,215 - core.database - INFO - Tables initialized successfully
2026-03-12 11:10:26,215 - core.database - INFO - Checking for structural repairs in existing tables...
2026-03-12 11:10:26,281 - core.database - INFO - Table structure repair completed in 0.0658s
2026-03-12 11:10:26,546 - main - INFO - === Application startup completed successfully ===
2026-03-12 11:10:32,980 - core.database - ERROR - Database session error: 500: Internal server error: (builtins.AttributeError) 'int' object has no attribute 'utc'
[SQL: INSERT INTO registrations (user_id, registration_type, participant_role, status, institution_name, institution_country, institution_email, institution_phone, number_of_participants, first_name, last_name, email, phone, country, university, dietary_requirements, special_needs, created_at) VALUES (?, ?, ?, ?, ?, ?, ?, ?, ?, ?, ?, ?, ?, ?, ?, ?, ?, ?)]
[parameters: [{'dietary_requirements': 'None', 'registration_type': 'individual', 'participant_role': 'debater', 'phone': '+2348124605849', 'special_needs': 'Nonee' ... (168 characters truncated) ... ution_phone': None, 'user_id': None, 'institution_email': None, 'institution_country': None, 'institution_name': None, 'number_of_participants': None}]]
2026-03-12 11:12:08,334 - main - INFO - === Application shutdown initiated ===
2026-03-12 11:12:08,334 - core.database - INFO - Closing database connection...
2026-03-12 11:12:08,336 - core.database - INFO - Database connection closed and engine disposed
2026-03-12 11:12:08,337 - main - INFO - === Application shutdown completed successfully ===
