2026-03-10 14:58:39,256 - main - INFO - === Logging system initialized ===
2026-03-10 14:58:39,257 - main - INFO - Log file: logs\app_20260310_145839.log
2026-03-10 14:58:39,257 - main - INFO - Environment: dev
2026-03-10 14:58:39,257 - main - INFO - Timestamp: 20260310_145839
2026-03-10 14:58:39,281 - main - WARNING - Failed to import module 'routers.aihub': routers.aihub
Traceback (most recent call last):
  File "C:\Users\Lenovo 10GEN\Desktop\paudc_site\backend\main.py", line 111, in include_routers_from_package
    module = importlib.import_module(module_name)
  File "C:\Program Files\WindowsApps\PythonSoftwareFoundation.Python.3.13_3.13.3312.0_x64__qbz5n2kfra8p0\Lib\importlib\__init__.py", line 88, in import_module
    return _bootstrap._gcd_import(name[level:], package, level)
           ~~~~~~~~~~~~~~~~~~~~~~^^^^^^^^^^^^^^^^^^^^^^^^^^^^^^
  File "<frozen importlib._bootstrap>", line 1387, in _gcd_import
  File "<frozen importlib._bootstrap>", line 1360, in _find_and_load
  File "<frozen importlib._bootstrap>", line 1331, in _find_and_load_unlocked
  File "<frozen importlib._bootstrap>", line 935, in _load_unlocked
  File "<frozen importlib._bootstrap_external>", line 1023, in exec_module
  File "<frozen importlib._bootstrap>", line 488, in _call_with_frames_removed
  File "C:\Users\Lenovo 10GEN\Desktop\paudc_site\backend\routers\aihub.py", line 7, in <module>
    from fastapi.responses import EventSourceResponse, JSONResponse
ImportError: cannot import name 'EventSourceResponse' from 'fastapi.responses' (C:\Users\Lenovo 10GEN\Desktop\paudc_site\backend\.venv\Lib\site-packages\fastapi\responses.py)
2026-03-10 14:58:39,417 - main - WARNING - Failed to import module 'routers.auth': routers.auth
Traceback (most recent call last):
  File "C:\Users\Lenovo 10GEN\Desktop\paudc_site\backend\main.py", line 111, in include_routers_from_package
    module = importlib.import_module(module_name)
  File "C:\Program Files\WindowsApps\PythonSoftwareFoundation.Python.3.13_3.13.3312.0_x64__qbz5n2kfra8p0\Lib\importlib\__init__.py", line 88, in import_module
    return _bootstrap._gcd_import(name[level:], package, level)
           ~~~~~~~~~~~~~~~~~~~~~~^^^^^^^^^^^^^^^^^^^^^^^^^^^^^^
  File "<frozen importlib._bootstrap>", line 1387, in _gcd_import
  File "<frozen importlib._bootstrap>", line 1360, in _find_and_load
  File "<frozen importlib._bootstrap>", line 1331, in _find_and_load_unlocked
  File "<frozen importlib._bootstrap>", line 935, in _load_unlocked
  File "<frozen importlib._bootstrap_external>", line 1023, in exec_module
  File "<frozen importlib._bootstrap>", line 488, in _call_with_frames_removed
  File "C:\Users\Lenovo 10GEN\Desktop\paudc_site\backend\routers\auth.py", line 9, in <module>
    from core.auth import (
    ...<8 lines>...
    )
ImportError: cannot import name 'get_current_user' from 'core.auth' (C:\Users\Lenovo 10GEN\Desktop\paudc_site\backend\core\auth.py)
2026-03-10 14:58:39,436 - main - INFO - Included router from routers.content_pages
2026-03-10 14:58:39,457 - main - INFO - Included router from routers.course_materials
2026-03-10 14:58:39,473 - main - INFO - Included router from routers.course_modules
2026-03-10 14:58:39,492 - main - INFO - Included router from routers.courses
2026-03-10 14:58:39,498 - main - WARNING - Failed to import module 'routers.enrollments': routers.enrollments
Traceback (most recent call last):
  File "C:\Users\Lenovo 10GEN\Desktop\paudc_site\backend\main.py", line 111, in include_routers_from_package
    module = importlib.import_module(module_name)
  File "C:\Program Files\WindowsApps\PythonSoftwareFoundation.Python.3.13_3.13.3312.0_x64__qbz5n2kfra8p0\Lib\importlib\__init__.py", line 88, in import_module
    return _bootstrap._gcd_import(name[level:], package, level)
           ~~~~~~~~~~~~~~~~~~~~~~^^^^^^^^^^^^^^^^^^^^^^^^^^^^^^
  File "<frozen importlib._bootstrap>", line 1387, in _gcd_import
  File "<frozen importlib._bootstrap>", line 1360, in _find_and_load
  File "<frozen importlib._bootstrap>", line 1331, in _find_and_load_unlocked
  File "<frozen importlib._bootstrap>", line 935, in _load_unlocked
  File "<frozen importlib._bootstrap_external>", line 1023, in exec_module
  File "<frozen importlib._bootstrap>", line 488, in _call_with_frames_removed
  File "C:\Users\Lenovo 10GEN\Desktop\paudc_site\backend\routers\enrollments.py", line 12, in <module>
    from models.user import User
ModuleNotFoundError: No module named 'models.user'
2026-03-10 14:58:39,516 - main - INFO - Included router from routers.faqs
2026-03-10 14:58:39,517 - main - INFO - Included router from routers.health
2026-03-10 14:58:39,518 - main - WARNING - Failed to import module 'routers.notifications': routers.notifications
Traceback (most recent call last):
  File "C:\Users\Lenovo 10GEN\Desktop\paudc_site\backend\main.py", line 111, in include_routers_from_package
    module = importlib.import_module(module_name)
  File "C:\Program Files\WindowsApps\PythonSoftwareFoundation.Python.3.13_3.13.3312.0_x64__qbz5n2kfra8p0\Lib\importlib\__init__.py", line 88, in import_module
    return _bootstrap._gcd_import(name[level:], package, level)
           ~~~~~~~~~~~~~~~~~~~~~~^^^^^^^^^^^^^^^^^^^^^^^^^^^^^^
  File "<frozen importlib._bootstrap>", line 1387, in _gcd_import
  File "<frozen importlib._bootstrap>", line 1360, in _find_and_load
  File "<frozen importlib._bootstrap>", line 1331, in _find_and_load_unlocked
  File "<frozen importlib._bootstrap>", line 935, in _load_unlocked
  File "<frozen importlib._bootstrap_external>", line 1023, in exec_module
  File "<frozen importlib._bootstrap>", line 488, in _call_with_frames_removed
  File "C:\Users\Lenovo 10GEN\Desktop\paudc_site\backend\routers\notifications.py", line 10, in <module>
    from services.notifications import NotificationsService
ModuleNotFoundError: No module named 'services.notifications'
2026-03-10 14:58:39,521 - main - WARNING - Failed to import module 'routers.progress_tracking': routers.progress_tracking
Traceback (most recent call last):
  File "C:\Users\Lenovo 10GEN\Desktop\paudc_site\backend\main.py", line 111, in include_routers_from_package
    module = importlib.import_module(module_name)
  File "C:\Program Files\WindowsApps\PythonSoftwareFoundation.Python.3.13_3.13.3312.0_x64__qbz5n2kfra8p0\Lib\importlib\__init__.py", line 88, in import_module
    return _bootstrap._gcd_import(name[level:], package, level)
           ~~~~~~~~~~~~~~~~~~~~~~^^^^^^^^^^^^^^^^^^^^^^^^^^^^^^
  File "<frozen importlib._bootstrap>", line 1387, in _gcd_import
  File "<frozen importlib._bootstrap>", line 1360, in _find_and_load
  File "<frozen importlib._bootstrap>", line 1331, in _find_and_load_unlocked
  File "<frozen importlib._bootstrap>", line 935, in _load_unlocked
  File "<frozen importlib._bootstrap_external>", line 1023, in exec_module
  File "<frozen importlib._bootstrap>", line 488, in _call_with_frames_removed
  File "C:\Users\Lenovo 10GEN\Desktop\paudc_site\backend\routers\progress_tracking.py", line 12, in <module>
    from models.user import User
ModuleNotFoundError: No module named 'models.user'
2026-03-10 14:58:39,525 - main - WARNING - Failed to import module 'routers.quiz_attempts': routers.quiz_attempts
Traceback (most recent call last):
  File "C:\Users\Lenovo 10GEN\Desktop\paudc_site\backend\main.py", line 111, in include_routers_from_package
    module = importlib.import_module(module_name)
  File "C:\Program Files\WindowsApps\PythonSoftwareFoundation.Python.3.13_3.13.3312.0_x64__qbz5n2kfra8p0\Lib\importlib\__init__.py", line 88, in import_module
    return _bootstrap._gcd_import(name[level:], package, level)
           ~~~~~~~~~~~~~~~~~~~~~~^^^^^^^^^^^^^^^^^^^^^^^^^^^^^^
  File "<frozen importlib._bootstrap>", line 1387, in _gcd_import
  File "<frozen importlib._bootstrap>", line 1360, in _find_and_load
  File "<frozen importlib._bootstrap>", line 1331, in _find_and_load_unlocked
  File "<frozen importlib._bootstrap>", line 935, in _load_unlocked
  File "<frozen importlib._bootstrap_external>", line 1023, in exec_module
  File "<frozen importlib._bootstrap>", line 488, in _call_with_frames_removed
  File "C:\Users\Lenovo 10GEN\Desktop\paudc_site\backend\routers\quiz_attempts.py", line 12, in <module>
    from models.user import User
ModuleNotFoundError: No module named 'models.user'
2026-03-10 14:58:39,534 - main - INFO - Included router from routers.quiz_questions
2026-03-10 14:58:39,547 - main - INFO - Included router from routers.quizzes
2026-03-10 14:58:39,548 - main - WARNING - Failed to import module 'routers.registrations': routers.registrations
Traceback (most recent call last):
  File "C:\Users\Lenovo 10GEN\Desktop\paudc_site\backend\main.py", line 111, in include_routers_from_package
    module = importlib.import_module(module_name)
  File "C:\Program Files\WindowsApps\PythonSoftwareFoundation.Python.3.13_3.13.3312.0_x64__qbz5n2kfra8p0\Lib\importlib\__init__.py", line 88, in import_module
    return _bootstrap._gcd_import(name[level:], package, level)
           ~~~~~~~~~~~~~~~~~~~~~~^^^^^^^^^^^^^^^^^^^^^^^^^^^^^^
  File "<frozen importlib._bootstrap>", line 1387, in _gcd_import
  File "<frozen importlib._bootstrap>", line 1360, in _find_and_load
  File "<frozen importlib._bootstrap>", line 1331, in _find_and_load_unlocked
  File "<frozen importlib._bootstrap>", line 935, in _load_unlocked
  File "<frozen importlib._bootstrap_external>", line 1023, in exec_module
  File "<frozen importlib._bootstrap>", line 488, in _call_with_frames_removed
  File "C:\Users\Lenovo 10GEN\Desktop\paudc_site\backend\routers\registrations.py", line 11, in <module>
    from models.user import User
ModuleNotFoundError: No module named 'models.user'
2026-03-10 14:58:39,550 - main - WARNING - Failed to import module 'routers.resources': routers.resources
Traceback (most recent call last):
  File "C:\Users\Lenovo 10GEN\Desktop\paudc_site\backend\main.py", line 111, in include_routers_from_package
    module = importlib.import_module(module_name)
  File "C:\Program Files\WindowsApps\PythonSoftwareFoundation.Python.3.13_3.13.3312.0_x64__qbz5n2kfra8p0\Lib\importlib\__init__.py", line 88, in import_module
    return _bootstrap._gcd_import(name[level:], package, level)
           ~~~~~~~~~~~~~~~~~~~~~~^^^^^^^^^^^^^^^^^^^^^^^^^^^^^^
  File "<frozen importlib._bootstrap>", line 1387, in _gcd_import
  File "<frozen importlib._bootstrap>", line 1360, in _find_and_load
  File "<frozen importlib._bootstrap>", line 1331, in _find_and_load_unlocked
  File "<frozen importlib._bootstrap>", line 935, in _load_unlocked
  File "<frozen importlib._bootstrap_external>", line 1023, in exec_module
  File "<frozen importlib._bootstrap>", line 488, in _call_with_frames_removed
  File "C:\Users\Lenovo 10GEN\Desktop\paudc_site\backend\routers\resources.py", line 10, in <module>
    from services.resources import ResourcesService
ModuleNotFoundError: No module named 'services.resources'
2026-03-10 14:58:39,574 - main - INFO - Included router from routers.schedules
2026-03-10 14:58:39,575 - main - WARNING - Failed to import module 'routers.settings': routers.settings
Traceback (most recent call last):
  File "C:\Users\Lenovo 10GEN\Desktop\paudc_site\backend\main.py", line 111, in include_routers_from_package
    module = importlib.import_module(module_name)
  File "C:\Program Files\WindowsApps\PythonSoftwareFoundation.Python.3.13_3.13.3312.0_x64__qbz5n2kfra8p0\Lib\importlib\__init__.py", line 88, in import_module
    return _bootstrap._gcd_import(name[level:], package, level)
           ~~~~~~~~~~~~~~~~~~~~~~^^^^^^^^^^^^^^^^^^^^^^^^^^^^^^
  File "<frozen importlib._bootstrap>", line 1387, in _gcd_import
  File "<frozen importlib._bootstrap>", line 1360, in _find_and_load
  File "<frozen importlib._bootstrap>", line 1331, in _find_and_load_unlocked
  File "<frozen importlib._bootstrap>", line 935, in _load_unlocked
  File "<frozen importlib._bootstrap_external>", line 1023, in exec_module
  File "<frozen importlib._bootstrap>", line 488, in _call_with_frames_removed
  File "C:\Users\Lenovo 10GEN\Desktop\paudc_site\backend\routers\settings.py", line 9, in <module>
    from models.user import User
ModuleNotFoundError: No module named 'models.user'
2026-03-10 14:58:39,577 - main - WARNING - Failed to import module 'routers.storage': routers.storage
Traceback (most recent call last):
  File "C:\Users\Lenovo 10GEN\Desktop\paudc_site\backend\main.py", line 111, in include_routers_from_package
    module = importlib.import_module(module_name)
  File "C:\Program Files\WindowsApps\PythonSoftwareFoundation.Python.3.13_3.13.3312.0_x64__qbz5n2kfra8p0\Lib\importlib\__init__.py", line 88, in import_module
    return _bootstrap._gcd_import(name[level:], package, level)
           ~~~~~~~~~~~~~~~~~~~~~~^^^^^^^^^^^^^^^^^^^^^^^^^^^^^^
  File "<frozen importlib._bootstrap>", line 1387, in _gcd_import
  File "<frozen importlib._bootstrap>", line 1360, in _find_and_load
  File "<frozen importlib._bootstrap>", line 1331, in _find_and_load_unlocked
  File "<frozen importlib._bootstrap>", line 935, in _load_unlocked
  File "<frozen importlib._bootstrap_external>", line 1023, in exec_module
  File "<frozen importlib._bootstrap>", line 488, in _call_with_frames_removed
  File "C:\Users\Lenovo 10GEN\Desktop\paudc_site\backend\routers\storage.py", line 8, in <module>
    from models.user import User
ModuleNotFoundError: No module named 'models.user'
2026-03-10 14:58:39,579 - main - WARNING - Failed to import module 'routers.user': routers.user
Traceback (most recent call last):
  File "C:\Users\Lenovo 10GEN\Desktop\paudc_site\backend\main.py", line 111, in include_routers_from_package
    module = importlib.import_module(module_name)
  File "C:\Program Files\WindowsApps\PythonSoftwareFoundation.Python.3.13_3.13.3312.0_x64__qbz5n2kfra8p0\Lib\importlib\__init__.py", line 88, in import_module
    return _bootstrap._gcd_import(name[level:], package, level)
           ~~~~~~~~~~~~~~~~~~~~~~^^^^^^^^^^^^^^^^^^^^^^^^^^^^^^
  File "<frozen importlib._bootstrap>", line 1387, in _gcd_import
  File "<frozen importlib._bootstrap>", line 1360, in _find_and_load
  File "<frozen importlib._bootstrap>", line 1331, in _find_and_load_unlocked
  File "<frozen importlib._bootstrap>", line 935, in _load_unlocked
  File "<frozen importlib._bootstrap_external>", line 1023, in exec_module
  File "<frozen importlib._bootstrap>", line 488, in _call_with_frames_removed
  File "C:\Users\Lenovo 10GEN\Desktop\paudc_site\backend\routers\user.py", line 10, in <module>
    from models.user import User
ModuleNotFoundError: No module named 'models.user'
2026-03-10 14:58:39,580 - main - INFO - Total routers discovered and included: 9
2026-03-10 14:58:39,582 - main - INFO - === Application startup initiated ===
2026-03-10 14:58:39,583 - core.database - INFO - Starting database initialization...
2026-03-10 14:58:39,583 - core.database - INFO - Using QueuePool with connection pooling for non-lambda environment
2026-03-10 14:58:39,605 - core.database - INFO - Database engine created successfully
2026-03-10 14:58:39,605 - core.database - INFO - Database connection created successfully
2026-03-10 14:58:39,605 - core.database - INFO - Starting table creation...
2026-03-10 14:58:39,606 - core.database - INFO - Starting table creation...
2026-03-10 14:58:39,623 - core.database - INFO - Tables initialized successfully
2026-03-10 14:58:39,623 - core.database - INFO - Checking for structural repairs in existing tables...
2026-03-10 14:58:39,647 - core.database - INFO - Table structure repair completed in 0.0235s
2026-03-10 14:58:39,685 - services.mock_data - ERROR - Error loading mock data from course.json: 'coroutine' object has no attribute 'columns'
2026-03-10 14:58:39,687 - services.mock_data - ERROR - Error loading mock data from course_materials.json: 'coroutine' object has no attribute 'columns'
2026-03-10 14:58:39,689 - services.mock_data - ERROR - Error loading mock data from course_modules.json: 'coroutine' object has no attribute 'columns'
2026-03-10 14:58:39,691 - services.mock_data - ERROR - Error loading mock data from enrollments.json: 'coroutine' object has no attribute 'columns'
2026-03-10 14:58:39,692 - services.mock_data - ERROR - Error loading mock data from content_pages.json: 'coroutine' object has no attribute 'columns'
2026-03-10 14:58:39,695 - services.mock_data - ERROR - Error loading mock data from faqs.json: 'coroutine' object has no attribute 'columns'
2026-03-10 14:58:39,696 - services.mock_data - ERROR - Error loading mock data from progress_tracking.json: 'coroutine' object has no attribute 'columns'
2026-03-10 14:58:39,696 - services.mock_data - ERROR - Error loading mock data from notifications.json: 'coroutine' object has no attribute 'columns'
2026-03-10 14:58:39,698 - services.mock_data - ERROR - Error loading mock data from quiz_questions.json: 'coroutine' object has no attribute 'columns'
2026-03-10 14:58:39,698 - services.mock_data - ERROR - Error loading mock data from quiz-attempts.json: 'coroutine' object has no attribute 'columns'
2026-03-10 14:58:39,700 - services.mock_data - ERROR - Error loading mock data from quizzes.json: 'coroutine' object has no attribute 'columns'
2026-03-10 14:58:39,701 - services.mock_data - ERROR - Error loading mock data from resources.json: 'coroutine' object has no attribute 'columns'
2026-03-10 14:58:39,702 - services.mock_data - ERROR - Error loading mock data from registration.json: 'coroutine' object has no attribute 'columns'
2026-03-10 14:58:39,703 - services.mock_data - ERROR - Error loading mock data from schedules.json: 'coroutine' object has no attribute 'columns'
2026-03-10 14:58:39,703 - main - INFO - === Application startup completed successfully ===
2026-03-10 14:58:41,451 - main - INFO - === Application shutdown initiated ===
2026-03-10 14:58:41,452 - core.database - INFO - Closing database connection...
2026-03-10 14:58:41,454 - core.database - INFO - Database connection closed and engine disposed
2026-03-10 14:58:41,454 - main - INFO - === Application shutdown completed successfully ===
