2026-03-10 14:58:46,390 - main - INFO - === Logging system initialized ===
2026-03-10 14:58:46,390 - main - INFO - Log file: logs\app_20260310_145846.log
2026-03-10 14:58:46,390 - main - INFO - Environment: dev
2026-03-10 14:58:46,391 - main - INFO - Timestamp: 20260310_145846
2026-03-10 14:58:46,612 - main - WARNING - Failed to import module 'routers.aihub': routers.aihub
Traceback (most recent call last):
  File "C:\Users\Lenovo 10GEN\Desktop\paudc_site\backend\main.py", line 111, in include_routers_from_package
    module = importlib.import_module(module_name)
  File "C:\Program Files\WindowsApps\PythonSoftwareFoundation.Python.3.13_3.13.3312.0_x64__qbz5n2kfra8p0\Lib\importlib\__init__.py", line 88, in import_module
    return _bootstrap._gcd_import(name[level:], package, level)
           ~~~~~~~~~~~~~~~~~~~~~~^^^^^^^^^^^^^^^^^^^^^^^^^^^^^^
  File "<frozen importlib._bootstrap>", line 1387, in _gcd_import
  File "<frozen importlib._bootstrap>", line 1360, in _find_and_load
  File "<frozen importlib._bootstrap>", line 1331, in _find_and_load_unlocked
  File "<frozen importlib._bootstrap>", line 935, in _load_unlocked
  File "<frozen importlib._bootstrap_external>", line 1023, in exec_module
  File "<frozen importlib._bootstrap>", line 488, in _call_with_frames_removed
  File "C:\Users\Lenovo 10GEN\Desktop\paudc_site\backend\routers\aihub.py", line 9, in <module>
    from services.aihub import generate_image, generate_text
  File "C:\Users\Lenovo 10GEN\Desktop\paudc_site\backend\services\aihub.py", line 5, in <module>
    from schemas.aihub import GenImgRequest, GenImgResponse, GenTxtRequest, GenTxtResponse
ImportError: cannot import name 'GenImgResponse' from 'schemas.aihub' (C:\Users\Lenovo 10GEN\Desktop\paudc_site\backend\schemas\aihub.py)
2026-03-10 14:58:46,677 - main - WARNING - Failed to import module 'routers.auth': routers.auth
Traceback (most recent call last):
  File "C:\Users\Lenovo 10GEN\Desktop\paudc_site\backend\main.py", line 111, in include_routers_from_package
    module = importlib.import_module(module_name)
  File "C:\Program Files\WindowsApps\PythonSoftwareFoundation.Python.3.13_3.13.3312.0_x64__qbz5n2kfra8p0\Lib\importlib\__init__.py", line 88, in import_module
    return _bootstrap._gcd_import(name[level:], package, level)
           ~~~~~~~~~~~~~~~~~~~~~~^^^^^^^^^^^^^^^^^^^^^^^^^^^^^^
  File "<frozen importlib._bootstrap>", line 1387, in _gcd_import
  File "<frozen importlib._bootstrap>", line 1360, in _find_and_load
  File "<frozen importlib._bootstrap>", line 1331, in _find_and_load_unlocked
  File "<frozen importlib._bootstrap>", line 935, in _load_unlocked
  File "<frozen importlib._bootstrap_external>", line 1023, in exec_module
  File "<frozen importlib._bootstrap>", line 488, in _call_with_frames_removed
  File "C:\Users\Lenovo 10GEN\Desktop\paudc_site\backend\routers\auth.py", line 9, in <module>
    from core.auth import (
    ...<8 lines>...
    )
ImportError: cannot import name 'get_current_user' from 'core.auth' (C:\Users\Lenovo 10GEN\Desktop\paudc_site\backend\core\auth.py)
2026-03-10 14:58:46,698 - main - INFO - Included router from routers.content_pages
2026-03-10 14:58:46,713 - main - INFO - Included router from routers.course_materials
2026-03-10 14:58:46,730 - main - INFO - Included router from routers.course_modules
2026-03-10 14:58:46,748 - main - INFO - Included router from routers.courses
2026-03-10 14:58:46,754 - main - WARNING - Failed to import module 'routers.enrollments': routers.enrollments
Traceback (most recent call last):
  File "C:\Users\Lenovo 10GEN\Desktop\paudc_site\backend\main.py", line 111, in include_routers_from_package
    module = importlib.import_module(module_name)
  File "C:\Program Files\WindowsApps\PythonSoftwareFoundation.Python.3.13_3.13.3312.0_x64__qbz5n2kfra8p0\Lib\importlib\__init__.py", line 88, in import_module
    return _bootstrap._gcd_import(name[level:], package, level)
           ~~~~~~~~~~~~~~~~~~~~~~^^^^^^^^^^^^^^^^^^^^^^^^^^^^^^
  File "<frozen importlib._bootstrap>", line 1387, in _gcd_import
  File "<frozen importlib._bootstrap>", line 1360, in _find_and_load
  File "<frozen importlib._bootstrap>", line 1331, in _find_and_load_unlocked
  File "<frozen importlib._bootstrap>", line 935, in _load_unlocked
  File "<frozen importlib._bootstrap_external>", line 1023, in exec_module
  File "<frozen importlib._bootstrap>", line 488, in _call_with_frames_removed
  File "C:\Users\Lenovo 10GEN\Desktop\paudc_site\backend\routers\enrollments.py", line 12, in <module>
    from models.user import User
ModuleNotFoundError: No module named 'models.user'
2026-03-10 14:58:46,771 - main - INFO - Included router from routers.faqs
2026-03-10 14:58:46,772 - main - INFO - Included router from routers.health
2026-03-10 14:58:46,773 - main - WARNING - Failed to import module 'routers.notifications': routers.notifications
Traceback (most recent call last):
  File "C:\Users\Lenovo 10GEN\Desktop\paudc_site\backend\main.py", line 111, in include_routers_from_package
    module = importlib.import_module(module_name)
  File "C:\Program Files\WindowsApps\PythonSoftwareFoundation.Python.3.13_3.13.3312.0_x64__qbz5n2kfra8p0\Lib\importlib\__init__.py", line 88, in import_module
    return _bootstrap._gcd_import(name[level:], package, level)
           ~~~~~~~~~~~~~~~~~~~~~~^^^^^^^^^^^^^^^^^^^^^^^^^^^^^^
  File "<frozen importlib._bootstrap>", line 1387, in _gcd_import
  File "<frozen importlib._bootstrap>", line 1360, in _find_and_load
  File "<frozen importlib._bootstrap>", line 1331, in _find_and_load_unlocked
  File "<frozen importlib._bootstrap>", line 935, in _load_unlocked
  File "<frozen importlib._bootstrap_external>", line 1023, in exec_module
  File "<frozen importlib._bootstrap>", line 488, in _call_with_frames_removed
  File "C:\Users\Lenovo 10GEN\Desktop\paudc_site\backend\routers\notifications.py", line 10, in <module>
    from services.notifications import NotificationsService
ModuleNotFoundError: No module named 'services.notifications'
2026-03-10 14:58:46,775 - main - WARNING - Failed to import module 'routers.progress_tracking': routers.progress_tracking
Traceback (most recent call last):
  File "C:\Users\Lenovo 10GEN\Desktop\paudc_site\backend\main.py", line 111, in include_routers_from_package
    module = importlib.import_module(module_name)
  File "C:\Program Files\WindowsApps\PythonSoftwareFoundation.Python.3.13_3.13.3312.0_x64__qbz5n2kfra8p0\Lib\importlib\__init__.py", line 88, in import_module
    return _bootstrap._gcd_import(name[level:], package, level)
           ~~~~~~~~~~~~~~~~~~~~~~^^^^^^^^^^^^^^^^^^^^^^^^^^^^^^
  File "<frozen importlib._bootstrap>", line 1387, in _gcd_import
  File "<frozen importlib._bootstrap>", line 1360, in _find_and_load
  File "<frozen importlib._bootstrap>", line 1331, in _find_and_load_unlocked
  File "<frozen importlib._bootstrap>", line 935, in _load_unlocked
  File "<frozen importlib._bootstrap_external>", line 1023, in exec_module
  File "<frozen importlib._bootstrap>", line 488, in _call_with_frames_removed
  File "C:\Users\Lenovo 10GEN\Desktop\paudc_site\backend\routers\progress_tracking.py", line 12, in <module>
    from models.user import User
ModuleNotFoundError: No module named 'models.user'
2026-03-10 14:58:46,777 - main - WARNING - Failed to import module 'routers.quiz_attempts': routers.quiz_attempts
Traceback (most recent call last):
  File "C:\Users\Lenovo 10GEN\Desktop\paudc_site\backend\main.py", line 111, in include_routers_from_package
    module = importlib.import_module(module_name)
  File "C:\Program Files\WindowsApps\PythonSoftwareFoundation.Python.3.13_3.13.3312.0_x64__qbz5n2kfra8p0\Lib\importlib\__init__.py", line 88, in import_module
    return _bootstrap._gcd_import(name[level:], package, level)
           ~~~~~~~~~~~~~~~~~~~~~~^^^^^^^^^^^^^^^^^^^^^^^^^^^^^^
  File "<frozen importlib._bootstrap>", line 1387, in _gcd_import
  File "<frozen importlib._bootstrap>", line 1360, in _find_and_load
  File "<frozen importlib._bootstrap>", line 1331, in _find_and_load_unlocked
  File "<frozen importlib._bootstrap>", line 935, in _load_unlocked
  File "<frozen importlib._bootstrap_external>", line 1023, in exec_module
  File "<frozen importlib._bootstrap>", line 488, in _call_with_frames_removed
  File "C:\Users\Lenovo 10GEN\Desktop\paudc_site\backend\routers\quiz_attempts.py", line 12, in <module>
    from models.user import User
ModuleNotFoundError: No module named 'models.user'
2026-03-10 14:58:46,787 - main - INFO - Included router from routers.quiz_questions
2026-03-10 14:58:46,798 - main - INFO - Included router from routers.quizzes
2026-03-10 14:58:46,799 - main - WARNING - Failed to import module 'routers.registrations': routers.registrations
Traceback (most recent call last):
  File "C:\Users\Lenovo 10GEN\Desktop\paudc_site\backend\main.py", line 111, in include_routers_from_package
    module = importlib.import_module(module_name)
  File "C:\Program Files\WindowsApps\PythonSoftwareFoundation.Python.3.13_3.13.3312.0_x64__qbz5n2kfra8p0\Lib\importlib\__init__.py", line 88, in import_module
    return _bootstrap._gcd_import(name[level:], package, level)
           ~~~~~~~~~~~~~~~~~~~~~~^^^^^^^^^^^^^^^^^^^^^^^^^^^^^^
  File "<frozen importlib._bootstrap>", line 1387, in _gcd_import
  File "<frozen importlib._bootstrap>", line 1360, in _find_and_load
  File "<frozen importlib._bootstrap>", line 1331, in _find_and_load_unlocked
  File "<frozen importlib._bootstrap>", line 935, in _load_unlocked
  File "<frozen importlib._bootstrap_external>", line 1023, in exec_module
  File "<frozen importlib._bootstrap>", line 488, in _call_with_frames_removed
  File "C:\Users\Lenovo 10GEN\Desktop\paudc_site\backend\routers\registrations.py", line 11, in <module>
    from models.user import User
ModuleNotFoundError: No module named 'models.user'
2026-03-10 14:58:46,803 - main - WARNING - Failed to import module 'routers.resources': routers.resources
Traceback (most recent call last):
  File "C:\Users\Lenovo 10GEN\Desktop\paudc_site\backend\main.py", line 111, in include_routers_from_package
    module = importlib.import_module(module_name)
  File "C:\Program Files\WindowsApps\PythonSoftwareFoundation.Python.3.13_3.13.3312.0_x64__qbz5n2kfra8p0\Lib\importlib\__init__.py", line 88, in import_module
    return _bootstrap._gcd_import(name[level:], package, level)
           ~~~~~~~~~~~~~~~~~~~~~~^^^^^^^^^^^^^^^^^^^^^^^^^^^^^^
  File "<frozen importlib._bootstrap>", line 1387, in _gcd_import
  File "<frozen importlib._bootstrap>", line 1360, in _find_and_load
  File "<frozen importlib._bootstrap>", line 1331, in _find_and_load_unlocked
  File "<frozen importlib._bootstrap>", line 935, in _load_unlocked
  File "<frozen importlib._bootstrap_external>", line 1023, in exec_module
  File "<frozen importlib._bootstrap>", line 488, in _call_with_frames_removed
  File "C:\Users\Lenovo 10GEN\Desktop\paudc_site\backend\routers\resources.py", line 10, in <module>
    from services.resources import ResourcesService
ModuleNotFoundError: No module named 'services.resources'
2026-03-10 14:58:46,820 - main - INFO - Included router from routers.schedules
2026-03-10 14:58:46,821 - main - WARNING - Failed to import module 'routers.settings': routers.settings
Traceback (most recent call last):
  File "C:\Users\Lenovo 10GEN\Desktop\paudc_site\backend\main.py", line 111, in include_routers_from_package
    module = importlib.import_module(module_name)
  File "C:\Program Files\WindowsApps\PythonSoftwareFoundation.Python.3.13_3.13.3312.0_x64__qbz5n2kfra8p0\Lib\importlib\__init__.py", line 88, in import_module
    return _bootstrap._gcd_import(name[level:], package, level)
           ~~~~~~~~~~~~~~~~~~~~~~^^^^^^^^^^^^^^^^^^^^^^^^^^^^^^
  File "<frozen importlib._bootstrap>", line 1387, in _gcd_import
  File "<frozen importlib._bootstrap>", line 1360, in _find_and_load
  File "<frozen importlib._bootstrap>", line 1331, in _find_and_load_unlocked
  File "<frozen importlib._bootstrap>", line 935, in _load_unlocked
  File "<frozen importlib._bootstrap_external>", line 1023, in exec_module
  File "<frozen importlib._bootstrap>", line 488, in _call_with_frames_removed
  File "C:\Users\Lenovo 10GEN\Desktop\paudc_site\backend\routers\settings.py", line 9, in <module>
    from models.user import User
ModuleNotFoundError: No module named 'models.user'
2026-03-10 14:58:46,823 - main - WARNING - Failed to import module 'routers.storage': routers.storage
Traceback (most recent call last):
  File "C:\Users\Lenovo 10GEN\Desktop\paudc_site\backend\main.py", line 111, in include_routers_from_package
    module = importlib.import_module(module_name)
  File "C:\Program Files\WindowsApps\PythonSoftwareFoundation.Python.3.13_3.13.3312.0_x64__qbz5n2kfra8p0\Lib\importlib\__init__.py", line 88, in import_module
    return _bootstrap._gcd_import(name[level:], package, level)
           ~~~~~~~~~~~~~~~~~~~~~~^^^^^^^^^^^^^^^^^^^^^^^^^^^^^^
  File "<frozen importlib._bootstrap>", line 1387, in _gcd_import
  File "<frozen importlib._bootstrap>", line 1360, in _find_and_load
  File "<frozen importlib._bootstrap>", line 1331, in _find_and_load_unlocked
  File "<frozen importlib._bootstrap>", line 935, in _load_unlocked
  File "<frozen importlib._bootstrap_external>", line 1023, in exec_module
  File "<frozen importlib._bootstrap>", line 488, in _call_with_frames_removed
  File "C:\Users\Lenovo 10GEN\Desktop\paudc_site\backend\routers\storage.py", line 8, in <module>
    from models.user import User
ModuleNotFoundError: No module named 'models.user'
2026-03-10 14:58:46,825 - main - WARNING - Failed to import module 'routers.user': routers.user
Traceback (most recent call last):
  File "C:\Users\Lenovo 10GEN\Desktop\paudc_site\backend\main.py", line 111, in include_routers_from_package
    module = importlib.import_module(module_name)
  File "C:\Program Files\WindowsApps\PythonSoftwareFoundation.Python.3.13_3.13.3312.0_x64__qbz5n2kfra8p0\Lib\importlib\__init__.py", line 88, in import_module
    return _bootstrap._gcd_import(name[level:], package, level)
           ~~~~~~~~~~~~~~~~~~~~~~^^^^^^^^^^^^^^^^^^^^^^^^^^^^^^
  File "<frozen importlib._bootstrap>", line 1387, in _gcd_import
  File "<frozen importlib._bootstrap>", line 1360, in _find_and_load
  File "<frozen importlib._bootstrap>", line 1331, in _find_and_load_unlocked
  File "<frozen importlib._bootstrap>", line 935, in _load_unlocked
  File "<frozen importlib._bootstrap_external>", line 1023, in exec_module
  File "<frozen importlib._bootstrap>", line 488, in _call_with_frames_removed
  File "C:\Users\Lenovo 10GEN\Desktop\paudc_site\backend\routers\user.py", line 10, in <module>
    from models.user import User
ModuleNotFoundError: No module named 'models.user'
2026-03-10 14:58:46,826 - main - INFO - Total routers discovered and included: 9
2026-03-10 14:58:46,827 - main - INFO - === Application startup initiated ===
2026-03-10 14:58:46,827 - core.database - INFO - Starting database initialization...
2026-03-10 14:58:46,828 - core.database - INFO - Using QueuePool with connection pooling for non-lambda environment
2026-03-10 14:58:46,846 - core.database - INFO - Database engine created successfully
2026-03-10 14:58:46,847 - core.database - INFO - Database connection created successfully
2026-03-10 14:58:46,847 - core.database - INFO - Starting table creation...
2026-03-10 14:58:46,847 - core.database - INFO - Starting table creation...
2026-03-10 14:58:46,858 - core.database - INFO - Tables initialized successfully
2026-03-10 14:58:46,859 - core.database - INFO - Checking for structural repairs in existing tables...
2026-03-10 14:58:46,878 - core.database - INFO - Table structure repair completed in 0.0188s
2026-03-10 14:58:46,883 - services.mock_data - ERROR - Error loading mock data from course_materials.json: 'coroutine' object has no attribute 'columns'
2026-03-10 14:58:46,885 - services.mock_data - ERROR - Error loading mock data from course_modules.json: 'coroutine' object has no attribute 'columns'
2026-03-10 14:58:46,887 - services.mock_data - ERROR - Error loading mock data from enrollments.json: 'coroutine' object has no attribute 'columns'
2026-03-10 14:58:46,889 - services.mock_data - ERROR - Error loading mock data from course.json: 'coroutine' object has no attribute 'columns'
2026-03-10 14:58:46,890 - services.mock_data - ERROR - Error loading mock data from content_pages.json: 'coroutine' object has no attribute 'columns'
2026-03-10 14:58:46,893 - services.mock_data - ERROR - Error loading mock data from faqs.json: 'coroutine' object has no attribute 'columns'
2026-03-10 14:58:46,894 - services.mock_data - ERROR - Error loading mock data from notifications.json: 'coroutine' object has no attribute 'columns'
2026-03-10 14:58:46,894 - services.mock_data - ERROR - Error loading mock data from progress_tracking.json: 'coroutine' object has no attribute 'columns'
2026-03-10 14:58:46,895 - services.mock_data - ERROR - Error loading mock data from quiz_questions.json: 'coroutine' object has no attribute 'columns'
2026-03-10 14:58:46,895 - services.mock_data - ERROR - Error loading mock data from quiz-attempts.json: 'coroutine' object has no attribute 'columns'
2026-03-10 14:58:46,912 - services.mock_data - ERROR - Error loading mock data from resources.json: 'coroutine' object has no attribute 'columns'
2026-03-10 14:58:46,912 - services.mock_data - ERROR - Error loading mock data from quizzes.json: 'coroutine' object has no attribute 'columns'
2026-03-10 14:58:46,913 - services.mock_data - ERROR - Error loading mock data from registration.json: 'coroutine' object has no attribute 'columns'
2026-03-10 14:58:46,913 - services.mock_data - ERROR - Error loading mock data from schedules.json: 'coroutine' object has no attribute 'columns'
2026-03-10 14:58:46,913 - main - INFO - === Application startup completed successfully ===
