2026-03-11 18:15:26,860 - main - INFO - === Logging system initialized ===
2026-03-11 18:15:26,861 - main - INFO - Log file: logs\app_20260311_181526.log
2026-03-11 18:15:26,861 - main - INFO - Environment: dev
2026-03-11 18:15:26,861 - main - INFO - Timestamp: 20260311_181526
2026-03-11 18:15:26,888 - main - INFO - Included router from routers.aihub
2026-03-11 18:15:27,129 - main - INFO - Included router from routers.auth
2026-03-11 18:15:27,131 - main - INFO - Included router from routers.config
2026-03-11 18:15:27,159 - main - INFO - Included router from routers.content_pages
2026-03-11 18:15:27,185 - main - INFO - Included router from routers.course_materials
2026-03-11 18:15:27,210 - main - INFO - Included router from routers.course_modules
2026-03-11 18:15:27,236 - main - INFO - Included router from routers.courses
2026-03-11 18:15:27,255 - main - INFO - Included router from routers.enrollments
2026-03-11 18:15:27,284 - main - INFO - Included router from routers.faqs
2026-03-11 18:15:27,285 - main - INFO - Included router from routers.health
2026-03-11 18:15:27,312 - main - INFO - Included router from routers.notifications
2026-03-11 18:15:27,334 - main - INFO - Included router from routers.progress_tracking
2026-03-11 18:15:27,351 - main - INFO - Included router from routers.quiz_attempts
2026-03-11 18:15:27,365 - main - INFO - Included router from routers.quiz_questions
2026-03-11 18:15:27,381 - main - INFO - Included router from routers.quizzes
2026-03-11 18:15:27,454 - main - INFO - Included router from routers.registrations
2026-03-11 18:15:27,479 - main - INFO - Included router from routers.resources
2026-03-11 18:15:27,508 - main - INFO - Included router from routers.schedules
2026-03-11 18:15:27,529 - main - INFO - Included router from routers.settings
2026-03-11 18:15:27,551 - main - INFO - Included router from routers.storage
2026-03-11 18:15:27,558 - main - INFO - Included router from routers.user
2026-03-11 18:15:27,559 - main - INFO - Total routers discovered and included: 21
2026-03-11 18:15:27,561 - main - INFO - === Application startup initiated ===
2026-03-11 18:15:27,561 - core.database - INFO - Starting database initialization...
2026-03-11 18:15:27,562 - core.database - INFO - Using QueuePool with connection pooling for non-lambda environment
2026-03-11 18:15:27,589 - core.database - INFO - Database engine created successfully
2026-03-11 18:15:27,589 - core.database - INFO - Database connection created successfully
2026-03-11 18:15:27,590 - core.database - INFO - Starting table creation...
2026-03-11 18:15:27,591 - core.database - INFO - Starting table creation...
2026-03-11 18:15:27,613 - core.database - INFO - Tables initialized successfully
2026-03-11 18:15:27,614 - core.database - INFO - Checking for structural repairs in existing tables...
2026-03-11 18:15:27,664 - core.database - INFO - Table structure repair completed in 0.0504s
2026-03-11 18:15:27,861 - main - INFO - === Application startup completed successfully ===
2026-03-11 18:16:26,732 - main - INFO - === Application shutdown initiated ===
2026-03-11 18:16:26,732 - core.database - INFO - Closing database connection...
2026-03-11 18:16:26,734 - core.database - INFO - Database connection closed and engine disposed
2026-03-11 18:16:26,735 - main - INFO - === Application shutdown completed successfully ===
