2026-03-10 19:41:11,245 - main - INFO - === Logging system initialized ===
2026-03-10 19:41:11,246 - main - INFO - Log file: logs\app_20260310_194111.log
2026-03-10 19:41:11,246 - main - INFO - Environment: dev
2026-03-10 19:41:11,247 - main - INFO - Timestamp: 20260310_194111
2026-03-10 19:41:11,299 - main - INFO - Included router from routers.aihub
2026-03-10 19:41:13,034 - main - INFO - Included router from routers.auth
2026-03-10 19:41:13,039 - main - INFO - Included router from routers.config
2026-03-10 19:41:13,069 - main - INFO - Included router from routers.content_pages
2026-03-10 19:41:13,112 - main - INFO - Included router from routers.course_materials
2026-03-10 19:41:13,154 - main - INFO - Included router from routers.course_modules
2026-03-10 19:41:13,198 - main - INFO - Included router from routers.courses
2026-03-10 19:41:13,237 - main - INFO - Included router from routers.enrollments
2026-03-10 19:41:13,279 - main - INFO - Included router from routers.faqs
2026-03-10 19:41:13,287 - main - INFO - Included router from routers.health
2026-03-10 19:41:13,370 - main - INFO - Included router from routers.notifications
2026-03-10 19:41:13,406 - main - INFO - Included router from routers.progress_tracking
2026-03-10 19:41:13,442 - main - INFO - Included router from routers.quiz_attempts
2026-03-10 19:41:13,472 - main - INFO - Included router from routers.quiz_questions
2026-03-10 19:41:13,507 - main - INFO - Included router from routers.quizzes
2026-03-10 19:41:13,559 - main - INFO - Included router from routers.registrations
2026-03-10 19:41:13,595 - main - INFO - Included router from routers.resources
2026-03-10 19:41:13,670 - main - INFO - Included router from routers.schedules
2026-03-10 19:41:13,682 - main - INFO - Included router from routers.settings
2026-03-10 19:41:13,722 - main - INFO - Included router from routers.storage
2026-03-10 19:41:13,736 - main - INFO - Included router from routers.user
2026-03-10 19:41:13,737 - main - INFO - Total routers discovered and included: 21
2026-03-10 19:41:13,738 - main - INFO - === Application startup initiated ===
2026-03-10 19:41:13,739 - core.database - INFO - Starting database initialization...
2026-03-10 19:41:13,739 - core.database - INFO - Using QueuePool with connection pooling for non-lambda environment
2026-03-10 19:41:13,892 - core.database - INFO - Database engine created successfully
2026-03-10 19:41:13,892 - core.database - INFO - Database connection created successfully
2026-03-10 19:41:13,892 - core.database - INFO - Starting table creation...
2026-03-10 19:41:13,893 - core.database - INFO - Starting table creation...
2026-03-10 19:41:13,920 - core.database - INFO - Tables initialized successfully
2026-03-10 19:41:13,920 - core.database - INFO - Checking for structural repairs in existing tables...
2026-03-10 19:41:13,953 - core.database - INFO - Table structure repair completed in 0.0331s
2026-03-10 19:41:14,089 - main - INFO - === Application startup completed successfully ===
2026-03-10 19:41:54,765 - routers.auth - INFO - Initiating OIDC login with redirect_uri: http://localhost:8000/api/v1/auth/callback
2026-03-11 14:07:06,476 - routers.auth - INFO - Initiating OIDC login with redirect_uri: http://localhost:8000/api/v1/auth/callback
2026-03-11 14:07:11,358 - routers.auth - INFO - Initiating OIDC login with redirect_uri: http://localhost:8000/api/v1/auth/callback
2026-03-11 14:29:45,489 - main - INFO - === Application shutdown initiated ===
2026-03-11 14:29:45,490 - core.database - INFO - Closing database connection...
2026-03-11 14:29:45,502 - core.database - INFO - Database connection closed and engine disposed
2026-03-11 14:29:45,502 - main - INFO - === Application shutdown completed successfully ===
