2026-03-11 18:34:51,380 - main - INFO - === Logging system initialized ===
2026-03-11 18:34:51,381 - main - INFO - Log file: logs\app_20260311_183451.log
2026-03-11 18:34:51,381 - main - INFO - Environment: dev
2026-03-11 18:34:51,381 - main - INFO - Timestamp: 20260311_183451
2026-03-11 18:34:51,401 - main - INFO - Included router from routers.aihub
2026-03-11 18:34:51,743 - main - INFO - Included router from routers.auth
2026-03-11 18:34:51,766 - main - INFO - Included router from routers.config
2026-03-11 18:34:51,844 - main - INFO - Included router from routers.content_pages
2026-03-11 18:34:51,907 - main - INFO - Included router from routers.course_materials
2026-03-11 18:34:51,954 - main - INFO - Included router from routers.course_modules
2026-03-11 18:34:52,041 - main - INFO - Included router from routers.courses
2026-03-11 18:34:52,072 - main - INFO - Included router from routers.enrollments
2026-03-11 18:34:52,111 - main - INFO - Included router from routers.faqs
2026-03-11 18:34:52,113 - main - INFO - Included router from routers.health
2026-03-11 18:34:52,145 - main - INFO - Included router from routers.notifications
2026-03-11 18:34:52,177 - main - INFO - Included router from routers.progress_tracking
2026-03-11 18:34:52,220 - main - INFO - Included router from routers.quiz_attempts
2026-03-11 18:34:52,237 - main - INFO - Included router from routers.quiz_questions
2026-03-11 18:34:52,254 - main - INFO - Included router from routers.quizzes
2026-03-11 18:34:52,311 - main - INFO - Included router from routers.registrations
2026-03-11 18:34:52,338 - main - INFO - Included router from routers.resources
2026-03-11 18:34:52,368 - main - INFO - Included router from routers.schedules
2026-03-11 18:34:52,385 - main - INFO - Included router from routers.settings
2026-03-11 18:34:52,417 - main - INFO - Included router from routers.storage
2026-03-11 18:34:52,426 - main - INFO - Included router from routers.user
2026-03-11 18:34:52,426 - main - INFO - Total routers discovered and included: 21
2026-03-11 18:34:52,429 - main - INFO - === Application startup initiated ===
2026-03-11 18:34:52,429 - core.database - INFO - Starting database initialization...
2026-03-11 18:34:52,430 - core.database - INFO - Using QueuePool with connection pooling for non-lambda environment
2026-03-11 18:34:52,462 - core.database - INFO - Database engine created successfully
2026-03-11 18:34:52,463 - core.database - INFO - Database connection created successfully
2026-03-11 18:34:52,463 - core.database - INFO - Starting table creation...
2026-03-11 18:34:52,463 - core.database - INFO - Starting table creation...
2026-03-11 18:34:52,490 - core.database - INFO - Tables initialized successfully
2026-03-11 18:34:52,490 - core.database - INFO - Checking for structural repairs in existing tables...
2026-03-11 18:34:52,538 - core.database - INFO - Table structure repair completed in 0.0479s
2026-03-11 18:34:52,817 - main - INFO - === Application startup completed successfully ===
