2026-03-10 17:33:37,196 - main - INFO - === Logging system initialized ===
2026-03-10 17:33:37,196 - main - INFO - Log file: logs\app_20260310_173337.log
2026-03-10 17:33:37,197 - main - INFO - Environment: dev
2026-03-10 17:33:37,197 - main - INFO - Timestamp: 20260310_173337
2026-03-10 17:33:37,211 - main - INFO - Included router from routers.aihub
2026-03-10 17:33:37,361 - main - INFO - Included router from routers.auth
2026-03-10 17:33:37,378 - main - INFO - Included router from routers.content_pages
2026-03-10 17:33:37,395 - main - INFO - Included router from routers.course_materials
2026-03-10 17:33:37,412 - main - INFO - Included router from routers.course_modules
2026-03-10 17:33:37,437 - main - INFO - Included router from routers.courses
2026-03-10 17:33:37,477 - main - INFO - Included router from routers.enrollments
2026-03-10 17:33:37,507 - main - INFO - Included router from routers.faqs
2026-03-10 17:33:37,514 - main - INFO - Included router from routers.health
2026-03-10 17:33:37,542 - main - INFO - Included router from routers.notifications
2026-03-10 17:33:37,557 - main - INFO - Included router from routers.progress_tracking
2026-03-10 17:33:37,573 - main - INFO - Included router from routers.quiz_attempts
2026-03-10 17:33:37,582 - main - INFO - Included router from routers.quiz_questions
2026-03-10 17:33:37,595 - main - INFO - Included router from routers.quizzes
2026-03-10 17:33:37,619 - main - INFO - Included router from routers.registrations
2026-03-10 17:33:37,637 - main - INFO - Included router from routers.resources
2026-03-10 17:33:37,655 - main - INFO - Included router from routers.schedules
2026-03-10 17:33:37,667 - main - INFO - Included router from routers.settings
2026-03-10 17:33:37,682 - main - INFO - Included router from routers.storage
2026-03-10 17:33:37,687 - main - INFO - Included router from routers.user
2026-03-10 17:33:37,687 - main - INFO - Total routers discovered and included: 20
2026-03-10 17:33:37,688 - main - INFO - === Application startup initiated ===
2026-03-10 17:33:37,689 - core.database - INFO - Starting database initialization...
2026-03-10 17:33:37,689 - core.database - INFO - Using QueuePool with connection pooling for non-lambda environment
2026-03-10 17:33:37,710 - core.database - INFO - Database engine created successfully
2026-03-10 17:33:37,710 - core.database - INFO - Database connection created successfully
2026-03-10 17:33:37,710 - core.database - INFO - Starting table creation...
2026-03-10 17:33:37,710 - core.database - INFO - Starting table creation...
2026-03-10 17:33:37,728 - core.database - INFO - Tables initialized successfully
2026-03-10 17:33:37,728 - core.database - INFO - Checking for structural repairs in existing tables...
2026-03-10 17:33:37,760 - core.database - INFO - Table structure repair completed in 0.0319s
2026-03-10 17:33:37,892 - main - INFO - === Application startup completed successfully ===
2026-03-10 17:33:43,414 - main - INFO - === Application shutdown initiated ===
2026-03-10 17:33:43,414 - core.database - INFO - Closing database connection...
2026-03-10 17:33:43,416 - core.database - INFO - Database connection closed and engine disposed
2026-03-10 17:33:43,417 - main - INFO - === Application shutdown completed successfully ===
