2026-03-10 17:32:37,856 - main - INFO - === Logging system initialized ===
2026-03-10 17:32:37,857 - main - INFO - Log file: logs\app_20260310_173237.log
2026-03-10 17:32:37,857 - main - INFO - Environment: dev
2026-03-10 17:32:37,857 - main - INFO - Timestamp: 20260310_173237
2026-03-10 17:32:37,872 - main - INFO - Included router from routers.aihub
2026-03-10 17:32:38,013 - main - INFO - Included router from routers.auth
2026-03-10 17:32:38,033 - main - INFO - Included router from routers.content_pages
2026-03-10 17:32:38,048 - main - INFO - Included router from routers.course_materials
2026-03-10 17:32:38,065 - main - INFO - Included router from routers.course_modules
2026-03-10 17:32:38,084 - main - INFO - Included router from routers.courses
2026-03-10 17:32:38,097 - main - INFO - Included router from routers.enrollments
2026-03-10 17:32:38,112 - main - INFO - Included router from routers.faqs
2026-03-10 17:32:38,113 - main - INFO - Included router from routers.health
2026-03-10 17:32:38,122 - main - WARNING - Failed to import module 'routers.notifications': routers.notifications
Traceback (most recent call last):
  File "C:\Users\Lenovo 10GEN\Desktop\paudc_site\backend\main.py", line 111, in include_routers_from_package
    module = importlib.import_module(module_name)
  File "C:\Program Files\WindowsApps\PythonSoftwareFoundation.Python.3.13_3.13.3312.0_x64__qbz5n2kfra8p0\Lib\importlib\__init__.py", line 88, in import_module
    return _bootstrap._gcd_import(name[level:], package, level)
           ~~~~~~~~~~~~~~~~~~~~~~^^^^^^^^^^^^^^^^^^^^^^^^^^^^^^
  File "<frozen importlib._bootstrap>", line 1387, in _gcd_import
  File "<frozen importlib._bootstrap>", line 1360, in _find_and_load
  File "<frozen importlib._bootstrap>", line 1331, in _find_and_load_unlocked
  File "<frozen importlib._bootstrap>", line 935, in _load_unlocked
  File "<frozen importlib._bootstrap_external>", line 1023, in exec_module
  File "<frozen importlib._bootstrap>", line 488, in _call_with_frames_removed
  File "C:\Users\Lenovo 10GEN\Desktop\paudc_site\backend\routers\notifications.py", line 10, in <module>
    from services.notifications import NotificationsService
  File "C:\Users\Lenovo 10GEN\Desktop\paudc_site\backend\services\notifications.py", line 7, in <module>
    from models.notifications import Notification
ImportError: cannot import name 'Notification' from 'models.notifications' (C:\Users\Lenovo 10GEN\Desktop\paudc_site\backend\models\notifications.py). Did you mean: 'notifications'?
2026-03-10 17:32:38,140 - main - INFO - Included router from routers.progress_tracking
2026-03-10 17:32:38,153 - main - INFO - Included router from routers.quiz_attempts
2026-03-10 17:32:38,162 - main - INFO - Included router from routers.quiz_questions
2026-03-10 17:32:38,173 - main - INFO - Included router from routers.quizzes
2026-03-10 17:32:38,194 - main - INFO - Included router from routers.registrations
2026-03-10 17:32:38,220 - main - INFO - Included router from routers.resources
2026-03-10 17:32:38,238 - main - INFO - Included router from routers.schedules
2026-03-10 17:32:38,248 - main - INFO - Included router from routers.settings
2026-03-10 17:32:38,262 - main - INFO - Included router from routers.storage
2026-03-10 17:32:38,268 - main - INFO - Included router from routers.user
2026-03-10 17:32:38,268 - main - INFO - Total routers discovered and included: 19
2026-03-10 17:32:38,270 - main - INFO - === Application startup initiated ===
2026-03-10 17:32:38,270 - core.database - INFO - Starting database initialization...
2026-03-10 17:32:38,271 - core.database - INFO - Using QueuePool with connection pooling for non-lambda environment
2026-03-10 17:32:38,291 - core.database - INFO - Database engine created successfully
2026-03-10 17:32:38,291 - core.database - INFO - Database connection created successfully
2026-03-10 17:32:38,291 - core.database - INFO - Starting table creation...
2026-03-10 17:32:38,292 - core.database - INFO - Starting table creation...
2026-03-10 17:32:38,308 - core.database - INFO - Tables initialized successfully
2026-03-10 17:32:38,308 - core.database - INFO - Checking for structural repairs in existing tables...
2026-03-10 17:32:38,349 - core.database - INFO - Table structure repair completed in 0.0411s
2026-03-10 17:32:38,497 - main - INFO - === Application startup completed successfully ===
2026-03-10 17:32:40,010 - main - INFO - === Application shutdown initiated ===
2026-03-10 17:32:40,011 - core.database - INFO - Closing database connection...
2026-03-10 17:32:40,013 - core.database - INFO - Database connection closed and engine disposed
2026-03-10 17:32:40,013 - main - INFO - === Application shutdown completed successfully ===
