2026-03-12 11:12:09,627 - main - INFO - === Logging system initialized ===
2026-03-12 11:12:09,628 - main - INFO - Log file: logs\app_20260312_111209.log
2026-03-12 11:12:09,628 - main - INFO - Environment: dev
2026-03-12 11:12:09,628 - main - INFO - Timestamp: 20260312_111209
2026-03-12 11:12:09,648 - main - INFO - Included router from routers.aihub
2026-03-12 11:12:09,836 - main - INFO - Included router from routers.auth
2026-03-12 11:12:09,837 - main - INFO - Included router from routers.config
2026-03-12 11:12:09,854 - main - INFO - Included router from routers.content_pages
2026-03-12 11:12:09,883 - main - INFO - Included router from routers.course_materials
2026-03-12 11:12:09,905 - main - INFO - Included router from routers.course_modules
2026-03-12 11:12:09,929 - main - INFO - Included router from routers.courses
2026-03-12 11:12:09,946 - main - INFO - Included router from routers.enrollments
2026-03-12 11:12:09,977 - main - INFO - Included router from routers.faqs
2026-03-12 11:12:09,982 - main - INFO - Included router from routers.health
2026-03-12 11:12:10,014 - main - INFO - Included router from routers.notifications
2026-03-12 11:12:10,031 - main - INFO - Included router from routers.progress_tracking
2026-03-12 11:12:10,047 - main - INFO - Included router from routers.quiz_attempts
2026-03-12 11:12:10,057 - main - INFO - Included router from routers.quiz_questions
2026-03-12 11:12:10,071 - main - INFO - Included router from routers.quizzes
2026-03-12 11:12:10,104 - main - INFO - Included router from routers.registrations
2026-03-12 11:12:10,124 - main - INFO - Included router from routers.resources
2026-03-12 11:12:10,141 - main - INFO - Included router from routers.schedules
2026-03-12 11:12:10,151 - main - INFO - Included router from routers.settings
2026-03-12 11:12:10,169 - main - INFO - Included router from routers.storage
2026-03-12 11:12:10,174 - main - INFO - Included router from routers.user
2026-03-12 11:12:10,175 - main - INFO - Total routers discovered and included: 21
2026-03-12 11:12:10,176 - main - INFO - === Application startup initiated ===
2026-03-12 11:12:10,177 - core.database - INFO - Starting database initialization...
2026-03-12 11:12:10,177 - core.database - INFO - Using QueuePool with connection pooling for non-lambda environment
2026-03-12 11:12:10,200 - core.database - INFO - Database engine created successfully
2026-03-12 11:12:10,201 - core.database - INFO - Database connection created successfully
2026-03-12 11:12:10,201 - core.database - INFO - Starting table creation...
2026-03-12 11:12:10,201 - core.database - INFO - Starting table creation...
2026-03-12 11:12:10,223 - core.database - INFO - Tables initialized successfully
2026-03-12 11:12:10,223 - core.database - INFO - Checking for structural repairs in existing tables...
2026-03-12 11:12:10,259 - core.database - INFO - Table structure repair completed in 0.0355s
2026-03-12 11:12:10,390 - main - INFO - === Application startup completed successfully ===
