2026-03-11 17:58:10,621 - main - INFO - === Logging system initialized ===
2026-03-11 17:58:10,621 - main - INFO - Log file: logs\app_20260311_175810.log
2026-03-11 17:58:10,622 - main - INFO - Environment: dev
2026-03-11 17:58:10,622 - main - INFO - Timestamp: 20260311_175810
2026-03-11 17:58:10,682 - main - INFO - Included router from routers.aihub
2026-03-11 17:58:15,345 - main - INFO - Included router from routers.auth
2026-03-11 17:58:15,371 - main - INFO - Included router from routers.config
2026-03-11 17:58:15,400 - main - INFO - Included router from routers.content_pages
2026-03-11 17:58:15,946 - main - INFO - Included router from routers.course_materials
2026-03-11 17:58:15,983 - main - INFO - Included router from routers.course_modules
2026-03-11 17:58:16,024 - main - INFO - Included router from routers.courses
2026-03-11 17:58:16,061 - main - INFO - Included router from routers.enrollments
2026-03-11 17:58:16,212 - main - INFO - Included router from routers.faqs
2026-03-11 17:58:16,220 - main - INFO - Included router from routers.health
2026-03-11 17:58:16,335 - main - INFO - Included router from routers.notifications
2026-03-11 17:58:17,011 - main - INFO - Included router from routers.progress_tracking
2026-03-11 17:58:17,055 - main - INFO - Included router from routers.quiz_attempts
2026-03-11 17:58:17,982 - main - INFO - Included router from routers.quiz_questions
2026-03-11 17:58:18,043 - main - INFO - Included router from routers.quizzes
2026-03-11 17:58:18,110 - main - INFO - Included router from routers.registrations
2026-03-11 17:58:18,163 - main - INFO - Included router from routers.resources
2026-03-11 17:58:18,290 - main - INFO - Included router from routers.schedules
2026-03-11 17:58:18,375 - main - INFO - Included router from routers.settings
2026-03-11 17:58:18,936 - main - INFO - Included router from routers.storage
2026-03-11 17:58:18,954 - main - INFO - Included router from routers.user
2026-03-11 17:58:18,954 - main - INFO - Total routers discovered and included: 21
2026-03-11 17:58:18,956 - main - INFO - === Application startup initiated ===
2026-03-11 17:58:18,956 - core.database - INFO - Starting database initialization...
2026-03-11 17:58:18,956 - core.database - INFO - Using QueuePool with connection pooling for non-lambda environment
2026-03-11 17:58:19,165 - core.database - INFO - Database engine created successfully
2026-03-11 17:58:19,165 - core.database - INFO - Database connection created successfully
2026-03-11 17:58:19,165 - core.database - INFO - Starting table creation...
2026-03-11 17:58:19,166 - core.database - INFO - Starting table creation...
2026-03-11 17:58:19,185 - core.database - INFO - Tables initialized successfully
2026-03-11 17:58:19,185 - core.database - INFO - Checking for structural repairs in existing tables...
2026-03-11 17:58:19,238 - core.database - INFO - Table structure repair completed in 0.0526s
2026-03-11 17:58:19,511 - main - INFO - === Application startup completed successfully ===
2026-03-11 18:15:23,982 - main - INFO - === Application shutdown initiated ===
2026-03-11 18:15:23,985 - core.database - INFO - Closing database connection...
2026-03-11 18:15:23,989 - core.database - INFO - Database connection closed and engine disposed
2026-03-11 18:15:24,011 - main - INFO - === Application shutdown completed successfully ===
