2026-03-12 11:12:11,673 - main - INFO - === Logging system initialized ===
2026-03-12 11:12:11,674 - main - INFO - Log file: logs\app_20260312_111211.log
2026-03-12 11:12:11,674 - main - INFO - Environment: dev
2026-03-12 11:12:11,674 - main - INFO - Timestamp: 20260312_111211
2026-03-12 11:12:11,692 - main - INFO - Included router from routers.aihub
2026-03-12 11:12:11,841 - main - INFO - Included router from routers.auth
2026-03-12 11:12:11,842 - main - INFO - Included router from routers.config
2026-03-12 11:12:11,861 - main - INFO - Included router from routers.content_pages
2026-03-12 11:12:11,878 - main - INFO - Included router from routers.course_materials
2026-03-12 11:12:11,894 - main - INFO - Included router from routers.course_modules
2026-03-12 11:12:11,911 - main - INFO - Included router from routers.courses
2026-03-12 11:12:11,925 - main - INFO - Included router from routers.enrollments
2026-03-12 11:12:11,940 - main - INFO - Included router from routers.faqs
2026-03-12 11:12:11,942 - main - INFO - Included router from routers.health
2026-03-12 11:12:11,960 - main - INFO - Included router from routers.notifications
2026-03-12 11:12:11,976 - main - INFO - Included router from routers.progress_tracking
2026-03-12 11:12:11,990 - main - INFO - Included router from routers.quiz_attempts
2026-03-12 11:12:11,998 - main - INFO - Included router from routers.quiz_questions
2026-03-12 11:12:12,009 - main - INFO - Included router from routers.quizzes
2026-03-12 11:12:12,064 - main - INFO - Included router from routers.registrations
2026-03-12 11:12:12,096 - main - INFO - Included router from routers.resources
2026-03-12 11:12:12,112 - main - INFO - Included router from routers.schedules
2026-03-12 11:12:12,124 - main - INFO - Included router from routers.settings
2026-03-12 11:12:12,139 - main - INFO - Included router from routers.storage
2026-03-12 11:12:12,144 - main - INFO - Included router from routers.user
2026-03-12 11:12:12,144 - main - INFO - Total routers discovered and included: 21
2026-03-12 11:12:12,145 - main - INFO - === Application startup initiated ===
2026-03-12 11:12:12,145 - core.database - INFO - Starting database initialization...
2026-03-12 11:12:12,146 - core.database - INFO - Using QueuePool with connection pooling for non-lambda environment
2026-03-12 11:12:12,165 - core.database - INFO - Database engine created successfully
2026-03-12 11:12:12,165 - core.database - INFO - Database connection created successfully
2026-03-12 11:12:12,165 - core.database - INFO - Starting table creation...
2026-03-12 11:12:12,166 - core.database - INFO - Starting table creation...
2026-03-12 11:12:12,179 - core.database - INFO - Tables initialized successfully
2026-03-12 11:12:12,180 - core.database - INFO - Checking for structural repairs in existing tables...
2026-03-12 11:12:12,217 - core.database - INFO - Table structure repair completed in 0.0377s
2026-03-12 11:12:12,353 - main - INFO - === Application startup completed successfully ===
2026-03-12 11:12:27,826 - main - INFO - === Application shutdown initiated ===
2026-03-12 11:12:27,826 - core.database - INFO - Closing database connection...
2026-03-12 11:12:27,831 - core.database - INFO - Database connection closed and engine disposed
2026-03-12 11:12:27,831 - main - INFO - === Application shutdown completed successfully ===
