2026-03-12 11:16:11,428 - main - INFO - === Logging system initialized ===
2026-03-12 11:16:11,429 - main - INFO - Log file: logs\app_20260312_111611.log
2026-03-12 11:16:11,429 - main - INFO - Environment: dev
2026-03-12 11:16:11,429 - main - INFO - Timestamp: 20260312_111611
2026-03-12 11:16:11,448 - main - INFO - Included router from routers.aihub
2026-03-12 11:16:11,607 - main - INFO - Included router from routers.auth
2026-03-12 11:16:11,608 - main - INFO - Included router from routers.config
2026-03-12 11:16:11,626 - main - INFO - Included router from routers.content_pages
2026-03-12 11:16:11,643 - main - INFO - Included router from routers.course_materials
2026-03-12 11:16:11,681 - main - INFO - Included router from routers.course_modules
2026-03-12 11:16:11,710 - main - INFO - Included router from routers.courses
2026-03-12 11:16:11,727 - main - INFO - Included router from routers.enrollments
2026-03-12 11:16:11,749 - main - INFO - Included router from routers.faqs
2026-03-12 11:16:11,752 - main - INFO - Included router from routers.health
2026-03-12 11:16:11,780 - main - INFO - Included router from routers.notifications
2026-03-12 11:16:11,799 - main - INFO - Included router from routers.progress_tracking
2026-03-12 11:16:11,812 - main - INFO - Included router from routers.quiz_attempts
2026-03-12 11:16:11,821 - main - INFO - Included router from routers.quiz_questions
2026-03-12 11:16:11,842 - main - INFO - Included router from routers.quizzes
2026-03-12 11:16:11,995 - main - INFO - Included router from routers.registrations
2026-03-12 11:16:12,027 - main - INFO - Included router from routers.resources
2026-03-12 11:16:12,080 - main - INFO - Included router from routers.schedules
2026-03-12 11:16:12,105 - main - INFO - Included router from routers.settings
2026-03-12 11:16:12,135 - main - INFO - Included router from routers.storage
2026-03-12 11:16:12,145 - main - INFO - Included router from routers.user
2026-03-12 11:16:12,145 - main - INFO - Total routers discovered and included: 21
2026-03-12 11:16:12,148 - main - INFO - === Application startup initiated ===
2026-03-12 11:16:12,148 - core.database - INFO - Starting database initialization...
2026-03-12 11:16:12,148 - core.database - INFO - Using QueuePool with connection pooling for non-lambda environment
2026-03-12 11:16:12,173 - core.database - INFO - Database engine created successfully
2026-03-12 11:16:12,173 - core.database - INFO - Database connection created successfully
2026-03-12 11:16:12,174 - core.database - INFO - Starting table creation...
2026-03-12 11:16:12,174 - core.database - INFO - Starting table creation...
2026-03-12 11:16:12,193 - core.database - INFO - Tables initialized successfully
2026-03-12 11:16:12,193 - core.database - INFO - Checking for structural repairs in existing tables...
2026-03-12 11:16:12,230 - core.database - INFO - Table structure repair completed in 0.0377s
2026-03-12 11:16:12,488 - main - INFO - === Application startup completed successfully ===
2026-03-12 11:16:41,657 - main - INFO - === Application shutdown initiated ===
2026-03-12 11:16:41,657 - core.database - INFO - Closing database connection...
2026-03-12 11:16:41,659 - core.database - INFO - Database connection closed and engine disposed
2026-03-12 11:16:41,660 - main - INFO - === Application shutdown completed successfully ===
