2026-03-12 13:05:07,077 - main - INFO - === Logging system initialized ===
2026-03-12 13:05:07,077 - main - INFO - Log file: logs\app_20260312_130507.log
2026-03-12 13:05:07,078 - main - INFO - Environment: dev
2026-03-12 13:05:07,078 - main - INFO - Timestamp: 20260312_130507
2026-03-12 13:05:07,091 - main - INFO - Included router from routers.aihub
2026-03-12 13:05:07,260 - main - INFO - Included router from routers.auth
2026-03-12 13:05:07,261 - main - INFO - Included router from routers.config
2026-03-12 13:05:07,278 - main - INFO - Included router from routers.content_pages
2026-03-12 13:05:07,295 - main - INFO - Included router from routers.course_materials
2026-03-12 13:05:07,312 - main - INFO - Included router from routers.course_modules
2026-03-12 13:05:07,332 - main - INFO - Included router from routers.courses
2026-03-12 13:05:07,348 - main - INFO - Included router from routers.enrollments
2026-03-12 13:05:07,368 - main - INFO - Included router from routers.faqs
2026-03-12 13:05:07,369 - main - INFO - Included router from routers.health
2026-03-12 13:05:07,393 - main - INFO - Included router from routers.notifications
2026-03-12 13:05:07,413 - main - INFO - Included router from routers.progress_tracking
2026-03-12 13:05:07,425 - main - INFO - Included router from routers.quiz_attempts
2026-03-12 13:05:07,435 - main - INFO - Included router from routers.quiz_questions
2026-03-12 13:05:07,445 - main - INFO - Included router from routers.quizzes
2026-03-12 13:05:07,468 - main - INFO - Included router from routers.registrations
2026-03-12 13:05:07,484 - main - INFO - Included router from routers.resources
2026-03-12 13:05:07,507 - main - INFO - Included router from routers.schedules
2026-03-12 13:05:07,522 - main - INFO - Included router from routers.settings
2026-03-12 13:05:07,538 - main - INFO - Included router from routers.storage
2026-03-12 13:05:07,545 - main - INFO - Included router from routers.user
2026-03-12 13:05:07,545 - main - INFO - Total routers discovered and included: 21
2026-03-12 13:05:07,547 - main - INFO - === Application startup initiated ===
2026-03-12 13:05:07,547 - core.database - INFO - Starting database initialization...
2026-03-12 13:05:07,547 - core.database - INFO - Using QueuePool with connection pooling for non-lambda environment
2026-03-12 13:05:07,569 - core.database - INFO - Database engine created successfully
2026-03-12 13:05:07,569 - core.database - INFO - Database connection created successfully
2026-03-12 13:05:07,570 - core.database - INFO - Starting table creation...
2026-03-12 13:05:07,570 - core.database - INFO - Starting table creation...
2026-03-12 13:05:07,584 - core.database - INFO - Tables initialized successfully
2026-03-12 13:05:07,584 - core.database - INFO - Checking for structural repairs in existing tables...
2026-03-12 13:05:07,614 - core.database - INFO - Table structure repair completed in 0.0299s
2026-03-12 13:05:07,806 - main - INFO - === Application startup completed successfully ===
2026-03-12 13:05:19,768 - main - INFO - === Application shutdown initiated ===
2026-03-12 13:05:19,769 - core.database - INFO - Closing database connection...
2026-03-12 13:05:19,773 - core.database - INFO - Database connection closed and engine disposed
2026-03-12 13:05:19,773 - main - INFO - === Application shutdown completed successfully ===
