2026-03-10 16:32:16,123 - main - INFO - === Logging system initialized ===
2026-03-10 16:32:16,123 - main - INFO - Log file: logs\app_20260310_163216.log
2026-03-10 16:32:16,123 - main - INFO - Environment: dev
2026-03-10 16:32:16,124 - main - INFO - Timestamp: 20260310_163216
2026-03-10 16:32:16,319 - main - WARNING - Failed to import module 'routers.aihub': routers.aihub
Traceback (most recent call last):
  File "C:\Users\Lenovo 10GEN\Desktop\paudc_site\backend\main.py", line 111, in include_routers_from_package
    module = importlib.import_module(module_name)
  File "C:\Program Files\WindowsApps\PythonSoftwareFoundation.Python.3.13_3.13.3312.0_x64__qbz5n2kfra8p0\Lib\importlib\__init__.py", line 88, in import_module
    return _bootstrap._gcd_import(name[level:], package, level)
           ~~~~~~~~~~~~~~~~~~~~~~^^^^^^^^^^^^^^^^^^^^^^^^^^^^^^
  File "<frozen importlib._bootstrap>", line 1387, in _gcd_import
  File "<frozen importlib._bootstrap>", line 1360, in _find_and_load
  File "<frozen importlib._bootstrap>", line 1331, in _find_and_load_unlocked
  File "<frozen importlib._bootstrap>", line 935, in _load_unlocked
  File "<frozen importlib._bootstrap_external>", line 1023, in exec_module
  File "<frozen importlib._bootstrap>", line 488, in _call_with_frames_removed
  File "C:\Users\Lenovo 10GEN\Desktop\paudc_site\backend\routers\aihub.py", line 9, in <module>
    from services.aihub import generate_image, generate_text
  File "C:\Users\Lenovo 10GEN\Desktop\paudc_site\backend\services\aihub.py", line 5, in <module>
    from schemas.aihub import GenImgRequest, GenImgResponse, GenTxtRequest, GenTxtResponse
ImportError: cannot import name 'GenImgResponse' from 'schemas.aihub' (C:\Users\Lenovo 10GEN\Desktop\paudc_site\backend\schemas\aihub.py)
2026-03-10 16:32:16,381 - main - WARNING - Failed to import module 'routers.auth': routers.auth
Traceback (most recent call last):
  File "C:\Users\Lenovo 10GEN\Desktop\paudc_site\backend\main.py", line 111, in include_routers_from_package
    module = importlib.import_module(module_name)
  File "C:\Program Files\WindowsApps\PythonSoftwareFoundation.Python.3.13_3.13.3312.0_x64__qbz5n2kfra8p0\Lib\importlib\__init__.py", line 88, in import_module
    return _bootstrap._gcd_import(name[level:], package, level)
           ~~~~~~~~~~~~~~~~~~~~~~^^^^^^^^^^^^^^^^^^^^^^^^^^^^^^
  File "<frozen importlib._bootstrap>", line 1387, in _gcd_import
  File "<frozen importlib._bootstrap>", line 1360, in _find_and_load
  File "<frozen importlib._bootstrap>", line 1331, in _find_and_load_unlocked
  File "<frozen importlib._bootstrap>", line 935, in _load_unlocked
  File "<frozen importlib._bootstrap_external>", line 1023, in exec_module
  File "<frozen importlib._bootstrap>", line 488, in _call_with_frames_removed
  File "C:\Users\Lenovo 10GEN\Desktop\paudc_site\backend\routers\auth.py", line 9, in <module>
    from core.auth import (
    ...<8 lines>...
    )
  File "C:\Users\Lenovo 10GEN\Desktop\paudc_site\backend\core\auth.py", line 16, in <module>
    from dependencies.auth import get_current_user
  File "C:\Users\Lenovo 10GEN\Desktop\paudc_site\backend\dependencies\auth.py", line 6, in <module>
    from core.auth import decode_access_token, IDTokenValidationError
ImportError: cannot import name 'decode_access_token' from partially initialized module 'core.auth' (most likely due to a circular import) (C:\Users\Lenovo 10GEN\Desktop\paudc_site\backend\core\auth.py)
2026-03-10 16:32:16,401 - main - INFO - Included router from routers.content_pages
2026-03-10 16:32:16,415 - main - INFO - Included router from routers.course_materials
2026-03-10 16:32:16,430 - main - INFO - Included router from routers.course_modules
2026-03-10 16:32:16,447 - main - INFO - Included router from routers.courses
2026-03-10 16:32:16,449 - main - WARNING - Failed to import module 'routers.enrollments': routers.enrollments
Traceback (most recent call last):
  File "C:\Users\Lenovo 10GEN\Desktop\paudc_site\backend\main.py", line 111, in include_routers_from_package
    module = importlib.import_module(module_name)
  File "C:\Program Files\WindowsApps\PythonSoftwareFoundation.Python.3.13_3.13.3312.0_x64__qbz5n2kfra8p0\Lib\importlib\__init__.py", line 88, in import_module
    return _bootstrap._gcd_import(name[level:], package, level)
           ~~~~~~~~~~~~~~~~~~~~~~^^^^^^^^^^^^^^^^^^^^^^^^^^^^^^
  File "<frozen importlib._bootstrap>", line 1387, in _gcd_import
  File "<frozen importlib._bootstrap>", line 1360, in _find_and_load
  File "<frozen importlib._bootstrap>", line 1331, in _find_and_load_unlocked
  File "<frozen importlib._bootstrap>", line 935, in _load_unlocked
  File "<frozen importlib._bootstrap_external>", line 1023, in exec_module
  File "<frozen importlib._bootstrap>", line 488, in _call_with_frames_removed
  File "C:\Users\Lenovo 10GEN\Desktop\paudc_site\backend\routers\enrollments.py", line 11, in <module>
    from dependencies.auth import get_current_user
  File "C:\Users\Lenovo 10GEN\Desktop\paudc_site\backend\dependencies\auth.py", line 6, in <module>
    from core.auth import decode_access_token, IDTokenValidationError
  File "C:\Users\Lenovo 10GEN\Desktop\paudc_site\backend\core\auth.py", line 16, in <module>
    from dependencies.auth import get_current_user
ImportError: cannot import name 'get_current_user' from partially initialized module 'dependencies.auth' (most likely due to a circular import) (C:\Users\Lenovo 10GEN\Desktop\paudc_site\backend\dependencies\auth.py)
2026-03-10 16:32:16,470 - main - INFO - Included router from routers.faqs
2026-03-10 16:32:16,471 - main - INFO - Included router from routers.health
2026-03-10 16:32:16,472 - main - WARNING - Failed to import module 'routers.notifications': routers.notifications
Traceback (most recent call last):
  File "C:\Users\Lenovo 10GEN\Desktop\paudc_site\backend\main.py", line 111, in include_routers_from_package
    module = importlib.import_module(module_name)
  File "C:\Program Files\WindowsApps\PythonSoftwareFoundation.Python.3.13_3.13.3312.0_x64__qbz5n2kfra8p0\Lib\importlib\__init__.py", line 88, in import_module
    return _bootstrap._gcd_import(name[level:], package, level)
           ~~~~~~~~~~~~~~~~~~~~~~^^^^^^^^^^^^^^^^^^^^^^^^^^^^^^
  File "<frozen importlib._bootstrap>", line 1387, in _gcd_import
  File "<frozen importlib._bootstrap>", line 1360, in _find_and_load
  File "<frozen importlib._bootstrap>", line 1331, in _find_and_load_unlocked
  File "<frozen importlib._bootstrap>", line 935, in _load_unlocked
  File "<frozen importlib._bootstrap_external>", line 1023, in exec_module
  File "<frozen importlib._bootstrap>", line 488, in _call_with_frames_removed
  File "C:\Users\Lenovo 10GEN\Desktop\paudc_site\backend\routers\notifications.py", line 10, in <module>
    from services.notifications import NotificationsService
ModuleNotFoundError: No module named 'services.notifications'
2026-03-10 16:32:16,475 - main - WARNING - Failed to import module 'routers.progress_tracking': routers.progress_tracking
Traceback (most recent call last):
  File "C:\Users\Lenovo 10GEN\Desktop\paudc_site\backend\main.py", line 111, in include_routers_from_package
    module = importlib.import_module(module_name)
  File "C:\Program Files\WindowsApps\PythonSoftwareFoundation.Python.3.13_3.13.3312.0_x64__qbz5n2kfra8p0\Lib\importlib\__init__.py", line 88, in import_module
    return _bootstrap._gcd_import(name[level:], package, level)
           ~~~~~~~~~~~~~~~~~~~~~~^^^^^^^^^^^^^^^^^^^^^^^^^^^^^^
  File "<frozen importlib._bootstrap>", line 1387, in _gcd_import
  File "<frozen importlib._bootstrap>", line 1360, in _find_and_load
  File "<frozen importlib._bootstrap>", line 1331, in _find_and_load_unlocked
  File "<frozen importlib._bootstrap>", line 935, in _load_unlocked
  File "<frozen importlib._bootstrap_external>", line 1023, in exec_module
  File "<frozen importlib._bootstrap>", line 488, in _call_with_frames_removed
  File "C:\Users\Lenovo 10GEN\Desktop\paudc_site\backend\routers\progress_tracking.py", line 11, in <module>
    from dependencies.auth import get_current_user
  File "C:\Users\Lenovo 10GEN\Desktop\paudc_site\backend\dependencies\auth.py", line 6, in <module>
    from core.auth import decode_access_token, IDTokenValidationError
  File "C:\Users\Lenovo 10GEN\Desktop\paudc_site\backend\core\auth.py", line 16, in <module>
    from dependencies.auth import get_current_user
ImportError: cannot import name 'get_current_user' from partially initialized module 'dependencies.auth' (most likely due to a circular import) (C:\Users\Lenovo 10GEN\Desktop\paudc_site\backend\dependencies\auth.py)
2026-03-10 16:32:16,479 - main - WARNING - Failed to import module 'routers.quiz_attempts': routers.quiz_attempts
Traceback (most recent call last):
  File "C:\Users\Lenovo 10GEN\Desktop\paudc_site\backend\main.py", line 111, in include_routers_from_package
    module = importlib.import_module(module_name)
  File "C:\Program Files\WindowsApps\PythonSoftwareFoundation.Python.3.13_3.13.3312.0_x64__qbz5n2kfra8p0\Lib\importlib\__init__.py", line 88, in import_module
    return _bootstrap._gcd_import(name[level:], package, level)
           ~~~~~~~~~~~~~~~~~~~~~~^^^^^^^^^^^^^^^^^^^^^^^^^^^^^^
  File "<frozen importlib._bootstrap>", line 1387, in _gcd_import
  File "<frozen importlib._bootstrap>", line 1360, in _find_and_load
  File "<frozen importlib._bootstrap>", line 1331, in _find_and_load_unlocked
  File "<frozen importlib._bootstrap>", line 935, in _load_unlocked
  File "<frozen importlib._bootstrap_external>", line 1023, in exec_module
  File "<frozen importlib._bootstrap>", line 488, in _call_with_frames_removed
  File "C:\Users\Lenovo 10GEN\Desktop\paudc_site\backend\routers\quiz_attempts.py", line 11, in <module>
    from dependencies.auth import get_current_user
  File "C:\Users\Lenovo 10GEN\Desktop\paudc_site\backend\dependencies\auth.py", line 6, in <module>
    from core.auth import decode_access_token, IDTokenValidationError
  File "C:\Users\Lenovo 10GEN\Desktop\paudc_site\backend\core\auth.py", line 16, in <module>
    from dependencies.auth import get_current_user
ImportError: cannot import name 'get_current_user' from partially initialized module 'dependencies.auth' (most likely due to a circular import) (C:\Users\Lenovo 10GEN\Desktop\paudc_site\backend\dependencies\auth.py)
2026-03-10 16:32:16,491 - main - INFO - Included router from routers.quiz_questions
2026-03-10 16:32:16,501 - main - INFO - Included router from routers.quizzes
2026-03-10 16:32:16,506 - main - WARNING - Failed to import module 'routers.registrations': routers.registrations
Traceback (most recent call last):
  File "C:\Users\Lenovo 10GEN\Desktop\paudc_site\backend\main.py", line 111, in include_routers_from_package
    module = importlib.import_module(module_name)
  File "C:\Program Files\WindowsApps\PythonSoftwareFoundation.Python.3.13_3.13.3312.0_x64__qbz5n2kfra8p0\Lib\importlib\__init__.py", line 88, in import_module
    return _bootstrap._gcd_import(name[level:], package, level)
           ~~~~~~~~~~~~~~~~~~~~~~^^^^^^^^^^^^^^^^^^^^^^^^^^^^^^
  File "<frozen importlib._bootstrap>", line 1387, in _gcd_import
  File "<frozen importlib._bootstrap>", line 1360, in _find_and_load
  File "<frozen importlib._bootstrap>", line 1331, in _find_and_load_unlocked
  File "<frozen importlib._bootstrap>", line 935, in _load_unlocked
  File "<frozen importlib._bootstrap_external>", line 1023, in exec_module
  File "<frozen importlib._bootstrap>", line 488, in _call_with_frames_removed
  File "C:\Users\Lenovo 10GEN\Desktop\paudc_site\backend\routers\registrations.py", line 10, in <module>
    from dependencies.auth import get_current_user
  File "C:\Users\Lenovo 10GEN\Desktop\paudc_site\backend\dependencies\auth.py", line 6, in <module>
    from core.auth import decode_access_token, IDTokenValidationError
  File "C:\Users\Lenovo 10GEN\Desktop\paudc_site\backend\core\auth.py", line 16, in <module>
    from dependencies.auth import get_current_user
ImportError: cannot import name 'get_current_user' from partially initialized module 'dependencies.auth' (most likely due to a circular import) (C:\Users\Lenovo 10GEN\Desktop\paudc_site\backend\dependencies\auth.py)
2026-03-10 16:32:16,509 - main - WARNING - Failed to import module 'routers.resources': routers.resources
Traceback (most recent call last):
  File "C:\Users\Lenovo 10GEN\Desktop\paudc_site\backend\main.py", line 111, in include_routers_from_package
    module = importlib.import_module(module_name)
  File "C:\Program Files\WindowsApps\PythonSoftwareFoundation.Python.3.13_3.13.3312.0_x64__qbz5n2kfra8p0\Lib\importlib\__init__.py", line 88, in import_module
    return _bootstrap._gcd_import(name[level:], package, level)
           ~~~~~~~~~~~~~~~~~~~~~~^^^^^^^^^^^^^^^^^^^^^^^^^^^^^^
  File "<frozen importlib._bootstrap>", line 1387, in _gcd_import
  File "<frozen importlib._bootstrap>", line 1360, in _find_and_load
  File "<frozen importlib._bootstrap>", line 1331, in _find_and_load_unlocked
  File "<frozen importlib._bootstrap>", line 935, in _load_unlocked
  File "<frozen importlib._bootstrap_external>", line 1023, in exec_module
  File "<frozen importlib._bootstrap>", line 488, in _call_with_frames_removed
  File "C:\Users\Lenovo 10GEN\Desktop\paudc_site\backend\routers\resources.py", line 10, in <module>
    from services.resources import ResourcesService
ModuleNotFoundError: No module named 'services.resources'
2026-03-10 16:32:16,525 - main - INFO - Included router from routers.schedules
2026-03-10 16:32:16,527 - main - WARNING - Failed to import module 'routers.settings': routers.settings
Traceback (most recent call last):
  File "C:\Users\Lenovo 10GEN\Desktop\paudc_site\backend\main.py", line 111, in include_routers_from_package
    module = importlib.import_module(module_name)
  File "C:\Program Files\WindowsApps\PythonSoftwareFoundation.Python.3.13_3.13.3312.0_x64__qbz5n2kfra8p0\Lib\importlib\__init__.py", line 88, in import_module
    return _bootstrap._gcd_import(name[level:], package, level)
           ~~~~~~~~~~~~~~~~~~~~~~^^^^^^^^^^^^^^^^^^^^^^^^^^^^^^
  File "<frozen importlib._bootstrap>", line 1387, in _gcd_import
  File "<frozen importlib._bootstrap>", line 1360, in _find_and_load
  File "<frozen importlib._bootstrap>", line 1331, in _find_and_load_unlocked
  File "<frozen importlib._bootstrap>", line 935, in _load_unlocked
  File "<frozen importlib._bootstrap_external>", line 1023, in exec_module
  File "<frozen importlib._bootstrap>", line 488, in _call_with_frames_removed
  File "C:\Users\Lenovo 10GEN\Desktop\paudc_site\backend\routers\settings.py", line 8, in <module>
    from dependencies.auth import get_admin_user
  File "C:\Users\Lenovo 10GEN\Desktop\paudc_site\backend\dependencies\auth.py", line 6, in <module>
    from core.auth import decode_access_token, IDTokenValidationError
  File "C:\Users\Lenovo 10GEN\Desktop\paudc_site\backend\core\auth.py", line 16, in <module>
    from dependencies.auth import get_current_user
ImportError: cannot import name 'get_current_user' from partially initialized module 'dependencies.auth' (most likely due to a circular import) (C:\Users\Lenovo 10GEN\Desktop\paudc_site\backend\dependencies\auth.py)
2026-03-10 16:32:16,531 - main - WARNING - Failed to import module 'routers.storage': routers.storage
Traceback (most recent call last):
  File "C:\Users\Lenovo 10GEN\Desktop\paudc_site\backend\main.py", line 111, in include_routers_from_package
    module = importlib.import_module(module_name)
  File "C:\Program Files\WindowsApps\PythonSoftwareFoundation.Python.3.13_3.13.3312.0_x64__qbz5n2kfra8p0\Lib\importlib\__init__.py", line 88, in import_module
    return _bootstrap._gcd_import(name[level:], package, level)
           ~~~~~~~~~~~~~~~~~~~~~~^^^^^^^^^^^^^^^^^^^^^^^^^^^^^^
  File "<frozen importlib._bootstrap>", line 1387, in _gcd_import
  File "<frozen importlib._bootstrap>", line 1360, in _find_and_load
  File "<frozen importlib._bootstrap>", line 1331, in _find_and_load_unlocked
  File "<frozen importlib._bootstrap>", line 935, in _load_unlocked
  File "<frozen importlib._bootstrap_external>", line 1023, in exec_module
  File "<frozen importlib._bootstrap>", line 488, in _call_with_frames_removed
  File "C:\Users\Lenovo 10GEN\Desktop\paudc_site\backend\routers\storage.py", line 7, in <module>
    from dependencies.auth import get_current_user, get_admin_user
  File "C:\Users\Lenovo 10GEN\Desktop\paudc_site\backend\dependencies\auth.py", line 6, in <module>
    from core.auth import decode_access_token, IDTokenValidationError
  File "C:\Users\Lenovo 10GEN\Desktop\paudc_site\backend\core\auth.py", line 16, in <module>
    from dependencies.auth import get_current_user
ImportError: cannot import name 'get_current_user' from partially initialized module 'dependencies.auth' (most likely due to a circular import) (C:\Users\Lenovo 10GEN\Desktop\paudc_site\backend\dependencies\auth.py)
2026-03-10 16:32:16,537 - main - WARNING - Failed to import module 'routers.user': routers.user
Traceback (most recent call last):
  File "C:\Users\Lenovo 10GEN\Desktop\paudc_site\backend\main.py", line 111, in include_routers_from_package
    module = importlib.import_module(module_name)
  File "C:\Program Files\WindowsApps\PythonSoftwareFoundation.Python.3.13_3.13.3312.0_x64__qbz5n2kfra8p0\Lib\importlib\__init__.py", line 88, in import_module
    return _bootstrap._gcd_import(name[level:], package, level)
           ~~~~~~~~~~~~~~~~~~~~~~^^^^^^^^^^^^^^^^^^^^^^^^^^^^^^
  File "<frozen importlib._bootstrap>", line 1387, in _gcd_import
  File "<frozen importlib._bootstrap>", line 1360, in _find_and_load
  File "<frozen importlib._bootstrap>", line 1331, in _find_and_load_unlocked
  File "<frozen importlib._bootstrap>", line 935, in _load_unlocked
  File "<frozen importlib._bootstrap_external>", line 1023, in exec_module
  File "<frozen importlib._bootstrap>", line 488, in _call_with_frames_removed
  File "C:\Users\Lenovo 10GEN\Desktop\paudc_site\backend\routers\user.py", line 9, in <module>
    from dependencies.auth import get_current_user
  File "C:\Users\Lenovo 10GEN\Desktop\paudc_site\backend\dependencies\auth.py", line 6, in <module>
    from core.auth import decode_access_token, IDTokenValidationError
  File "C:\Users\Lenovo 10GEN\Desktop\paudc_site\backend\core\auth.py", line 16, in <module>
    from dependencies.auth import get_current_user
ImportError: cannot import name 'get_current_user' from partially initialized module 'dependencies.auth' (most likely due to a circular import) (C:\Users\Lenovo 10GEN\Desktop\paudc_site\backend\dependencies\auth.py)
2026-03-10 16:32:16,540 - main - INFO - Total routers discovered and included: 9
2026-03-10 16:32:16,542 - main - INFO - === Application startup initiated ===
2026-03-10 16:32:16,542 - core.database - INFO - Starting database initialization...
2026-03-10 16:32:16,542 - core.database - INFO - Using QueuePool with connection pooling for non-lambda environment
2026-03-10 16:32:16,561 - core.database - INFO - Database engine created successfully
2026-03-10 16:32:16,561 - core.database - INFO - Database connection created successfully
2026-03-10 16:32:16,562 - core.database - INFO - Starting table creation...
2026-03-10 16:32:16,562 - core.database - INFO - Starting table creation...
2026-03-10 16:32:16,574 - core.database - INFO - Tables initialized successfully
2026-03-10 16:32:16,574 - core.database - INFO - Checking for structural repairs in existing tables...
2026-03-10 16:32:16,594 - core.database - INFO - Table structure repair completed in 0.0193s
2026-03-10 16:32:16,610 - services.mock_data - ERROR - Error loading mock data from resources.json: Could not reflect: requested table(s) not available in Engine(sqlite+aiosqlite:///./paudc.db): (resources)
2026-03-10 16:32:16,682 - main - INFO - === Application startup completed successfully ===
2026-03-10 16:32:18,174 - main - INFO - === Application shutdown initiated ===
2026-03-10 16:32:18,175 - core.database - INFO - Closing database connection...
2026-03-10 16:32:18,177 - core.database - INFO - Database connection closed and engine disposed
2026-03-10 16:32:18,177 - main - INFO - === Application shutdown completed successfully ===
