2026-03-10 17:32:33,850 - main - INFO - === Logging system initialized ===
2026-03-10 17:32:33,851 - main - INFO - Log file: logs\app_20260310_173233.log
2026-03-10 17:32:33,852 - main - INFO - Environment: dev
2026-03-10 17:32:33,853 - main - INFO - Timestamp: 20260310_173233
2026-03-10 17:32:33,888 - main - INFO - Included router from routers.aihub
2026-03-10 17:32:34,068 - main - INFO - Included router from routers.auth
2026-03-10 17:32:34,090 - main - INFO - Included router from routers.content_pages
2026-03-10 17:32:34,107 - main - INFO - Included router from routers.course_materials
2026-03-10 17:32:34,127 - main - INFO - Included router from routers.course_modules
2026-03-10 17:32:34,148 - main - INFO - Included router from routers.courses
2026-03-10 17:32:34,167 - main - INFO - Included router from routers.enrollments
2026-03-10 17:32:34,187 - main - INFO - Included router from routers.faqs
2026-03-10 17:32:34,188 - main - INFO - Included router from routers.health
2026-03-10 17:32:34,195 - main - WARNING - Failed to import module 'routers.notifications': routers.notifications
Traceback (most recent call last):
  File "C:\Users\Lenovo 10GEN\Desktop\paudc_site\backend\main.py", line 111, in include_routers_from_package
    module = importlib.import_module(module_name)
  File "C:\Program Files\WindowsApps\PythonSoftwareFoundation.Python.3.13_3.13.3312.0_x64__qbz5n2kfra8p0\Lib\importlib\__init__.py", line 88, in import_module
    return _bootstrap._gcd_import(name[level:], package, level)
           ~~~~~~~~~~~~~~~~~~~~~~^^^^^^^^^^^^^^^^^^^^^^^^^^^^^^
  File "<frozen importlib._bootstrap>", line 1387, in _gcd_import
  File "<frozen importlib._bootstrap>", line 1360, in _find_and_load
  File "<frozen importlib._bootstrap>", line 1331, in _find_and_load_unlocked
  File "<frozen importlib._bootstrap>", line 935, in _load_unlocked
  File "<frozen importlib._bootstrap_external>", line 1023, in exec_module
  File "<frozen importlib._bootstrap>", line 488, in _call_with_frames_removed
  File "C:\Users\Lenovo 10GEN\Desktop\paudc_site\backend\routers\notifications.py", line 10, in <module>
    from services.notifications import NotificationsService
  File "C:\Users\Lenovo 10GEN\Desktop\paudc_site\backend\services\notifications.py", line 7, in <module>
    from models.notifications import Notification
ImportError: cannot import name 'Notification' from 'models.notifications' (C:\Users\Lenovo 10GEN\Desktop\paudc_site\backend\models\notifications.py). Did you mean: 'notifications'?
2026-03-10 17:32:34,215 - main - INFO - Included router from routers.progress_tracking
2026-03-10 17:32:34,228 - main - INFO - Included router from routers.quiz_attempts
2026-03-10 17:32:34,248 - main - INFO - Included router from routers.quiz_questions
2026-03-10 17:32:34,266 - main - INFO - Included router from routers.quizzes
2026-03-10 17:32:34,294 - main - INFO - Included router from routers.registrations
2026-03-10 17:32:34,325 - main - INFO - Included router from routers.resources
2026-03-10 17:32:34,343 - main - INFO - Included router from routers.schedules
2026-03-10 17:32:34,356 - main - INFO - Included router from routers.settings
2026-03-10 17:32:34,377 - main - INFO - Included router from routers.storage
2026-03-10 17:32:34,385 - main - INFO - Included router from routers.user
2026-03-10 17:32:34,385 - main - INFO - Total routers discovered and included: 19
2026-03-10 17:32:34,386 - main - INFO - === Application startup initiated ===
2026-03-10 17:32:34,387 - core.database - INFO - Starting database initialization...
2026-03-10 17:32:34,387 - core.database - INFO - Using QueuePool with connection pooling for non-lambda environment
2026-03-10 17:32:34,408 - core.database - INFO - Database engine created successfully
2026-03-10 17:32:34,408 - core.database - INFO - Database connection created successfully
2026-03-10 17:32:34,408 - core.database - INFO - Starting table creation...
2026-03-10 17:32:34,408 - core.database - INFO - Starting table creation...
2026-03-10 17:32:34,426 - core.database - INFO - Tables initialized successfully
2026-03-10 17:32:34,426 - core.database - INFO - Checking for structural repairs in existing tables...
2026-03-10 17:32:34,460 - core.database - INFO - Table structure repair completed in 0.0339s
2026-03-10 17:32:34,533 - main - INFO - === Application startup completed successfully ===
