2026-03-12 12:12:16,468 - main - INFO - === Logging system initialized ===
2026-03-12 12:12:16,468 - main - INFO - Log file: logs\app_20260312_121216.log
2026-03-12 12:12:16,468 - main - INFO - Environment: dev
2026-03-12 12:12:16,469 - main - INFO - Timestamp: 20260312_121216
2026-03-12 12:12:16,481 - main - INFO - Included router from routers.aihub
2026-03-12 12:12:16,624 - main - INFO - Included router from routers.auth
2026-03-12 12:12:16,625 - main - INFO - Included router from routers.config
2026-03-12 12:12:16,641 - main - INFO - Included router from routers.content_pages
2026-03-12 12:12:16,657 - main - INFO - Included router from routers.course_materials
2026-03-12 12:12:16,672 - main - INFO - Included router from routers.course_modules
2026-03-12 12:12:16,689 - main - INFO - Included router from routers.courses
2026-03-12 12:12:16,700 - main - INFO - Included router from routers.enrollments
2026-03-12 12:12:16,716 - main - INFO - Included router from routers.faqs
2026-03-12 12:12:16,717 - main - INFO - Included router from routers.health
2026-03-12 12:12:16,739 - main - INFO - Included router from routers.notifications
2026-03-12 12:12:16,754 - main - INFO - Included router from routers.progress_tracking
2026-03-12 12:12:16,764 - main - INFO - Included router from routers.quiz_attempts
2026-03-12 12:12:16,774 - main - INFO - Included router from routers.quiz_questions
2026-03-12 12:12:16,784 - main - INFO - Included router from routers.quizzes
2026-03-12 12:12:16,806 - main - INFO - Included router from routers.registrations
2026-03-12 12:12:16,823 - main - INFO - Included router from routers.resources
2026-03-12 12:12:16,839 - main - INFO - Included router from routers.schedules
2026-03-12 12:12:16,848 - main - INFO - Included router from routers.settings
2026-03-12 12:12:16,863 - main - INFO - Included router from routers.storage
2026-03-12 12:12:16,867 - main - INFO - Included router from routers.user
2026-03-12 12:12:16,867 - main - INFO - Total routers discovered and included: 21
2026-03-12 12:12:16,869 - main - INFO - === Application startup initiated ===
2026-03-12 12:12:16,870 - core.database - INFO - Starting database initialization...
2026-03-12 12:12:16,870 - core.database - INFO - Using QueuePool with connection pooling for non-lambda environment
2026-03-12 12:12:16,890 - core.database - INFO - Database engine created successfully
2026-03-12 12:12:16,890 - core.database - INFO - Database connection created successfully
2026-03-12 12:12:16,891 - core.database - INFO - Starting table creation...
2026-03-12 12:12:16,891 - core.database - INFO - Starting table creation...
2026-03-12 12:12:16,906 - core.database - INFO - Tables initialized successfully
2026-03-12 12:12:16,907 - core.database - INFO - Checking for structural repairs in existing tables...
2026-03-12 12:12:16,948 - core.database - INFO - Table structure repair completed in 0.0414s
2026-03-12 12:12:17,110 - main - INFO - === Application startup completed successfully ===
2026-03-12 12:12:26,068 - routers.auth - INFO - Initiating OIDC login with redirect_uri: http://localhost:8000/api/v1/auth/callback
2026-03-12 12:12:55,155 - httpx - INFO - HTTP Request: POST https://dev-dhw78f2cx2ws2hnn.us.auth0.com/token "HTTP/1.1 404 Not Found"
2026-03-12 12:12:55,156 - routers.auth - ERROR - Token exchange failed: 404 - Not found.
2026-03-12 12:15:42,303 - routers.auth - INFO - Initiating OIDC login with redirect_uri: http://localhost:8000/api/v1/auth/callback
2026-03-12 12:17:45,744 - httpx - INFO - HTTP Request: POST https://dev-dhw78f2cx2ws2hnn.us.auth0.com/token "HTTP/1.1 404 Not Found"
2026-03-12 12:17:45,745 - routers.auth - ERROR - Token exchange failed: 404 - Not found.
2026-03-12 12:21:32,579 - main - INFO - === Application shutdown initiated ===
2026-03-12 12:21:32,580 - core.database - INFO - Closing database connection...
2026-03-12 12:21:32,583 - core.database - INFO - Database connection closed and engine disposed
2026-03-12 12:21:32,584 - main - INFO - === Application shutdown completed successfully ===
