2026-03-12 12:21:34,224 - main - INFO - === Logging system initialized ===
2026-03-12 12:21:34,224 - main - INFO - Log file: logs\app_20260312_122134.log
2026-03-12 12:21:34,225 - main - INFO - Environment: dev
2026-03-12 12:21:34,225 - main - INFO - Timestamp: 20260312_122134
2026-03-12 12:21:34,240 - main - INFO - Included router from routers.aihub
2026-03-12 12:21:34,407 - main - INFO - Included router from routers.auth
2026-03-12 12:21:34,408 - main - INFO - Included router from routers.config
2026-03-12 12:21:34,425 - main - INFO - Included router from routers.content_pages
2026-03-12 12:21:34,442 - main - INFO - Included router from routers.course_materials
2026-03-12 12:21:34,458 - main - INFO - Included router from routers.course_modules
2026-03-12 12:21:34,475 - main - INFO - Included router from routers.courses
2026-03-12 12:21:34,489 - main - INFO - Included router from routers.enrollments
2026-03-12 12:21:34,505 - main - INFO - Included router from routers.faqs
2026-03-12 12:21:34,506 - main - INFO - Included router from routers.health
2026-03-12 12:21:34,523 - main - INFO - Included router from routers.notifications
2026-03-12 12:21:34,541 - main - INFO - Included router from routers.progress_tracking
2026-03-12 12:21:34,556 - main - INFO - Included router from routers.quiz_attempts
2026-03-12 12:21:34,566 - main - INFO - Included router from routers.quiz_questions
2026-03-12 12:21:34,578 - main - INFO - Included router from routers.quizzes
2026-03-12 12:21:34,608 - main - INFO - Included router from routers.registrations
2026-03-12 12:21:34,625 - main - INFO - Included router from routers.resources
2026-03-12 12:21:34,644 - main - INFO - Included router from routers.schedules
2026-03-12 12:21:34,655 - main - INFO - Included router from routers.settings
2026-03-12 12:21:34,672 - main - INFO - Included router from routers.storage
2026-03-12 12:21:34,677 - main - INFO - Included router from routers.user
2026-03-12 12:21:34,677 - main - INFO - Total routers discovered and included: 21
2026-03-12 12:21:34,680 - main - INFO - === Application startup initiated ===
2026-03-12 12:21:34,681 - core.database - INFO - Starting database initialization...
2026-03-12 12:21:34,681 - core.database - INFO - Using QueuePool with connection pooling for non-lambda environment
2026-03-12 12:21:34,702 - core.database - INFO - Database engine created successfully
2026-03-12 12:21:34,702 - core.database - INFO - Database connection created successfully
2026-03-12 12:21:34,703 - core.database - INFO - Starting table creation...
2026-03-12 12:21:34,703 - core.database - INFO - Starting table creation...
2026-03-12 12:21:34,719 - core.database - INFO - Tables initialized successfully
2026-03-12 12:21:34,719 - core.database - INFO - Checking for structural repairs in existing tables...
2026-03-12 12:21:34,751 - core.database - INFO - Table structure repair completed in 0.0320s
2026-03-12 12:21:34,872 - main - INFO - === Application startup completed successfully ===
2026-03-12 12:21:36,687 - routers.auth - INFO - Initiating OIDC login with redirect_uri: http://localhost:8000/api/v1/auth/callback
2026-03-12 12:21:41,484 - httpx - INFO - HTTP Request: POST https://dev-dhw78f2cx2ws2hnn.us.auth0.com/oauth/token "HTTP/1.1 200 OK"
2026-03-12 12:21:42,401 - httpx - INFO - HTTP Request: GET https://dev-dhw78f2cx2ws2hnn.us.auth0.com/.well-known/jwks.json "HTTP/1.1 200 OK"
2026-03-12 12:21:42,402 - core.auth - INFO - Successfully fetched JWKS with 2 keys
2026-03-12 12:21:42,587 - core.auth - ERROR - ID token validation failed: Invalid claims: Invalid issuer
2026-03-12 12:21:42,587 - routers.auth - ERROR - Token validation failed: Invalid token claims
2026-03-12 12:27:32,480 - main - INFO - === Application shutdown initiated ===
2026-03-12 12:27:32,481 - core.database - INFO - Closing database connection...
2026-03-12 12:27:32,483 - core.database - INFO - Database connection closed and engine disposed
2026-03-12 12:27:32,484 - main - INFO - === Application shutdown completed successfully ===
