2026-03-12 12:11:46,065 - main - INFO - === Logging system initialized ===
2026-03-12 12:11:46,065 - main - INFO - Log file: logs\app_20260312_121146.log
2026-03-12 12:11:46,066 - main - INFO - Environment: dev
2026-03-12 12:11:46,066 - main - INFO - Timestamp: 20260312_121146
2026-03-12 12:11:46,081 - main - INFO - Included router from routers.aihub
2026-03-12 12:11:46,236 - main - INFO - Included router from routers.auth
2026-03-12 12:11:46,238 - main - INFO - Included router from routers.config
2026-03-12 12:11:46,256 - main - INFO - Included router from routers.content_pages
2026-03-12 12:11:46,271 - main - INFO - Included router from routers.course_materials
2026-03-12 12:11:46,287 - main - INFO - Included router from routers.course_modules
2026-03-12 12:11:46,304 - main - INFO - Included router from routers.courses
2026-03-12 12:11:46,318 - main - INFO - Included router from routers.enrollments
2026-03-12 12:11:46,334 - main - INFO - Included router from routers.faqs
2026-03-12 12:11:46,336 - main - INFO - Included router from routers.health
2026-03-12 12:11:46,353 - main - INFO - Included router from routers.notifications
2026-03-12 12:11:46,372 - main - INFO - Included router from routers.progress_tracking
2026-03-12 12:11:46,385 - main - INFO - Included router from routers.quiz_attempts
2026-03-12 12:11:46,393 - main - INFO - Included router from routers.quiz_questions
2026-03-12 12:11:46,406 - main - INFO - Included router from routers.quizzes
2026-03-12 12:11:46,428 - main - INFO - Included router from routers.registrations
2026-03-12 12:11:46,447 - main - INFO - Included router from routers.resources
2026-03-12 12:11:46,464 - main - INFO - Included router from routers.schedules
2026-03-12 12:11:46,473 - main - INFO - Included router from routers.settings
2026-03-12 12:11:46,488 - main - INFO - Included router from routers.storage
2026-03-12 12:11:46,493 - main - INFO - Included router from routers.user
2026-03-12 12:11:46,493 - main - INFO - Total routers discovered and included: 21
2026-03-12 12:11:46,495 - main - INFO - === Application startup initiated ===
2026-03-12 12:11:46,496 - core.database - INFO - Starting database initialization...
2026-03-12 12:11:46,497 - core.database - INFO - Using QueuePool with connection pooling for non-lambda environment
2026-03-12 12:11:46,517 - core.database - INFO - Database engine created successfully
2026-03-12 12:11:46,517 - core.database - INFO - Database connection created successfully
2026-03-12 12:11:46,518 - core.database - INFO - Starting table creation...
2026-03-12 12:11:46,518 - core.database - INFO - Starting table creation...
2026-03-12 12:11:46,535 - core.database - INFO - Tables initialized successfully
2026-03-12 12:11:46,535 - core.database - INFO - Checking for structural repairs in existing tables...
2026-03-12 12:11:46,564 - core.database - INFO - Table structure repair completed in 0.0291s
2026-03-12 12:11:46,715 - main - INFO - === Application startup completed successfully ===
2026-03-12 12:12:15,109 - main - INFO - === Application shutdown initiated ===
2026-03-12 12:12:15,109 - core.database - INFO - Closing database connection...
2026-03-12 12:12:15,113 - core.database - INFO - Database connection closed and engine disposed
2026-03-12 12:12:15,114 - main - INFO - === Application shutdown completed successfully ===
