2026-03-10 17:33:57,787 - main - INFO - === Logging system initialized ===
2026-03-10 17:33:57,788 - main - INFO - Log file: logs\app_20260310_173357.log
2026-03-10 17:33:57,788 - main - INFO - Environment: dev
2026-03-10 17:33:57,788 - main - INFO - Timestamp: 20260310_173357
2026-03-10 17:33:57,801 - main - INFO - Included router from routers.aihub
2026-03-10 17:33:57,934 - main - INFO - Included router from routers.auth
2026-03-10 17:33:57,952 - main - INFO - Included router from routers.content_pages
2026-03-10 17:33:57,966 - main - INFO - Included router from routers.course_materials
2026-03-10 17:33:57,982 - main - INFO - Included router from routers.course_modules
2026-03-10 17:33:57,998 - main - INFO - Included router from routers.courses
2026-03-10 17:33:58,013 - main - INFO - Included router from routers.enrollments
2026-03-10 17:33:58,029 - main - INFO - Included router from routers.faqs
2026-03-10 17:33:58,030 - main - INFO - Included router from routers.health
2026-03-10 17:33:58,050 - main - INFO - Included router from routers.notifications
2026-03-10 17:33:58,065 - main - INFO - Included router from routers.progress_tracking
2026-03-10 17:33:58,080 - main - INFO - Included router from routers.quiz_attempts
2026-03-10 17:33:58,089 - main - INFO - Included router from routers.quiz_questions
2026-03-10 17:33:58,099 - main - INFO - Included router from routers.quizzes
2026-03-10 17:33:58,125 - main - INFO - Included router from routers.registrations
2026-03-10 17:33:58,142 - main - INFO - Included router from routers.resources
2026-03-10 17:33:58,158 - main - INFO - Included router from routers.schedules
2026-03-10 17:33:58,167 - main - INFO - Included router from routers.settings
2026-03-10 17:33:58,182 - main - INFO - Included router from routers.storage
2026-03-10 17:33:58,188 - main - INFO - Included router from routers.user
2026-03-10 17:33:58,188 - main - INFO - Total routers discovered and included: 20
2026-03-10 17:33:58,190 - main - INFO - === Application startup initiated ===
2026-03-10 17:33:58,190 - core.database - INFO - Starting database initialization...
2026-03-10 17:33:58,190 - core.database - INFO - Using QueuePool with connection pooling for non-lambda environment
2026-03-10 17:33:58,210 - core.database - INFO - Database engine created successfully
2026-03-10 17:33:58,210 - core.database - INFO - Database connection created successfully
2026-03-10 17:33:58,211 - core.database - INFO - Starting table creation...
2026-03-10 17:33:58,211 - core.database - INFO - Starting table creation...
2026-03-10 17:33:58,228 - core.database - INFO - Tables initialized successfully
2026-03-10 17:33:58,228 - core.database - INFO - Checking for structural repairs in existing tables...
2026-03-10 17:33:58,260 - core.database - INFO - Table structure repair completed in 0.0325s
2026-03-10 17:33:58,331 - main - INFO - === Application startup completed successfully ===
2026-03-10 19:03:16,010 - main - INFO - === Application shutdown initiated ===
2026-03-10 19:03:16,010 - core.database - INFO - Closing database connection...
2026-03-10 19:03:16,016 - core.database - INFO - Database connection closed and engine disposed
2026-03-10 19:03:16,016 - main - INFO - === Application shutdown completed successfully ===
