2026-03-12 11:52:44,273 - main - INFO - === Logging system initialized ===
2026-03-12 11:52:44,274 - main - INFO - Log file: logs\app_20260312_115244.log
2026-03-12 11:52:44,274 - main - INFO - Environment: dev
2026-03-12 11:52:44,274 - main - INFO - Timestamp: 20260312_115244
2026-03-12 11:52:44,288 - main - INFO - Included router from routers.aihub
2026-03-12 11:52:44,431 - main - INFO - Included router from routers.auth
2026-03-12 11:52:44,433 - main - INFO - Included router from routers.config
2026-03-12 11:52:44,448 - main - INFO - Included router from routers.content_pages
2026-03-12 11:52:44,464 - main - INFO - Included router from routers.course_materials
2026-03-12 11:52:44,479 - main - INFO - Included router from routers.course_modules
2026-03-12 11:52:44,496 - main - INFO - Included router from routers.courses
2026-03-12 11:52:44,510 - main - INFO - Included router from routers.enrollments
2026-03-12 11:52:44,526 - main - INFO - Included router from routers.faqs
2026-03-12 11:52:44,527 - main - INFO - Included router from routers.health
2026-03-12 11:52:44,547 - main - INFO - Included router from routers.notifications
2026-03-12 11:52:44,562 - main - INFO - Included router from routers.progress_tracking
2026-03-12 11:52:44,574 - main - INFO - Included router from routers.quiz_attempts
2026-03-12 11:52:44,582 - main - INFO - Included router from routers.quiz_questions
2026-03-12 11:52:44,593 - main - INFO - Included router from routers.quizzes
2026-03-12 11:52:44,616 - main - INFO - Included router from routers.registrations
2026-03-12 11:52:44,632 - main - INFO - Included router from routers.resources
2026-03-12 11:52:44,649 - main - INFO - Included router from routers.schedules
2026-03-12 11:52:44,660 - main - INFO - Included router from routers.settings
2026-03-12 11:52:44,713 - main - INFO - Included router from routers.storage
2026-03-12 11:52:44,734 - main - INFO - Included router from routers.user
2026-03-12 11:52:44,734 - main - INFO - Total routers discovered and included: 21
2026-03-12 11:52:44,735 - main - INFO - === Application startup initiated ===
2026-03-12 11:52:44,735 - core.database - INFO - Starting database initialization...
2026-03-12 11:52:44,736 - core.database - INFO - Using QueuePool with connection pooling for non-lambda environment
2026-03-12 11:52:44,764 - core.database - INFO - Database engine created successfully
2026-03-12 11:52:44,764 - core.database - INFO - Database connection created successfully
2026-03-12 11:52:44,764 - core.database - INFO - Starting table creation...
2026-03-12 11:52:44,764 - core.database - INFO - Starting table creation...
2026-03-12 11:52:44,779 - core.database - INFO - Tables initialized successfully
2026-03-12 11:52:44,779 - core.database - INFO - Checking for structural repairs in existing tables...
2026-03-12 11:52:44,810 - core.database - INFO - Table structure repair completed in 0.0310s
2026-03-12 11:52:44,865 - main - INFO - === Application startup completed successfully ===
2026-03-12 12:11:44,705 - main - INFO - === Application shutdown initiated ===
2026-03-12 12:11:44,706 - core.database - INFO - Closing database connection...
2026-03-12 12:11:44,709 - core.database - INFO - Database connection closed and engine disposed
2026-03-12 12:11:44,709 - main - INFO - === Application shutdown completed successfully ===
