2026-03-12 10:02:52,451 - main - INFO - === Logging system initialized ===
2026-03-12 10:02:52,451 - main - INFO - Log file: logs\app_20260312_100252.log
2026-03-12 10:02:52,452 - main - INFO - Environment: dev
2026-03-12 10:02:52,452 - main - INFO - Timestamp: 20260312_100252
2026-03-12 10:02:52,500 - main - INFO - Included router from routers.aihub
2026-03-12 10:02:53,577 - main - INFO - Included router from routers.auth
2026-03-12 10:02:53,584 - main - INFO - Included router from routers.config
2026-03-12 10:02:53,609 - main - INFO - Included router from routers.content_pages
2026-03-12 10:02:53,646 - main - INFO - Included router from routers.course_materials
2026-03-12 10:02:53,679 - main - INFO - Included router from routers.course_modules
2026-03-12 10:02:53,716 - main - INFO - Included router from routers.courses
2026-03-12 10:02:53,747 - main - INFO - Included router from routers.enrollments
2026-03-12 10:02:53,781 - main - INFO - Included router from routers.faqs
2026-03-12 10:02:53,790 - main - INFO - Included router from routers.health
2026-03-12 10:02:53,861 - main - INFO - Included router from routers.notifications
2026-03-12 10:02:53,907 - main - INFO - Included router from routers.progress_tracking
2026-03-12 10:02:53,938 - main - INFO - Included router from routers.quiz_attempts
2026-03-12 10:02:53,968 - main - INFO - Included router from routers.quiz_questions
2026-03-12 10:02:53,999 - main - INFO - Included router from routers.quizzes
2026-03-12 10:02:54,066 - main - INFO - Included router from routers.registrations
2026-03-12 10:02:54,101 - main - INFO - Included router from routers.resources
2026-03-12 10:02:54,159 - main - INFO - Included router from routers.schedules
2026-03-12 10:02:54,177 - main - INFO - Included router from routers.settings
2026-03-12 10:02:54,211 - main - INFO - Included router from routers.storage
2026-03-12 10:02:54,228 - main - INFO - Included router from routers.user
2026-03-12 10:02:54,228 - main - INFO - Total routers discovered and included: 21
2026-03-12 10:02:54,229 - main - INFO - === Application startup initiated ===
2026-03-12 10:02:54,230 - core.database - INFO - Starting database initialization...
2026-03-12 10:02:54,230 - core.database - INFO - Using QueuePool with connection pooling for non-lambda environment
2026-03-12 10:02:54,356 - core.database - INFO - Database engine created successfully
2026-03-12 10:02:54,356 - core.database - INFO - Database connection created successfully
2026-03-12 10:02:54,356 - core.database - INFO - Starting table creation...
2026-03-12 10:02:54,357 - core.database - INFO - Starting table creation...
2026-03-12 10:02:54,373 - core.database - INFO - Tables initialized successfully
2026-03-12 10:02:54,373 - core.database - INFO - Checking for structural repairs in existing tables...
2026-03-12 10:02:54,401 - core.database - INFO - Table structure repair completed in 0.0279s
2026-03-12 10:02:54,488 - main - INFO - === Application startup completed successfully ===
2026-03-12 10:03:00,427 - routers.auth - INFO - Initiating OIDC login with redirect_uri: http://localhost:8000/api/v1/auth/callback
2026-03-12 10:05:23,674 - main - INFO - === Application shutdown initiated ===
2026-03-12 10:05:23,675 - core.database - INFO - Closing database connection...
2026-03-12 10:05:23,679 - core.database - INFO - Database connection closed and engine disposed
2026-03-12 10:05:23,681 - main - INFO - === Application shutdown completed successfully ===
