2026-03-10 16:48:55,833 - main - INFO - === Logging system initialized ===
2026-03-10 16:48:55,833 - main - INFO - Log file: logs\app_20260310_164855.log
2026-03-10 16:48:55,833 - main - INFO - Environment: dev
2026-03-10 16:48:55,834 - main - INFO - Timestamp: 20260310_164855
2026-03-10 16:48:56,051 - main - WARNING - Failed to import module 'routers.aihub': routers.aihub
Traceback (most recent call last):
  File "C:\Users\Lenovo 10GEN\Desktop\paudc_site\backend\main.py", line 111, in include_routers_from_package
    module = importlib.import_module(module_name)
  File "C:\Program Files\WindowsApps\PythonSoftwareFoundation.Python.3.13_3.13.3312.0_x64__qbz5n2kfra8p0\Lib\importlib\__init__.py", line 88, in import_module
    return _bootstrap._gcd_import(name[level:], package, level)
           ~~~~~~~~~~~~~~~~~~~~~~^^^^^^^^^^^^^^^^^^^^^^^^^^^^^^
  File "<frozen importlib._bootstrap>", line 1387, in _gcd_import
  File "<frozen importlib._bootstrap>", line 1360, in _find_and_load
  File "<frozen importlib._bootstrap>", line 1331, in _find_and_load_unlocked
  File "<frozen importlib._bootstrap>", line 935, in _load_unlocked
  File "<frozen importlib._bootstrap_external>", line 1023, in exec_module
  File "<frozen importlib._bootstrap>", line 488, in _call_with_frames_removed
  File "C:\Users\Lenovo 10GEN\Desktop\paudc_site\backend\routers\aihub.py", line 9, in <module>
    from services.aihub import generate_image, generate_text
  File "C:\Users\Lenovo 10GEN\Desktop\paudc_site\backend\services\aihub.py", line 5, in <module>
    from schemas.aihub import GenImgRequest, GenImgResponse, GenTxtRequest, GenTxtResponse
ImportError: cannot import name 'GenImgResponse' from 'schemas.aihub' (C:\Users\Lenovo 10GEN\Desktop\paudc_site\backend\schemas\aihub.py)
2026-03-10 16:48:56,131 - main - INFO - Included router from routers.auth
2026-03-10 16:48:56,153 - main - INFO - Included router from routers.content_pages
2026-03-10 16:48:56,172 - main - INFO - Included router from routers.course_materials
2026-03-10 16:48:56,192 - main - INFO - Included router from routers.course_modules
2026-03-10 16:48:56,212 - main - INFO - Included router from routers.courses
2026-03-10 16:48:56,225 - main - INFO - Included router from routers.enrollments
2026-03-10 16:48:56,243 - main - INFO - Included router from routers.faqs
2026-03-10 16:48:56,244 - main - INFO - Included router from routers.health
2026-03-10 16:48:56,245 - main - WARNING - Failed to import module 'routers.notifications': routers.notifications
Traceback (most recent call last):
  File "C:\Users\Lenovo 10GEN\Desktop\paudc_site\backend\main.py", line 111, in include_routers_from_package
    module = importlib.import_module(module_name)
  File "C:\Program Files\WindowsApps\PythonSoftwareFoundation.Python.3.13_3.13.3312.0_x64__qbz5n2kfra8p0\Lib\importlib\__init__.py", line 88, in import_module
    return _bootstrap._gcd_import(name[level:], package, level)
           ~~~~~~~~~~~~~~~~~~~~~~^^^^^^^^^^^^^^^^^^^^^^^^^^^^^^
  File "<frozen importlib._bootstrap>", line 1387, in _gcd_import
  File "<frozen importlib._bootstrap>", line 1360, in _find_and_load
  File "<frozen importlib._bootstrap>", line 1331, in _find_and_load_unlocked
  File "<frozen importlib._bootstrap>", line 935, in _load_unlocked
  File "<frozen importlib._bootstrap_external>", line 1023, in exec_module
  File "<frozen importlib._bootstrap>", line 488, in _call_with_frames_removed
  File "C:\Users\Lenovo 10GEN\Desktop\paudc_site\backend\routers\notifications.py", line 10, in <module>
    from services.notifications import NotificationsService
ModuleNotFoundError: No module named 'services.notifications'
2026-03-10 16:48:56,267 - main - INFO - Included router from routers.progress_tracking
2026-03-10 16:48:56,268 - main - WARNING - Failed to import module 'routers.quiz_attempts': routers.quiz_attempts
Traceback (most recent call last):
  File "C:\Users\Lenovo 10GEN\Desktop\paudc_site\backend\main.py", line 111, in include_routers_from_package
    module = importlib.import_module(module_name)
  File "C:\Program Files\WindowsApps\PythonSoftwareFoundation.Python.3.13_3.13.3312.0_x64__qbz5n2kfra8p0\Lib\importlib\__init__.py", line 88, in import_module
    return _bootstrap._gcd_import(name[level:], package, level)
           ~~~~~~~~~~~~~~~~~~~~~~^^^^^^^^^^^^^^^^^^^^^^^^^^^^^^
  File "<frozen importlib._bootstrap>", line 1387, in _gcd_import
  File "<frozen importlib._bootstrap>", line 1360, in _find_and_load
  File "<frozen importlib._bootstrap>", line 1331, in _find_and_load_unlocked
  File "<frozen importlib._bootstrap>", line 935, in _load_unlocked
  File "<frozen importlib._bootstrap_external>", line 1023, in exec_module
  File "<frozen importlib._bootstrap>", line 488, in _call_with_frames_removed
  File "C:\Users\Lenovo 10GEN\Desktop\paudc_site\backend\routers\quiz_attempts.py", line 13, in <module>
    from services.quiz_attempts import QuizAttemptsService
ModuleNotFoundError: No module named 'services.quiz_attempts'
2026-03-10 16:48:56,282 - main - INFO - Included router from routers.quiz_questions
2026-03-10 16:48:56,294 - main - INFO - Included router from routers.quizzes
2026-03-10 16:48:56,295 - main - WARNING - Failed to import module 'routers.registrations': routers.registrations
Traceback (most recent call last):
  File "C:\Users\Lenovo 10GEN\Desktop\paudc_site\backend\main.py", line 111, in include_routers_from_package
    module = importlib.import_module(module_name)
  File "C:\Program Files\WindowsApps\PythonSoftwareFoundation.Python.3.13_3.13.3312.0_x64__qbz5n2kfra8p0\Lib\importlib\__init__.py", line 88, in import_module
    return _bootstrap._gcd_import(name[level:], package, level)
           ~~~~~~~~~~~~~~~~~~~~~~^^^^^^^^^^^^^^^^^^^^^^^^^^^^^^
  File "<frozen importlib._bootstrap>", line 1387, in _gcd_import
  File "<frozen importlib._bootstrap>", line 1360, in _find_and_load
  File "<frozen importlib._bootstrap>", line 1331, in _find_and_load_unlocked
  File "<frozen importlib._bootstrap>", line 935, in _load_unlocked
  File "<frozen importlib._bootstrap_external>", line 1023, in exec_module
  File "<frozen importlib._bootstrap>", line 488, in _call_with_frames_removed
  File "C:\Users\Lenovo 10GEN\Desktop\paudc_site\backend\routers\registrations.py", line 12, in <module>
    from services.registrations import RegistrationsService
ModuleNotFoundError: No module named 'services.registrations'
2026-03-10 16:48:56,297 - main - WARNING - Failed to import module 'routers.resources': routers.resources
Traceback (most recent call last):
  File "C:\Users\Lenovo 10GEN\Desktop\paudc_site\backend\main.py", line 111, in include_routers_from_package
    module = importlib.import_module(module_name)
  File "C:\Program Files\WindowsApps\PythonSoftwareFoundation.Python.3.13_3.13.3312.0_x64__qbz5n2kfra8p0\Lib\importlib\__init__.py", line 88, in import_module
    return _bootstrap._gcd_import(name[level:], package, level)
           ~~~~~~~~~~~~~~~~~~~~~~^^^^^^^^^^^^^^^^^^^^^^^^^^^^^^
  File "<frozen importlib._bootstrap>", line 1387, in _gcd_import
  File "<frozen importlib._bootstrap>", line 1360, in _find_and_load
  File "<frozen importlib._bootstrap>", line 1331, in _find_and_load_unlocked
  File "<frozen importlib._bootstrap>", line 935, in _load_unlocked
  File "<frozen importlib._bootstrap_external>", line 1023, in exec_module
  File "<frozen importlib._bootstrap>", line 488, in _call_with_frames_removed
  File "C:\Users\Lenovo 10GEN\Desktop\paudc_site\backend\routers\resources.py", line 10, in <module>
    from services.resources import ResourcesService
ModuleNotFoundError: No module named 'services.resources'
2026-03-10 16:48:56,317 - main - INFO - Included router from routers.schedules
2026-03-10 16:48:56,329 - main - INFO - Included router from routers.settings
2026-03-10 16:48:56,348 - main - INFO - Included router from routers.storage
2026-03-10 16:48:56,353 - main - INFO - Included router from routers.user
2026-03-10 16:48:56,353 - main - INFO - Total routers discovered and included: 15
2026-03-10 16:48:56,354 - main - INFO - === Application startup initiated ===
2026-03-10 16:48:56,354 - core.database - INFO - Starting database initialization...
2026-03-10 16:48:56,355 - core.database - INFO - Using QueuePool with connection pooling for non-lambda environment
2026-03-10 16:48:56,413 - core.database - INFO - Database engine created successfully
2026-03-10 16:48:56,415 - core.database - INFO - Database connection created successfully
2026-03-10 16:48:56,416 - core.database - INFO - Starting table creation...
2026-03-10 16:48:56,416 - core.database - INFO - Starting table creation...
2026-03-10 16:48:56,440 - core.database - INFO - Tables initialized successfully
2026-03-10 16:48:56,441 - core.database - INFO - Checking for structural repairs in existing tables...
2026-03-10 16:48:56,467 - core.database - INFO - Table structure repair completed in 0.0257s
2026-03-10 16:48:56,475 - services.mock_data - ERROR - Error loading mock data from resources.json: Could not reflect: requested table(s) not available in Engine(sqlite+aiosqlite:///./paudc.db): (resources)
2026-03-10 16:48:56,640 - main - INFO - === Application startup completed successfully ===
2026-03-10 16:54:35,581 - main - INFO - === Application shutdown initiated ===
2026-03-10 16:54:35,581 - core.database - INFO - Closing database connection...
2026-03-10 16:54:35,583 - core.database - INFO - Database connection closed and engine disposed
2026-03-10 16:54:35,584 - main - INFO - === Application shutdown completed successfully ===
