2026-03-10 17:32:35,785 - main - INFO - === Logging system initialized ===
2026-03-10 17:32:35,785 - main - INFO - Log file: logs\app_20260310_173235.log
2026-03-10 17:32:35,786 - main - INFO - Environment: dev
2026-03-10 17:32:35,786 - main - INFO - Timestamp: 20260310_173235
2026-03-10 17:32:35,806 - main - INFO - Included router from routers.aihub
2026-03-10 17:32:35,981 - main - INFO - Included router from routers.auth
2026-03-10 17:32:36,003 - main - INFO - Included router from routers.content_pages
2026-03-10 17:32:36,018 - main - INFO - Included router from routers.course_materials
2026-03-10 17:32:36,034 - main - INFO - Included router from routers.course_modules
2026-03-10 17:32:36,051 - main - INFO - Included router from routers.courses
2026-03-10 17:32:36,065 - main - INFO - Included router from routers.enrollments
2026-03-10 17:32:36,081 - main - INFO - Included router from routers.faqs
2026-03-10 17:32:36,083 - main - INFO - Included router from routers.health
2026-03-10 17:32:36,092 - main - WARNING - Failed to import module 'routers.notifications': routers.notifications
Traceback (most recent call last):
  File "C:\Users\Lenovo 10GEN\Desktop\paudc_site\backend\main.py", line 111, in include_routers_from_package
    module = importlib.import_module(module_name)
  File "C:\Program Files\WindowsApps\PythonSoftwareFoundation.Python.3.13_3.13.3312.0_x64__qbz5n2kfra8p0\Lib\importlib\__init__.py", line 88, in import_module
    return _bootstrap._gcd_import(name[level:], package, level)
           ~~~~~~~~~~~~~~~~~~~~~~^^^^^^^^^^^^^^^^^^^^^^^^^^^^^^
  File "<frozen importlib._bootstrap>", line 1387, in _gcd_import
  File "<frozen importlib._bootstrap>", line 1360, in _find_and_load
  File "<frozen importlib._bootstrap>", line 1331, in _find_and_load_unlocked
  File "<frozen importlib._bootstrap>", line 935, in _load_unlocked
  File "<frozen importlib._bootstrap_external>", line 1023, in exec_module
  File "<frozen importlib._bootstrap>", line 488, in _call_with_frames_removed
  File "C:\Users\Lenovo 10GEN\Desktop\paudc_site\backend\routers\notifications.py", line 10, in <module>
    from services.notifications import NotificationsService
  File "C:\Users\Lenovo 10GEN\Desktop\paudc_site\backend\services\notifications.py", line 7, in <module>
    from models.notifications import Notification
ImportError: cannot import name 'Notification' from 'models.notifications' (C:\Users\Lenovo 10GEN\Desktop\paudc_site\backend\models\notifications.py). Did you mean: 'notifications'?
2026-03-10 17:32:36,109 - main - INFO - Included router from routers.progress_tracking
2026-03-10 17:32:36,122 - main - INFO - Included router from routers.quiz_attempts
2026-03-10 17:32:36,134 - main - INFO - Included router from routers.quiz_questions
2026-03-10 17:32:36,144 - main - INFO - Included router from routers.quizzes
2026-03-10 17:32:36,167 - main - INFO - Included router from routers.registrations
2026-03-10 17:32:36,198 - main - INFO - Included router from routers.resources
2026-03-10 17:32:36,218 - main - INFO - Included router from routers.schedules
2026-03-10 17:32:36,227 - main - INFO - Included router from routers.settings
2026-03-10 17:32:36,245 - main - INFO - Included router from routers.storage
2026-03-10 17:32:36,252 - main - INFO - Included router from routers.user
2026-03-10 17:32:36,253 - main - INFO - Total routers discovered and included: 19
2026-03-10 17:32:36,254 - main - INFO - === Application startup initiated ===
2026-03-10 17:32:36,255 - core.database - INFO - Starting database initialization...
2026-03-10 17:32:36,255 - core.database - INFO - Using QueuePool with connection pooling for non-lambda environment
2026-03-10 17:32:36,277 - core.database - INFO - Database engine created successfully
2026-03-10 17:32:36,277 - core.database - INFO - Database connection created successfully
2026-03-10 17:32:36,278 - core.database - INFO - Starting table creation...
2026-03-10 17:32:36,278 - core.database - INFO - Starting table creation...
2026-03-10 17:32:36,294 - core.database - INFO - Tables initialized successfully
2026-03-10 17:32:36,295 - core.database - INFO - Checking for structural repairs in existing tables...
2026-03-10 17:32:36,328 - core.database - INFO - Table structure repair completed in 0.0329s
2026-03-10 17:32:36,546 - main - INFO - === Application startup completed successfully ===
