2026-03-11 18:33:41,482 - main - INFO - === Logging system initialized ===
2026-03-11 18:33:41,482 - main - INFO - Log file: logs\app_20260311_183341.log
2026-03-11 18:33:41,483 - main - INFO - Environment: dev
2026-03-11 18:33:41,483 - main - INFO - Timestamp: 20260311_183341
2026-03-11 18:33:41,510 - main - INFO - Included router from routers.aihub
2026-03-11 18:33:41,710 - main - INFO - Included router from routers.auth
2026-03-11 18:33:41,711 - main - INFO - Included router from routers.config
2026-03-11 18:33:41,740 - main - INFO - Included router from routers.content_pages
2026-03-11 18:33:41,759 - main - INFO - Included router from routers.course_materials
2026-03-11 18:33:41,779 - main - INFO - Included router from routers.course_modules
2026-03-11 18:33:41,805 - main - INFO - Included router from routers.courses
2026-03-11 18:33:41,824 - main - INFO - Included router from routers.enrollments
2026-03-11 18:33:41,847 - main - INFO - Included router from routers.faqs
2026-03-11 18:33:41,848 - main - INFO - Included router from routers.health
2026-03-11 18:33:41,877 - main - INFO - Included router from routers.notifications
2026-03-11 18:33:41,903 - main - INFO - Included router from routers.progress_tracking
2026-03-11 18:33:41,920 - main - INFO - Included router from routers.quiz_attempts
2026-03-11 18:33:41,931 - main - INFO - Included router from routers.quiz_questions
2026-03-11 18:33:41,947 - main - INFO - Included router from routers.quizzes
2026-03-11 18:33:41,981 - main - INFO - Included router from routers.registrations
2026-03-11 18:33:42,008 - main - INFO - Included router from routers.resources
2026-03-11 18:33:42,030 - main - INFO - Included router from routers.schedules
2026-03-11 18:33:42,049 - main - INFO - Included router from routers.settings
2026-03-11 18:33:42,075 - main - INFO - Included router from routers.storage
2026-03-11 18:33:42,082 - main - INFO - Included router from routers.user
2026-03-11 18:33:42,082 - main - INFO - Total routers discovered and included: 21
2026-03-11 18:33:42,084 - main - INFO - === Application startup initiated ===
2026-03-11 18:33:42,084 - core.database - INFO - Starting database initialization...
2026-03-11 18:33:42,085 - core.database - INFO - Using QueuePool with connection pooling for non-lambda environment
2026-03-11 18:33:42,112 - core.database - INFO - Database engine created successfully
2026-03-11 18:33:42,112 - core.database - INFO - Database connection created successfully
2026-03-11 18:33:42,113 - core.database - INFO - Starting table creation...
2026-03-11 18:33:42,113 - core.database - INFO - Starting table creation...
2026-03-11 18:33:42,143 - core.database - INFO - Tables initialized successfully
2026-03-11 18:33:42,144 - core.database - INFO - Checking for structural repairs in existing tables...
2026-03-11 18:33:42,195 - core.database - INFO - Table structure repair completed in 0.0514s
2026-03-11 18:33:42,393 - main - INFO - === Application startup completed successfully ===
2026-03-11 18:34:14,413 - main - INFO - === Application shutdown initiated ===
2026-03-11 18:34:14,414 - core.database - INFO - Closing database connection...
2026-03-11 18:34:14,417 - core.database - INFO - Database connection closed and engine disposed
2026-03-11 18:34:14,418 - main - INFO - === Application shutdown completed successfully ===
