2026-03-11 17:53:35,179 - main - INFO - === Logging system initialized ===
2026-03-11 17:53:35,179 - main - INFO - Log file: logs\app_20260311_175335.log
2026-03-11 17:53:35,180 - main - INFO - Environment: dev
2026-03-11 17:53:35,180 - main - INFO - Timestamp: 20260311_175335
2026-03-11 17:53:35,270 - main - INFO - Included router from routers.aihub
2026-03-11 17:53:37,364 - main - INFO - Included router from routers.auth
2026-03-11 17:53:37,378 - main - INFO - Included router from routers.config
2026-03-11 17:53:37,428 - main - INFO - Included router from routers.content_pages
2026-03-11 17:53:37,496 - main - INFO - Included router from routers.course_materials
2026-03-11 17:53:37,574 - main - INFO - Included router from routers.course_modules
2026-03-11 17:53:37,646 - main - INFO - Included router from routers.courses
2026-03-11 17:53:37,713 - main - INFO - Included router from routers.enrollments
2026-03-11 17:53:37,781 - main - INFO - Included router from routers.faqs
2026-03-11 17:53:37,795 - main - INFO - Included router from routers.health
2026-03-11 17:53:37,944 - main - INFO - Included router from routers.notifications
2026-03-11 17:53:38,017 - main - INFO - Included router from routers.progress_tracking
2026-03-11 17:53:38,086 - main - INFO - Included router from routers.quiz_attempts
2026-03-11 17:53:38,146 - main - INFO - Included router from routers.quiz_questions
2026-03-11 17:53:38,209 - main - INFO - Included router from routers.quizzes
2026-03-11 17:53:38,385 - main - INFO - Included router from routers.registrations
2026-03-11 17:53:38,463 - main - INFO - Included router from routers.resources
2026-03-11 17:53:38,584 - main - INFO - Included router from routers.schedules
2026-03-11 17:53:38,631 - main - INFO - Included router from routers.settings
2026-03-11 17:53:38,758 - main - INFO - Included router from routers.storage
2026-03-11 17:53:38,799 - main - INFO - Included router from routers.user
2026-03-11 17:53:38,800 - main - INFO - Total routers discovered and included: 21
2026-03-11 17:53:38,802 - main - INFO - === Application startup initiated ===
2026-03-11 17:53:38,802 - core.database - INFO - Starting database initialization...
2026-03-11 17:53:38,802 - core.database - INFO - Using QueuePool with connection pooling for non-lambda environment
2026-03-11 17:53:39,097 - core.database - INFO - Database engine created successfully
2026-03-11 17:53:39,097 - core.database - INFO - Database connection created successfully
2026-03-11 17:53:39,098 - core.database - INFO - Starting table creation...
2026-03-11 17:53:39,098 - core.database - INFO - Starting table creation...
2026-03-11 17:53:39,138 - core.database - INFO - Tables initialized successfully
2026-03-11 17:53:39,139 - core.database - INFO - Checking for structural repairs in existing tables...
2026-03-11 17:53:39,210 - core.database - INFO - Table structure repair completed in 0.0712s
2026-03-11 17:53:39,514 - main - INFO - === Application startup completed successfully ===
2026-03-11 17:54:49,173 - main - INFO - === Application shutdown initiated ===
2026-03-11 17:54:49,183 - core.database - INFO - Closing database connection...
2026-03-11 17:54:49,207 - core.database - INFO - Database connection closed and engine disposed
2026-03-11 17:54:49,220 - main - INFO - === Application shutdown completed successfully ===
