2026-03-10 17:33:46,869 - main - INFO - === Logging system initialized ===
2026-03-10 17:33:46,869 - main - INFO - Log file: logs\app_20260310_173346.log
2026-03-10 17:33:46,869 - main - INFO - Environment: dev
2026-03-10 17:33:46,869 - main - INFO - Timestamp: 20260310_173346
2026-03-10 17:33:46,887 - main - INFO - Included router from routers.aihub
2026-03-10 17:33:47,058 - main - INFO - Included router from routers.auth
2026-03-10 17:33:47,078 - main - INFO - Included router from routers.content_pages
2026-03-10 17:33:47,100 - main - INFO - Included router from routers.course_materials
2026-03-10 17:33:47,123 - main - INFO - Included router from routers.course_modules
2026-03-10 17:33:47,142 - main - INFO - Included router from routers.courses
2026-03-10 17:33:47,162 - main - INFO - Included router from routers.enrollments
2026-03-10 17:33:47,182 - main - INFO - Included router from routers.faqs
2026-03-10 17:33:47,183 - main - INFO - Included router from routers.health
2026-03-10 17:33:47,211 - main - INFO - Included router from routers.notifications
2026-03-10 17:33:47,226 - main - INFO - Included router from routers.progress_tracking
2026-03-10 17:33:47,238 - main - INFO - Included router from routers.quiz_attempts
2026-03-10 17:33:47,249 - main - INFO - Included router from routers.quiz_questions
2026-03-10 17:33:47,263 - main - INFO - Included router from routers.quizzes
2026-03-10 17:33:47,285 - main - INFO - Included router from routers.registrations
2026-03-10 17:33:47,302 - main - INFO - Included router from routers.resources
2026-03-10 17:33:47,318 - main - INFO - Included router from routers.schedules
2026-03-10 17:33:47,329 - main - INFO - Included router from routers.settings
2026-03-10 17:33:47,347 - main - INFO - Included router from routers.storage
2026-03-10 17:33:47,351 - main - INFO - Included router from routers.user
2026-03-10 17:33:47,352 - main - INFO - Total routers discovered and included: 20
2026-03-10 17:33:47,353 - main - INFO - === Application startup initiated ===
2026-03-10 17:33:47,353 - core.database - INFO - Starting database initialization...
2026-03-10 17:33:47,354 - core.database - INFO - Using QueuePool with connection pooling for non-lambda environment
2026-03-10 17:33:47,376 - core.database - INFO - Database engine created successfully
2026-03-10 17:33:47,376 - core.database - INFO - Database connection created successfully
2026-03-10 17:33:47,376 - core.database - INFO - Starting table creation...
2026-03-10 17:33:47,376 - core.database - INFO - Starting table creation...
2026-03-10 17:33:47,391 - core.database - INFO - Tables initialized successfully
2026-03-10 17:33:47,392 - core.database - INFO - Checking for structural repairs in existing tables...
2026-03-10 17:33:47,422 - core.database - INFO - Table structure repair completed in 0.0305s
2026-03-10 17:33:47,703 - main - INFO - === Application startup completed successfully ===
2026-03-10 17:33:50,438 - main - INFO - === Application shutdown initiated ===
2026-03-10 17:33:50,438 - core.database - INFO - Closing database connection...
2026-03-10 17:33:50,440 - core.database - INFO - Database connection closed and engine disposed
2026-03-10 17:33:50,440 - main - INFO - === Application shutdown completed successfully ===
