2026-03-11 18:34:54,421 - main - INFO - === Logging system initialized ===
2026-03-11 18:34:54,422 - main - INFO - Log file: logs\app_20260311_183454.log
2026-03-11 18:34:54,422 - main - INFO - Environment: dev
2026-03-11 18:34:54,422 - main - INFO - Timestamp: 20260311_183454
2026-03-11 18:34:54,444 - main - INFO - Included router from routers.aihub
2026-03-11 18:34:54,654 - main - INFO - Included router from routers.auth
2026-03-11 18:34:54,656 - main - INFO - Included router from routers.config
2026-03-11 18:34:54,685 - main - INFO - Included router from routers.content_pages
2026-03-11 18:34:54,710 - main - INFO - Included router from routers.course_materials
2026-03-11 18:34:54,733 - main - INFO - Included router from routers.course_modules
2026-03-11 18:34:54,757 - main - INFO - Included router from routers.courses
2026-03-11 18:34:54,781 - main - INFO - Included router from routers.enrollments
2026-03-11 18:34:54,804 - main - INFO - Included router from routers.faqs
2026-03-11 18:34:54,805 - main - INFO - Included router from routers.health
2026-03-11 18:34:54,834 - main - INFO - Included router from routers.notifications
2026-03-11 18:34:54,862 - main - INFO - Included router from routers.progress_tracking
2026-03-11 18:34:54,879 - main - INFO - Included router from routers.quiz_attempts
2026-03-11 18:34:54,891 - main - INFO - Included router from routers.quiz_questions
2026-03-11 18:34:54,905 - main - INFO - Included router from routers.quizzes
2026-03-11 18:34:54,951 - main - INFO - Included router from routers.registrations
2026-03-11 18:34:54,976 - main - INFO - Included router from routers.resources
2026-03-11 18:34:54,998 - main - INFO - Included router from routers.schedules
2026-03-11 18:34:55,012 - main - INFO - Included router from routers.settings
2026-03-11 18:34:55,038 - main - INFO - Included router from routers.storage
2026-03-11 18:34:55,047 - main - INFO - Included router from routers.user
2026-03-11 18:34:55,047 - main - INFO - Total routers discovered and included: 21
2026-03-11 18:34:55,049 - main - INFO - === Application startup initiated ===
2026-03-11 18:34:55,049 - core.database - INFO - Starting database initialization...
2026-03-11 18:34:55,050 - core.database - INFO - Using QueuePool with connection pooling for non-lambda environment
2026-03-11 18:34:55,081 - core.database - INFO - Database engine created successfully
2026-03-11 18:34:55,081 - core.database - INFO - Database connection created successfully
2026-03-11 18:34:55,082 - core.database - INFO - Starting table creation...
2026-03-11 18:34:55,082 - core.database - INFO - Starting table creation...
2026-03-11 18:34:55,103 - core.database - INFO - Tables initialized successfully
2026-03-11 18:34:55,103 - core.database - INFO - Checking for structural repairs in existing tables...
2026-03-11 18:34:55,151 - core.database - INFO - Table structure repair completed in 0.0472s
2026-03-11 18:34:55,326 - main - INFO - === Application startup completed successfully ===
2026-03-11 18:37:16,908 - main - INFO - === Application shutdown initiated ===
2026-03-11 18:37:16,909 - core.database - INFO - Closing database connection...
2026-03-11 18:37:16,911 - core.database - INFO - Database connection closed and engine disposed
2026-03-11 18:37:16,912 - main - INFO - === Application shutdown completed successfully ===
