2026-03-12 12:34:22,369 - main - INFO - === Logging system initialized ===
2026-03-12 12:34:22,369 - main - INFO - Log file: logs\app_20260312_123422.log
2026-03-12 12:34:22,369 - main - INFO - Environment: dev
2026-03-12 12:34:22,370 - main - INFO - Timestamp: 20260312_123422
2026-03-12 12:34:22,396 - main - INFO - Included router from routers.aihub
2026-03-12 12:34:22,585 - main - INFO - Included router from routers.auth
2026-03-12 12:34:22,586 - main - INFO - Included router from routers.config
2026-03-12 12:34:22,603 - main - INFO - Included router from routers.content_pages
2026-03-12 12:34:22,623 - main - INFO - Included router from routers.course_materials
2026-03-12 12:34:22,639 - main - INFO - Included router from routers.course_modules
2026-03-12 12:34:22,656 - main - INFO - Included router from routers.courses
2026-03-12 12:34:22,669 - main - INFO - Included router from routers.enrollments
2026-03-12 12:34:22,686 - main - INFO - Included router from routers.faqs
2026-03-12 12:34:22,688 - main - INFO - Included router from routers.health
2026-03-12 12:34:22,707 - main - INFO - Included router from routers.notifications
2026-03-12 12:34:22,723 - main - INFO - Included router from routers.progress_tracking
2026-03-12 12:34:22,735 - main - INFO - Included router from routers.quiz_attempts
2026-03-12 12:34:22,744 - main - INFO - Included router from routers.quiz_questions
2026-03-12 12:34:22,755 - main - INFO - Included router from routers.quizzes
2026-03-12 12:34:22,775 - main - INFO - Included router from routers.registrations
2026-03-12 12:34:22,792 - main - INFO - Included router from routers.resources
2026-03-12 12:34:22,807 - main - INFO - Included router from routers.schedules
2026-03-12 12:34:22,819 - main - INFO - Included router from routers.settings
2026-03-12 12:34:22,840 - main - INFO - Included router from routers.storage
2026-03-12 12:34:22,849 - main - INFO - Included router from routers.user
2026-03-12 12:34:22,850 - main - INFO - Total routers discovered and included: 21
2026-03-12 12:34:22,853 - main - INFO - === Application startup initiated ===
2026-03-12 12:34:22,853 - core.database - INFO - Starting database initialization...
2026-03-12 12:34:22,853 - core.database - INFO - Using QueuePool with connection pooling for non-lambda environment
2026-03-12 12:34:22,873 - core.database - INFO - Database engine created successfully
2026-03-12 12:34:22,873 - core.database - INFO - Database connection created successfully
2026-03-12 12:34:22,873 - core.database - INFO - Starting table creation...
2026-03-12 12:34:22,873 - core.database - INFO - Starting table creation...
2026-03-12 12:34:22,889 - core.database - INFO - Tables initialized successfully
2026-03-12 12:34:22,890 - core.database - INFO - Checking for structural repairs in existing tables...
2026-03-12 12:34:22,920 - core.database - INFO - Table structure repair completed in 0.0307s
2026-03-12 12:34:22,958 - main - INFO - === Application startup completed successfully ===
2026-03-12 12:34:23,913 - main - INFO - === Application shutdown initiated ===
2026-03-12 12:34:23,914 - core.database - INFO - Closing database connection...
2026-03-12 12:34:23,919 - core.database - INFO - Database connection closed and engine disposed
2026-03-12 12:34:23,920 - main - INFO - === Application shutdown completed successfully ===
