2026-03-12 13:26:22,960 - main - INFO - === Logging system initialized ===
2026-03-12 13:26:22,960 - main - INFO - Log file: logs\app_20260312_132622.log
2026-03-12 13:26:22,961 - main - INFO - Environment: dev
2026-03-12 13:26:22,961 - main - INFO - Timestamp: 20260312_132622
2026-03-12 13:26:22,987 - main - INFO - Included router from routers.aihub
2026-03-12 13:26:23,177 - main - INFO - Included router from routers.auth
2026-03-12 13:26:23,178 - main - INFO - Included router from routers.config
2026-03-12 13:26:23,198 - main - INFO - Included router from routers.content_pages
2026-03-12 13:26:23,217 - main - INFO - Included router from routers.course_materials
2026-03-12 13:26:23,233 - main - INFO - Included router from routers.course_modules
2026-03-12 13:26:23,251 - main - INFO - Included router from routers.courses
2026-03-12 13:26:23,265 - main - INFO - Included router from routers.enrollments
2026-03-12 13:26:23,281 - main - INFO - Included router from routers.faqs
2026-03-12 13:26:23,282 - main - INFO - Included router from routers.health
2026-03-12 13:26:23,301 - main - INFO - Included router from routers.notifications
2026-03-12 13:26:23,318 - main - INFO - Included router from routers.progress_tracking
2026-03-12 13:26:23,330 - main - INFO - Included router from routers.quiz_attempts
2026-03-12 13:26:23,338 - main - INFO - Included router from routers.quiz_questions
2026-03-12 13:26:23,351 - main - INFO - Included router from routers.quizzes
2026-03-12 13:26:23,376 - main - INFO - Included router from routers.registrations
2026-03-12 13:26:23,394 - main - INFO - Included router from routers.resources
2026-03-12 13:26:23,409 - main - INFO - Included router from routers.schedules
2026-03-12 13:26:23,424 - main - INFO - Included router from routers.settings
2026-03-12 13:26:23,446 - main - INFO - Included router from routers.storage
2026-03-12 13:26:23,450 - main - INFO - Included router from routers.user
2026-03-12 13:26:23,450 - main - INFO - Total routers discovered and included: 21
2026-03-12 13:26:23,452 - main - INFO - === Application startup initiated ===
2026-03-12 13:26:23,452 - core.database - INFO - Starting database initialization...
2026-03-12 13:26:23,452 - core.database - INFO - Using QueuePool with connection pooling for non-lambda environment
2026-03-12 13:26:23,475 - core.database - INFO - Database engine created successfully
2026-03-12 13:26:23,475 - core.database - INFO - Database connection created successfully
2026-03-12 13:26:23,475 - core.database - INFO - Starting table creation...
2026-03-12 13:26:23,476 - core.database - INFO - Starting table creation...
2026-03-12 13:26:23,491 - core.database - INFO - Tables initialized successfully
2026-03-12 13:26:23,491 - core.database - INFO - Checking for structural repairs in existing tables...
2026-03-12 13:26:23,519 - core.database - INFO - Table structure repair completed in 0.0285s
2026-03-12 13:26:23,658 - main - INFO - === Application startup completed successfully ===
2026-03-12 13:26:27,805 - main - INFO - === Application shutdown initiated ===
2026-03-12 13:26:27,805 - core.database - INFO - Closing database connection...
2026-03-12 13:26:27,808 - core.database - INFO - Database connection closed and engine disposed
2026-03-12 13:26:27,809 - main - INFO - === Application shutdown completed successfully ===
