2026-03-11 18:34:16,192 - main - INFO - === Logging system initialized ===
2026-03-11 18:34:16,193 - main - INFO - Log file: logs\app_20260311_183416.log
2026-03-11 18:34:16,193 - main - INFO - Environment: dev
2026-03-11 18:34:16,194 - main - INFO - Timestamp: 20260311_183416
2026-03-11 18:34:16,241 - main - INFO - Included router from routers.aihub
2026-03-11 18:34:16,601 - main - INFO - Included router from routers.auth
2026-03-11 18:34:16,605 - main - INFO - Included router from routers.config
2026-03-11 18:34:16,648 - main - INFO - Included router from routers.content_pages
2026-03-11 18:34:16,691 - main - INFO - Included router from routers.course_materials
2026-03-11 18:34:16,719 - main - INFO - Included router from routers.course_modules
2026-03-11 18:34:16,771 - main - INFO - Included router from routers.courses
2026-03-11 18:34:16,795 - main - INFO - Included router from routers.enrollments
2026-03-11 18:34:16,824 - main - INFO - Included router from routers.faqs
2026-03-11 18:34:16,826 - main - INFO - Included router from routers.health
2026-03-11 18:34:16,857 - main - INFO - Included router from routers.notifications
2026-03-11 18:34:16,884 - main - INFO - Included router from routers.progress_tracking
2026-03-11 18:34:16,905 - main - INFO - Included router from routers.quiz_attempts
2026-03-11 18:34:16,919 - main - INFO - Included router from routers.quiz_questions
2026-03-11 18:34:16,941 - main - INFO - Included router from routers.quizzes
2026-03-11 18:34:16,965 - main - WARNING - Failed to import module 'routers.registrations': routers.registrations
Traceback (most recent call last):
  File "C:\Users\Lenovo 10GEN\Desktop\paudc_site\backend\main.py", line 111, in include_routers_from_package
    module = importlib.import_module(module_name)
  File "C:\Program Files\WindowsApps\PythonSoftwareFoundation.Python.3.13_3.13.3312.0_x64__qbz5n2kfra8p0\Lib\importlib\__init__.py", line 88, in import_module
    return _bootstrap._gcd_import(name[level:], package, level)
           ~~~~~~~~~~~~~~~~~~~~~~^^^^^^^^^^^^^^^^^^^^^^^^^^^^^^
  File "<frozen importlib._bootstrap>", line 1387, in _gcd_import
  File "<frozen importlib._bootstrap>", line 1360, in _find_and_load
  File "<frozen importlib._bootstrap>", line 1331, in _find_and_load_unlocked
  File "<frozen importlib._bootstrap>", line 935, in _load_unlocked
  File "<frozen importlib._bootstrap_external>", line 1023, in exec_module
  File "<frozen importlib._bootstrap>", line 488, in _call_with_frames_removed
  File "C:\Users\Lenovo 10GEN\Desktop\paudc_site\backend\routers\registrations.py", line 13, in <module>
    from services.registrations import RegistrationsService
  File "C:\Users\Lenovo 10GEN\Desktop\paudc_site\backend\services\registrations.py", line 6, in <module>
    from models.registrations import Registrations
  File "C:\Users\Lenovo 10GEN\Desktop\paudc_site\backend\models\registrations.py", line 4, in <module>
    class Registrations(Base):
    ...<21 lines>...
        created_at = Column(DateTime(timezone=True), default=lambda: datetime.now(timezone.utc), nullable=True)
  File "C:\Users\Lenovo 10GEN\Desktop\paudc_site\backend\models\registrations.py", line 26, in Registrations
    created_at = Column(DateTime(timezone=True), default=lambda: datetime.now(timezone.utc), nullable=True)
                        ^^^^^^^^
NameError: name 'DateTime' is not defined
2026-03-11 18:34:16,999 - main - INFO - Included router from routers.resources
2026-03-11 18:34:17,026 - main - INFO - Included router from routers.schedules
2026-03-11 18:34:17,046 - main - INFO - Included router from routers.settings
2026-03-11 18:34:17,080 - main - INFO - Included router from routers.storage
2026-03-11 18:34:17,088 - main - INFO - Included router from routers.user
2026-03-11 18:34:17,089 - main - INFO - Total routers discovered and included: 20
2026-03-11 18:34:17,091 - main - INFO - === Application startup initiated ===
2026-03-11 18:34:17,091 - core.database - INFO - Starting database initialization...
2026-03-11 18:34:17,091 - core.database - INFO - Using QueuePool with connection pooling for non-lambda environment
2026-03-11 18:34:17,122 - core.database - INFO - Database engine created successfully
2026-03-11 18:34:17,122 - core.database - INFO - Database connection created successfully
2026-03-11 18:34:17,122 - core.database - INFO - Starting table creation...
2026-03-11 18:34:17,123 - core.database - INFO - Starting table creation...
2026-03-11 18:34:17,142 - core.database - INFO - Tables initialized successfully
2026-03-11 18:34:17,143 - core.database - INFO - Checking for structural repairs in existing tables...
2026-03-11 18:34:17,186 - core.database - INFO - Table structure repair completed in 0.0432s
2026-03-11 18:34:17,436 - main - INFO - === Application startup completed successfully ===
2026-03-11 18:34:18,605 - main - INFO - === Application shutdown initiated ===
2026-03-11 18:34:18,605 - core.database - INFO - Closing database connection...
2026-03-11 18:34:18,607 - core.database - INFO - Database connection closed and engine disposed
2026-03-11 18:34:18,608 - main - INFO - === Application shutdown completed successfully ===
