2026-03-12 13:23:29,402 - main - INFO - === Logging system initialized ===
2026-03-12 13:23:29,402 - main - INFO - Log file: logs\app_20260312_132329.log
2026-03-12 13:23:29,402 - main - INFO - Environment: dev
2026-03-12 13:23:29,403 - main - INFO - Timestamp: 20260312_132329
2026-03-12 13:23:29,417 - main - INFO - Included router from routers.aihub
2026-03-12 13:23:29,602 - main - INFO - Included router from routers.auth
2026-03-12 13:23:29,603 - main - INFO - Included router from routers.config
2026-03-12 13:23:29,621 - main - INFO - Included router from routers.content_pages
2026-03-12 13:23:29,637 - main - INFO - Included router from routers.course_materials
2026-03-12 13:23:29,651 - main - INFO - Included router from routers.course_modules
2026-03-12 13:23:29,670 - main - INFO - Included router from routers.courses
2026-03-12 13:23:29,683 - main - INFO - Included router from routers.enrollments
2026-03-12 13:23:29,697 - main - INFO - Included router from routers.faqs
2026-03-12 13:23:29,700 - main - INFO - Included router from routers.health
2026-03-12 13:23:29,715 - main - INFO - Included router from routers.notifications
2026-03-12 13:23:29,733 - main - INFO - Included router from routers.progress_tracking
2026-03-12 13:23:29,743 - main - INFO - Included router from routers.quiz_attempts
2026-03-12 13:23:29,753 - main - INFO - Included router from routers.quiz_questions
2026-03-12 13:23:29,763 - main - INFO - Included router from routers.quizzes
2026-03-12 13:23:29,787 - main - INFO - Included router from routers.registrations
2026-03-12 13:23:29,804 - main - INFO - Included router from routers.resources
2026-03-12 13:23:29,820 - main - INFO - Included router from routers.schedules
2026-03-12 13:23:29,829 - main - INFO - Included router from routers.settings
2026-03-12 13:23:29,845 - main - INFO - Included router from routers.storage
2026-03-12 13:23:29,851 - main - INFO - Included router from routers.user
2026-03-12 13:23:29,851 - main - INFO - Total routers discovered and included: 21
2026-03-12 13:23:29,853 - main - INFO - === Application startup initiated ===
2026-03-12 13:23:29,853 - core.database - INFO - Starting database initialization...
2026-03-12 13:23:29,853 - core.database - INFO - Using QueuePool with connection pooling for non-lambda environment
2026-03-12 13:23:29,872 - core.database - INFO - Database engine created successfully
2026-03-12 13:23:29,873 - core.database - INFO - Database connection created successfully
2026-03-12 13:23:29,873 - core.database - INFO - Starting table creation...
2026-03-12 13:23:29,873 - core.database - INFO - Starting table creation...
2026-03-12 13:23:29,888 - core.database - INFO - Tables initialized successfully
2026-03-12 13:23:29,888 - core.database - INFO - Checking for structural repairs in existing tables...
2026-03-12 13:23:29,919 - core.database - INFO - Table structure repair completed in 0.0310s
2026-03-12 13:23:30,078 - main - INFO - === Application startup completed successfully ===
2026-03-12 13:23:45,154 - core.auth - WARNING - Authentication token validation failed: JWTError
2026-03-12 13:23:45,155 - dependencies.auth - WARNING - Token validation failed: IDTokenValidationError
2026-03-12 13:23:45,157 - core.auth - WARNING - Authentication token validation failed: JWTError
2026-03-12 13:23:45,158 - dependencies.auth - WARNING - Token validation failed: IDTokenValidationError
2026-03-12 13:23:45,160 - core.auth - WARNING - Authentication token validation failed: JWTError
2026-03-12 13:23:45,160 - dependencies.auth - WARNING - Token validation failed: IDTokenValidationError
2026-03-12 13:23:45,164 - core.auth - WARNING - Authentication token validation failed: JWTError
2026-03-12 13:23:45,164 - dependencies.auth - WARNING - Token validation failed: IDTokenValidationError
2026-03-12 13:23:58,173 - core.auth - WARNING - Authentication token validation failed: JWTError
2026-03-12 13:23:58,174 - dependencies.auth - WARNING - Token validation failed: IDTokenValidationError
2026-03-12 13:23:58,177 - core.auth - WARNING - Authentication token validation failed: JWTError
2026-03-12 13:23:58,177 - dependencies.auth - WARNING - Token validation failed: IDTokenValidationError
2026-03-12 13:23:58,179 - core.auth - WARNING - Authentication token validation failed: JWTError
2026-03-12 13:23:58,179 - dependencies.auth - WARNING - Token validation failed: IDTokenValidationError
2026-03-12 13:23:58,181 - core.auth - WARNING - Authentication token validation failed: JWTError
2026-03-12 13:23:58,182 - dependencies.auth - WARNING - Token validation failed: IDTokenValidationError
2026-03-12 13:24:02,103 - core.auth - WARNING - Authentication token validation failed: JWTError
2026-03-12 13:24:02,104 - dependencies.auth - WARNING - Token validation failed: IDTokenValidationError
2026-03-12 13:24:02,106 - core.auth - WARNING - Authentication token validation failed: JWTError
2026-03-12 13:24:02,107 - dependencies.auth - WARNING - Token validation failed: IDTokenValidationError
2026-03-12 13:24:04,052 - core.auth - WARNING - Authentication token validation failed: JWTError
2026-03-12 13:24:04,053 - dependencies.auth - WARNING - Token validation failed: IDTokenValidationError
2026-03-12 13:24:04,058 - core.auth - WARNING - Authentication token validation failed: JWTError
2026-03-12 13:24:04,060 - dependencies.auth - WARNING - Token validation failed: IDTokenValidationError
2026-03-12 13:24:04,063 - core.auth - WARNING - Authentication token validation failed: JWTError
2026-03-12 13:24:04,064 - dependencies.auth - WARNING - Token validation failed: IDTokenValidationError
2026-03-12 13:24:04,068 - core.auth - WARNING - Authentication token validation failed: JWTError
2026-03-12 13:24:04,068 - dependencies.auth - WARNING - Token validation failed: IDTokenValidationError
2026-03-12 13:24:05,009 - routers.auth - INFO - Initiating OIDC login with redirect_uri: http://localhost:8000/api/v1/auth/callback
2026-03-12 13:24:09,773 - httpx - INFO - HTTP Request: POST https://dev-dhw78f2cx2ws2hnn.us.auth0.com/oauth/token "HTTP/1.1 200 OK"
2026-03-12 13:24:10,696 - httpx - INFO - HTTP Request: GET https://dev-dhw78f2cx2ws2hnn.us.auth0.com/.well-known/jwks.json "HTTP/1.1 200 OK"
2026-03-12 13:24:10,698 - core.auth - INFO - Successfully fetched JWKS with 2 keys
2026-03-12 13:24:10,702 - core.auth - INFO - ID token successfully validated for user hash: f5529618
2026-03-12 13:24:11,644 - core.auth - WARNING - Authentication token validation failed: JWTError
2026-03-12 13:24:11,644 - dependencies.auth - WARNING - Token validation failed: IDTokenValidationError
2026-03-12 13:24:11,646 - core.auth - WARNING - Authentication token validation failed: JWTError
2026-03-12 13:24:11,647 - dependencies.auth - WARNING - Token validation failed: IDTokenValidationError
2026-03-12 13:24:12,394 - httpx - INFO - HTTP Request: GET https://dev-dhw78f2cx2ws2hnn.us.auth0.com/userinfo "HTTP/1.1 200 OK"
2026-03-12 13:24:12,472 - httpx - INFO - HTTP Request: GET https://dev-dhw78f2cx2ws2hnn.us.auth0.com/userinfo "HTTP/1.1 200 OK"
2026-03-12 13:26:11,107 - main - INFO - === Application shutdown initiated ===
2026-03-12 13:26:11,108 - core.database - INFO - Closing database connection...
2026-03-12 13:26:11,111 - core.database - INFO - Database connection closed and engine disposed
2026-03-12 13:26:11,112 - main - INFO - === Application shutdown completed successfully ===
