2026-03-10 17:33:35,296 - main - INFO - === Logging system initialized ===
2026-03-10 17:33:35,296 - main - INFO - Log file: logs\app_20260310_173335.log
2026-03-10 17:33:35,296 - main - INFO - Environment: dev
2026-03-10 17:33:35,297 - main - INFO - Timestamp: 20260310_173335
2026-03-10 17:33:35,322 - main - INFO - Included router from routers.aihub
2026-03-10 17:33:35,498 - main - INFO - Included router from routers.auth
2026-03-10 17:33:35,516 - main - INFO - Included router from routers.content_pages
2026-03-10 17:33:35,532 - main - INFO - Included router from routers.course_materials
2026-03-10 17:33:35,549 - main - INFO - Included router from routers.course_modules
2026-03-10 17:33:35,569 - main - INFO - Included router from routers.courses
2026-03-10 17:33:35,584 - main - INFO - Included router from routers.enrollments
2026-03-10 17:33:35,604 - main - INFO - Included router from routers.faqs
2026-03-10 17:33:35,606 - main - INFO - Included router from routers.health
2026-03-10 17:33:35,640 - main - INFO - Included router from routers.notifications
2026-03-10 17:33:35,656 - main - INFO - Included router from routers.progress_tracking
2026-03-10 17:33:35,670 - main - INFO - Included router from routers.quiz_attempts
2026-03-10 17:33:35,684 - main - INFO - Included router from routers.quiz_questions
2026-03-10 17:33:35,696 - main - INFO - Included router from routers.quizzes
2026-03-10 17:33:35,721 - main - INFO - Included router from routers.registrations
2026-03-10 17:33:35,748 - main - INFO - Included router from routers.resources
2026-03-10 17:33:35,769 - main - INFO - Included router from routers.schedules
2026-03-10 17:33:35,781 - main - INFO - Included router from routers.settings
2026-03-10 17:33:35,796 - main - INFO - Included router from routers.storage
2026-03-10 17:33:35,801 - main - INFO - Included router from routers.user
2026-03-10 17:33:35,801 - main - INFO - Total routers discovered and included: 20
2026-03-10 17:33:35,803 - main - INFO - === Application startup initiated ===
2026-03-10 17:33:35,803 - core.database - INFO - Starting database initialization...
2026-03-10 17:33:35,803 - core.database - INFO - Using QueuePool with connection pooling for non-lambda environment
2026-03-10 17:33:35,825 - core.database - INFO - Database engine created successfully
2026-03-10 17:33:35,825 - core.database - INFO - Database connection created successfully
2026-03-10 17:33:35,826 - core.database - INFO - Starting table creation...
2026-03-10 17:33:35,827 - core.database - INFO - Starting table creation...
2026-03-10 17:33:35,847 - core.database - INFO - Tables initialized successfully
2026-03-10 17:33:35,847 - core.database - INFO - Checking for structural repairs in existing tables...
2026-03-10 17:33:35,876 - core.database - INFO - Table structure repair completed in 0.0293s
2026-03-10 17:33:35,943 - main - INFO - === Application startup completed successfully ===
