2026-03-12 12:34:25,556 - main - INFO - === Logging system initialized ===
2026-03-12 12:34:25,556 - main - INFO - Log file: logs\app_20260312_123425.log
2026-03-12 12:34:25,556 - main - INFO - Environment: dev
2026-03-12 12:34:25,557 - main - INFO - Timestamp: 20260312_123425
2026-03-12 12:34:25,570 - main - INFO - Included router from routers.aihub
2026-03-12 12:34:25,746 - main - INFO - Included router from routers.auth
2026-03-12 12:34:25,747 - main - INFO - Included router from routers.config
2026-03-12 12:34:25,767 - main - INFO - Included router from routers.content_pages
2026-03-12 12:34:25,787 - main - INFO - Included router from routers.course_materials
2026-03-12 12:34:25,805 - main - INFO - Included router from routers.course_modules
2026-03-12 12:34:25,826 - main - INFO - Included router from routers.courses
2026-03-12 12:34:25,841 - main - INFO - Included router from routers.enrollments
2026-03-12 12:34:25,862 - main - INFO - Included router from routers.faqs
2026-03-12 12:34:25,864 - main - INFO - Included router from routers.health
2026-03-12 12:34:25,881 - main - INFO - Included router from routers.notifications
2026-03-12 12:34:25,894 - main - INFO - Included router from routers.progress_tracking
2026-03-12 12:34:25,906 - main - INFO - Included router from routers.quiz_attempts
2026-03-12 12:34:25,915 - main - INFO - Included router from routers.quiz_questions
2026-03-12 12:34:25,927 - main - INFO - Included router from routers.quizzes
2026-03-12 12:34:25,951 - main - INFO - Included router from routers.registrations
2026-03-12 12:34:25,970 - main - INFO - Included router from routers.resources
2026-03-12 12:34:25,988 - main - INFO - Included router from routers.schedules
2026-03-12 12:34:26,002 - main - INFO - Included router from routers.settings
2026-03-12 12:34:26,021 - main - INFO - Included router from routers.storage
2026-03-12 12:34:26,025 - main - INFO - Included router from routers.user
2026-03-12 12:34:26,025 - main - INFO - Total routers discovered and included: 21
2026-03-12 12:34:26,027 - main - INFO - === Application startup initiated ===
2026-03-12 12:34:26,027 - core.database - INFO - Starting database initialization...
2026-03-12 12:34:26,027 - core.database - INFO - Using QueuePool with connection pooling for non-lambda environment
2026-03-12 12:34:26,051 - core.database - INFO - Database engine created successfully
2026-03-12 12:34:26,051 - core.database - INFO - Database connection created successfully
2026-03-12 12:34:26,052 - core.database - INFO - Starting table creation...
2026-03-12 12:34:26,052 - core.database - INFO - Starting table creation...
2026-03-12 12:34:26,074 - core.database - INFO - Tables initialized successfully
2026-03-12 12:34:26,074 - core.database - INFO - Checking for structural repairs in existing tables...
2026-03-12 12:34:26,108 - core.database - INFO - Table structure repair completed in 0.0339s
2026-03-12 12:34:26,246 - main - INFO - === Application startup completed successfully ===
2026-03-12 12:34:37,180 - routers.auth - INFO - Initiating OIDC login with redirect_uri: http://localhost:8000/api/v1/auth/callback
2026-03-12 12:34:42,383 - httpx - INFO - HTTP Request: POST https://dev-dhw78f2cx2ws2hnn.us.auth0.com/oauth/token "HTTP/1.1 200 OK"
2026-03-12 12:34:43,394 - httpx - INFO - HTTP Request: GET https://dev-dhw78f2cx2ws2hnn.us.auth0.com/.well-known/jwks.json "HTTP/1.1 200 OK"
2026-03-12 12:34:43,395 - core.auth - INFO - Successfully fetched JWKS with 2 keys
2026-03-12 12:34:43,399 - core.auth - INFO - ID token successfully validated for user hash: f5529618
2026-03-12 12:58:35,731 - routers.auth - INFO - Initiating OIDC login with redirect_uri: http://localhost:8000/api/v1/auth/callback
2026-03-12 12:58:41,728 - httpx - INFO - HTTP Request: POST https://dev-dhw78f2cx2ws2hnn.us.auth0.com/oauth/token "HTTP/1.1 200 OK"
2026-03-12 12:58:42,862 - httpx - INFO - HTTP Request: GET https://dev-dhw78f2cx2ws2hnn.us.auth0.com/.well-known/jwks.json "HTTP/1.1 200 OK"
2026-03-12 12:58:42,863 - core.auth - INFO - Successfully fetched JWKS with 2 keys
2026-03-12 12:58:42,864 - core.auth - INFO - ID token successfully validated for user hash: f5529618
2026-03-12 12:58:42,871 - routers.auth - ERROR - Callback processing failed: (builtins.TypeError) SQLite DateTime type only accepts Python datetime and date objects as input.
[SQL: UPDATE users SET last_login=? WHERE users.id = ?]
[parameters: [{'last_login': '2026-03-12T12:58:42.868563', 'users_id': 'google-oauth2|110539610043226058896'}]]
Traceback (most recent call last):
  File "C:\Users\Lenovo 10GEN\Desktop\paudc_site\backend\.venv\Lib\site-packages\sqlalchemy\engine\base.py", line 1815, in _execute_context
    context = constructor(
        dialect, self, conn, execution_options, *args, **kw
    )
  File "C:\Users\Lenovo 10GEN\Desktop\paudc_site\backend\.venv\Lib\site-packages\sqlalchemy\engine\default.py", line 1496, in _init_compiled
    flattened_processors[key](compiled_params[key])
    ~~~~~~~~~~~~~~~~~~~~~~~~~^^^^^^^^^^^^^^^^^^^^^^
  File "C:\Users\Lenovo 10GEN\Desktop\paudc_site\backend\.venv\Lib\site-packages\sqlalchemy\dialects\sqlite\base.py", line 1207, in process
    raise TypeError(
    ...<2 lines>...
    )
TypeError: SQLite DateTime type only accepts Python datetime and date objects as input.

The above exception was the direct cause of the following exception:

Traceback (most recent call last):
  File "C:\Users\Lenovo 10GEN\Desktop\paudc_site\backend\routers\auth.py", line 235, in callback
    await db.commit()
  File "C:\Users\Lenovo 10GEN\Desktop\paudc_site\backend\.venv\Lib\site-packages\sqlalchemy\ext\asyncio\session.py", line 1000, in commit
    await greenlet_spawn(self.sync_session.commit)
  File "C:\Users\Lenovo 10GEN\Desktop\paudc_site\backend\.venv\Lib\site-packages\sqlalchemy\util\_concurrency_py3k.py", line 203, in greenlet_spawn
    result = context.switch(value)
  File "C:\Users\Lenovo 10GEN\Desktop\paudc_site\backend\.venv\Lib\site-packages\sqlalchemy\orm\session.py", line 2030, in commit
    trans.commit(_to_root=True)
    ~~~~~~~~~~~~^^^^^^^^^^^^^^^
  File "<string>", line 2, in commit
  File "C:\Users\Lenovo 10GEN\Desktop\paudc_site\backend\.venv\Lib\site-packages\sqlalchemy\orm\state_changes.py", line 137, in _go
    ret_value = fn(self, *arg, **kw)
  File "C:\Users\Lenovo 10GEN\Desktop\paudc_site\backend\.venv\Lib\site-packages\sqlalchemy\orm\session.py", line 1311, in commit
    self._prepare_impl()
    ~~~~~~~~~~~~~~~~~~^^
  File "<string>", line 2, in _prepare_impl
  File "C:\Users\Lenovo 10GEN\Desktop\paudc_site\backend\.venv\Lib\site-packages\sqlalchemy\orm\state_changes.py", line 137, in _go
    ret_value = fn(self, *arg, **kw)
  File "C:\Users\Lenovo 10GEN\Desktop\paudc_site\backend\.venv\Lib\site-packages\sqlalchemy\orm\session.py", line 1286, in _prepare_impl
    self.session.flush()
    ~~~~~~~~~~~~~~~~~~^^
  File "C:\Users\Lenovo 10GEN\Desktop\paudc_site\backend\.venv\Lib\site-packages\sqlalchemy\orm\session.py", line 4331, in flush
    self._flush(objects)
    ~~~~~~~~~~~^^^^^^^^^
  File "C:\Users\Lenovo 10GEN\Desktop\paudc_site\backend\.venv\Lib\site-packages\sqlalchemy\orm\session.py", line 4466, in _flush
    with util.safe_reraise():
         ~~~~~~~~~~~~~~~~~^^
  File "C:\Users\Lenovo 10GEN\Desktop\paudc_site\backend\.venv\Lib\site-packages\sqlalchemy\util\langhelpers.py", line 121, in __exit__
    raise exc_value.with_traceback(exc_tb)
  File "C:\Users\Lenovo 10GEN\Desktop\paudc_site\backend\.venv\Lib\site-packages\sqlalchemy\orm\session.py", line 4427, in _flush
    flush_context.execute()
    ~~~~~~~~~~~~~~~~~~~~~^^
  File "C:\Users\Lenovo 10GEN\Desktop\paudc_site\backend\.venv\Lib\site-packages\sqlalchemy\orm\unitofwork.py", line 466, in execute
    rec.execute(self)
    ~~~~~~~~~~~^^^^^^
  File "C:\Users\Lenovo 10GEN\Desktop\paudc_site\backend\.venv\Lib\site-packages\sqlalchemy\orm\unitofwork.py", line 642, in execute
    util.preloaded.orm_persistence.save_obj(
    ~~~~~~~~~~~~~~~~~~~~~~~~~~~~~~~~~~~~~~~^
        self.mapper,
        ^^^^^^^^^^^^
        uow.states_for_mapper_hierarchy(self.mapper, False, False),
        ^^^^^^^^^^^^^^^^^^^^^^^^^^^^^^^^^^^^^^^^^^^^^^^^^^^^^^^^^^^
        uow,
        ^^^^
    )
    ^
  File "C:\Users\Lenovo 10GEN\Desktop\paudc_site\backend\.venv\Lib\site-packages\sqlalchemy\orm\persistence.py", line 85, in save_obj
    _emit_update_statements(
    ~~~~~~~~~~~~~~~~~~~~~~~^
        base_mapper,
        ^^^^^^^^^^^^
    ...<3 lines>...
        update,
        ^^^^^^^
    )
    ^
  File "C:\Users\Lenovo 10GEN\Desktop\paudc_site\backend\.venv\Lib\site-packages\sqlalchemy\orm\persistence.py", line 912, in _emit_update_statements
    c = connection.execute(
        statement, multiparams, execution_options=execution_options
    )
  File "C:\Users\Lenovo 10GEN\Desktop\paudc_site\backend\.venv\Lib\site-packages\sqlalchemy\engine\base.py", line 1419, in execute
    return meth(
        self,
        distilled_parameters,
        execution_options or NO_OPTIONS,
    )
  File "C:\Users\Lenovo 10GEN\Desktop\paudc_site\backend\.venv\Lib\site-packages\sqlalchemy\sql\elements.py", line 527, in _execute_on_connection
    return connection._execute_clauseelement(
           ~~~~~~~~~~~~~~~~~~~~~~~~~~~~~~~~~^
        self, distilled_params, execution_options
        ^^^^^^^^^^^^^^^^^^^^^^^^^^^^^^^^^^^^^^^^^
    )
    ^
  File "C:\Users\Lenovo 10GEN\Desktop\paudc_site\backend\.venv\Lib\site-packages\sqlalchemy\engine\base.py", line 1641, in _execute_clauseelement
    ret = self._execute_context(
        dialect,
    ...<8 lines>...
        cache_hit=cache_hit,
    )
  File "C:\Users\Lenovo 10GEN\Desktop\paudc_site\backend\.venv\Lib\site-packages\sqlalchemy\engine\base.py", line 1821, in _execute_context
    self._handle_dbapi_exception(
    ~~~~~~~~~~~~~~~~~~~~~~~~~~~~^
        e, str(statement), parameters, None, None
        ^^^^^^^^^^^^^^^^^^^^^^^^^^^^^^^^^^^^^^^^^
    )
    ^
  File "C:\Users\Lenovo 10GEN\Desktop\paudc_site\backend\.venv\Lib\site-packages\sqlalchemy\engine\base.py", line 2363, in _handle_dbapi_exception
    raise sqlalchemy_exception.with_traceback(exc_info[2]) from e
  File "C:\Users\Lenovo 10GEN\Desktop\paudc_site\backend\.venv\Lib\site-packages\sqlalchemy\engine\base.py", line 1815, in _execute_context
    context = constructor(
        dialect, self, conn, execution_options, *args, **kw
    )
  File "C:\Users\Lenovo 10GEN\Desktop\paudc_site\backend\.venv\Lib\site-packages\sqlalchemy\engine\default.py", line 1496, in _init_compiled
    flattened_processors[key](compiled_params[key])
    ~~~~~~~~~~~~~~~~~~~~~~~~~^^^^^^^^^^^^^^^^^^^^^^
  File "C:\Users\Lenovo 10GEN\Desktop\paudc_site\backend\.venv\Lib\site-packages\sqlalchemy\dialects\sqlite\base.py", line 1207, in process
    raise TypeError(
    ...<2 lines>...
    )
sqlalchemy.exc.StatementError: (builtins.TypeError) SQLite DateTime type only accepts Python datetime and date objects as input.
[SQL: UPDATE users SET last_login=? WHERE users.id = ?]
[parameters: [{'last_login': '2026-03-12T12:58:42.868563', 'users_id': 'google-oauth2|110539610043226058896'}]]
2026-03-12 13:05:05,705 - main - INFO - === Application shutdown initiated ===
2026-03-12 13:05:05,705 - core.database - INFO - Closing database connection...
2026-03-12 13:05:05,708 - core.database - INFO - Database connection closed and engine disposed
2026-03-12 13:05:05,708 - main - INFO - === Application shutdown completed successfully ===
