2026-03-12 11:44:47,042 - main - INFO - === Logging system initialized ===
2026-03-12 11:44:47,042 - main - INFO - Log file: logs\app_20260312_114447.log
2026-03-12 11:44:47,042 - main - INFO - Environment: dev
2026-03-12 11:44:47,043 - main - INFO - Timestamp: 20260312_114447
2026-03-12 11:44:47,060 - main - INFO - Included router from routers.aihub
2026-03-12 11:44:47,223 - main - INFO - Included router from routers.auth
2026-03-12 11:44:47,224 - main - INFO - Included router from routers.config
2026-03-12 11:44:47,244 - main - INFO - Included router from routers.content_pages
2026-03-12 11:44:47,262 - main - INFO - Included router from routers.course_materials
2026-03-12 11:44:47,284 - main - INFO - Included router from routers.course_modules
2026-03-12 11:44:47,306 - main - INFO - Included router from routers.courses
2026-03-12 11:44:47,321 - main - INFO - Included router from routers.enrollments
2026-03-12 11:44:47,337 - main - INFO - Included router from routers.faqs
2026-03-12 11:44:47,338 - main - INFO - Included router from routers.health
2026-03-12 11:44:47,395 - main - INFO - Included router from routers.notifications
2026-03-12 11:44:47,420 - main - INFO - Included router from routers.progress_tracking
2026-03-12 11:44:47,442 - main - INFO - Included router from routers.quiz_attempts
2026-03-12 11:44:47,453 - main - INFO - Included router from routers.quiz_questions
2026-03-12 11:44:47,463 - main - INFO - Included router from routers.quizzes
2026-03-12 11:44:47,491 - main - INFO - Included router from routers.registrations
2026-03-12 11:44:47,516 - main - INFO - Included router from routers.resources
2026-03-12 11:44:47,536 - main - INFO - Included router from routers.schedules
2026-03-12 11:44:47,546 - main - INFO - Included router from routers.settings
2026-03-12 11:44:47,567 - main - INFO - Included router from routers.storage
2026-03-12 11:44:47,572 - main - INFO - Included router from routers.user
2026-03-12 11:44:47,572 - main - INFO - Total routers discovered and included: 21
2026-03-12 11:44:47,573 - main - INFO - === Application startup initiated ===
2026-03-12 11:44:47,574 - core.database - INFO - Starting database initialization...
2026-03-12 11:44:47,574 - core.database - INFO - Using QueuePool with connection pooling for non-lambda environment
2026-03-12 11:44:47,597 - core.database - INFO - Database engine created successfully
2026-03-12 11:44:47,597 - core.database - INFO - Database connection created successfully
2026-03-12 11:44:47,598 - core.database - INFO - Starting table creation...
2026-03-12 11:44:47,598 - core.database - INFO - Starting table creation...
2026-03-12 11:44:47,613 - core.database - INFO - Tables initialized successfully
2026-03-12 11:44:47,613 - core.database - INFO - Checking for structural repairs in existing tables...
2026-03-12 11:44:47,662 - core.database - INFO - Table structure repair completed in 0.0488s
2026-03-12 11:44:47,935 - main - INFO - === Application startup completed successfully ===
2026-03-12 11:44:53,118 - routers.auth - INFO - Initiating OIDC login with redirect_uri: http://localhost:8000/api/v1/auth/callback
2026-03-12 11:46:54,804 - main - INFO - === Application shutdown initiated ===
2026-03-12 11:46:54,804 - core.database - INFO - Closing database connection...
2026-03-12 11:46:54,806 - core.database - INFO - Database connection closed and engine disposed
2026-03-12 11:46:54,806 - main - INFO - === Application shutdown completed successfully ===
