2026-03-10 17:33:44,921 - main - INFO - === Logging system initialized ===
2026-03-10 17:33:44,921 - main - INFO - Log file: logs\app_20260310_173344.log
2026-03-10 17:33:44,921 - main - INFO - Environment: dev
2026-03-10 17:33:44,921 - main - INFO - Timestamp: 20260310_173344
2026-03-10 17:33:44,934 - main - INFO - Included router from routers.aihub
2026-03-10 17:33:45,082 - main - INFO - Included router from routers.auth
2026-03-10 17:33:45,103 - main - INFO - Included router from routers.content_pages
2026-03-10 17:33:45,120 - main - INFO - Included router from routers.course_materials
2026-03-10 17:33:45,142 - main - INFO - Included router from routers.course_modules
2026-03-10 17:33:45,170 - main - INFO - Included router from routers.courses
2026-03-10 17:33:45,184 - main - INFO - Included router from routers.enrollments
2026-03-10 17:33:45,204 - main - INFO - Included router from routers.faqs
2026-03-10 17:33:45,205 - main - INFO - Included router from routers.health
2026-03-10 17:33:45,233 - main - INFO - Included router from routers.notifications
2026-03-10 17:33:45,248 - main - INFO - Included router from routers.progress_tracking
2026-03-10 17:33:45,264 - main - INFO - Included router from routers.quiz_attempts
2026-03-10 17:33:45,274 - main - INFO - Included router from routers.quiz_questions
2026-03-10 17:33:45,285 - main - INFO - Included router from routers.quizzes
2026-03-10 17:33:45,308 - main - INFO - Included router from routers.registrations
2026-03-10 17:33:45,326 - main - INFO - Included router from routers.resources
2026-03-10 17:33:45,343 - main - INFO - Included router from routers.schedules
2026-03-10 17:33:45,352 - main - INFO - Included router from routers.settings
2026-03-10 17:33:45,370 - main - INFO - Included router from routers.storage
2026-03-10 17:33:45,377 - main - INFO - Included router from routers.user
2026-03-10 17:33:45,377 - main - INFO - Total routers discovered and included: 20
2026-03-10 17:33:45,379 - main - INFO - === Application startup initiated ===
2026-03-10 17:33:45,379 - core.database - INFO - Starting database initialization...
2026-03-10 17:33:45,379 - core.database - INFO - Using QueuePool with connection pooling for non-lambda environment
2026-03-10 17:33:45,403 - core.database - INFO - Database engine created successfully
2026-03-10 17:33:45,403 - core.database - INFO - Database connection created successfully
2026-03-10 17:33:45,404 - core.database - INFO - Starting table creation...
2026-03-10 17:33:45,404 - core.database - INFO - Starting table creation...
2026-03-10 17:33:45,421 - core.database - INFO - Tables initialized successfully
2026-03-10 17:33:45,421 - core.database - INFO - Checking for structural repairs in existing tables...
2026-03-10 17:33:45,453 - core.database - INFO - Table structure repair completed in 0.0316s
2026-03-10 17:33:45,599 - main - INFO - === Application startup completed successfully ===
