2026-03-12 12:31:19,314 - main - INFO - === Logging system initialized ===
2026-03-12 12:31:19,315 - main - INFO - Log file: logs\app_20260312_123119.log
2026-03-12 12:31:19,315 - main - INFO - Environment: dev
2026-03-12 12:31:19,315 - main - INFO - Timestamp: 20260312_123119
2026-03-12 12:31:19,328 - main - INFO - Included router from routers.aihub
2026-03-12 12:31:19,464 - main - INFO - Included router from routers.auth
2026-03-12 12:31:19,465 - main - INFO - Included router from routers.config
2026-03-12 12:31:19,484 - main - INFO - Included router from routers.content_pages
2026-03-12 12:31:19,500 - main - INFO - Included router from routers.course_materials
2026-03-12 12:31:19,517 - main - INFO - Included router from routers.course_modules
2026-03-12 12:31:19,536 - main - INFO - Included router from routers.courses
2026-03-12 12:31:19,550 - main - INFO - Included router from routers.enrollments
2026-03-12 12:31:19,567 - main - INFO - Included router from routers.faqs
2026-03-12 12:31:19,569 - main - INFO - Included router from routers.health
2026-03-12 12:31:19,585 - main - INFO - Included router from routers.notifications
2026-03-12 12:31:19,600 - main - INFO - Included router from routers.progress_tracking
2026-03-12 12:31:19,612 - main - INFO - Included router from routers.quiz_attempts
2026-03-12 12:31:19,623 - main - INFO - Included router from routers.quiz_questions
2026-03-12 12:31:19,636 - main - INFO - Included router from routers.quizzes
2026-03-12 12:31:19,657 - main - INFO - Included router from routers.registrations
2026-03-12 12:31:19,677 - main - INFO - Included router from routers.resources
2026-03-12 12:31:19,692 - main - INFO - Included router from routers.schedules
2026-03-12 12:31:19,705 - main - INFO - Included router from routers.settings
2026-03-12 12:31:19,721 - main - INFO - Included router from routers.storage
2026-03-12 12:31:19,725 - main - INFO - Included router from routers.user
2026-03-12 12:31:19,726 - main - INFO - Total routers discovered and included: 21
2026-03-12 12:31:19,727 - main - INFO - === Application startup initiated ===
2026-03-12 12:31:19,728 - core.database - INFO - Starting database initialization...
2026-03-12 12:31:19,729 - core.database - INFO - Using QueuePool with connection pooling for non-lambda environment
2026-03-12 12:31:19,748 - core.database - INFO - Database engine created successfully
2026-03-12 12:31:19,749 - core.database - INFO - Database connection created successfully
2026-03-12 12:31:19,749 - core.database - INFO - Starting table creation...
2026-03-12 12:31:19,749 - core.database - INFO - Starting table creation...
2026-03-12 12:31:19,766 - core.database - INFO - Tables initialized successfully
2026-03-12 12:31:19,767 - core.database - INFO - Checking for structural repairs in existing tables...
2026-03-12 12:31:19,799 - core.database - INFO - Table structure repair completed in 0.0328s
2026-03-12 12:31:19,995 - main - INFO - === Application startup completed successfully ===
2026-03-12 12:31:50,547 - routers.auth - INFO - Initiating OIDC login with redirect_uri: http://localhost:8000/api/v1/auth/callback
2026-03-12 12:31:56,267 - httpx - INFO - HTTP Request: POST https://dev-dhw78f2cx2ws2hnn.us.auth0.com/oauth/token "HTTP/1.1 200 OK"
2026-03-12 12:31:57,214 - httpx - INFO - HTTP Request: GET https://dev-dhw78f2cx2ws2hnn.us.auth0.com/.well-known/jwks.json "HTTP/1.1 200 OK"
2026-03-12 12:31:57,215 - core.auth - INFO - Successfully fetched JWKS with 2 keys
2026-03-12 12:31:57,220 - core.auth - INFO - ID token successfully validated for user hash: f5529618
2026-03-12 12:31:57,229 - routers.auth - ERROR - Callback processing failed: (builtins.TypeError) SQLite DateTime type only accepts Python datetime and date objects as input.
[SQL: INSERT INTO users (id, email, name, role, last_login) VALUES (?, ?, ?, ?, ?) RETURNING created_at]
[parameters: [{'id': 'google-oauth2|110539610043226058896', 'role': 'user', 'name': 'Okwoli Joshua', 'last_login': '2026-03-12T12:31:57.226473', 'email': 'okwjosh123@gmail.com'}]]
Traceback (most recent call last):
  File "C:\Users\Lenovo 10GEN\Desktop\paudc_site\backend\.venv\Lib\site-packages\sqlalchemy\engine\base.py", line 1815, in _execute_context
    context = constructor(
        dialect, self, conn, execution_options, *args, **kw
    )
  File "C:\Users\Lenovo 10GEN\Desktop\paudc_site\backend\.venv\Lib\site-packages\sqlalchemy\engine\default.py", line 1496, in _init_compiled
    flattened_processors[key](compiled_params[key])
    ~~~~~~~~~~~~~~~~~~~~~~~~~^^^^^^^^^^^^^^^^^^^^^^
  File "C:\Users\Lenovo 10GEN\Desktop\paudc_site\backend\.venv\Lib\site-packages\sqlalchemy\dialects\sqlite\base.py", line 1207, in process
    raise TypeError(
    ...<2 lines>...
    )
TypeError: SQLite DateTime type only accepts Python datetime and date objects as input.

The above exception was the direct cause of the following exception:

Traceback (most recent call last):
  File "C:\Users\Lenovo 10GEN\Desktop\paudc_site\backend\routers\auth.py", line 235, in callback
    await db.commit()
  File "C:\Users\Lenovo 10GEN\Desktop\paudc_site\backend\.venv\Lib\site-packages\sqlalchemy\ext\asyncio\session.py", line 1000, in commit
    await greenlet_spawn(self.sync_session.commit)
  File "C:\Users\Lenovo 10GEN\Desktop\paudc_site\backend\.venv\Lib\site-packages\sqlalchemy\util\_concurrency_py3k.py", line 203, in greenlet_spawn
    result = context.switch(value)
  File "C:\Users\Lenovo 10GEN\Desktop\paudc_site\backend\.venv\Lib\site-packages\sqlalchemy\orm\session.py", line 2030, in commit
    trans.commit(_to_root=True)
    ~~~~~~~~~~~~^^^^^^^^^^^^^^^
  File "<string>", line 2, in commit
  File "C:\Users\Lenovo 10GEN\Desktop\paudc_site\backend\.venv\Lib\site-packages\sqlalchemy\orm\state_changes.py", line 137, in _go
    ret_value = fn(self, *arg, **kw)
  File "C:\Users\Lenovo 10GEN\Desktop\paudc_site\backend\.venv\Lib\site-packages\sqlalchemy\orm\session.py", line 1311, in commit
    self._prepare_impl()
    ~~~~~~~~~~~~~~~~~~^^
  File "<string>", line 2, in _prepare_impl
  File "C:\Users\Lenovo 10GEN\Desktop\paudc_site\backend\.venv\Lib\site-packages\sqlalchemy\orm\state_changes.py", line 137, in _go
    ret_value = fn(self, *arg, **kw)
  File "C:\Users\Lenovo 10GEN\Desktop\paudc_site\backend\.venv\Lib\site-packages\sqlalchemy\orm\session.py", line 1286, in _prepare_impl
    self.session.flush()
    ~~~~~~~~~~~~~~~~~~^^
  File "C:\Users\Lenovo 10GEN\Desktop\paudc_site\backend\.venv\Lib\site-packages\sqlalchemy\orm\session.py", line 4331, in flush
    self._flush(objects)
    ~~~~~~~~~~~^^^^^^^^^
  File "C:\Users\Lenovo 10GEN\Desktop\paudc_site\backend\.venv\Lib\site-packages\sqlalchemy\orm\session.py", line 4466, in _flush
    with util.safe_reraise():
         ~~~~~~~~~~~~~~~~~^^
  File "C:\Users\Lenovo 10GEN\Desktop\paudc_site\backend\.venv\Lib\site-packages\sqlalchemy\util\langhelpers.py", line 121, in __exit__
    raise exc_value.with_traceback(exc_tb)
  File "C:\Users\Lenovo 10GEN\Desktop\paudc_site\backend\.venv\Lib\site-packages\sqlalchemy\orm\session.py", line 4427, in _flush
    flush_context.execute()
    ~~~~~~~~~~~~~~~~~~~~~^^
  File "C:\Users\Lenovo 10GEN\Desktop\paudc_site\backend\.venv\Lib\site-packages\sqlalchemy\orm\unitofwork.py", line 466, in execute
    rec.execute(self)
    ~~~~~~~~~~~^^^^^^
  File "C:\Users\Lenovo 10GEN\Desktop\paudc_site\backend\.venv\Lib\site-packages\sqlalchemy\orm\unitofwork.py", line 642, in execute
    util.preloaded.orm_persistence.save_obj(
    ~~~~~~~~~~~~~~~~~~~~~~~~~~~~~~~~~~~~~~~^
        self.mapper,
        ^^^^^^^^^^^^
        uow.states_for_mapper_hierarchy(self.mapper, False, False),
        ^^^^^^^^^^^^^^^^^^^^^^^^^^^^^^^^^^^^^^^^^^^^^^^^^^^^^^^^^^^
        uow,
        ^^^^
    )
    ^
  File "C:\Users\Lenovo 10GEN\Desktop\paudc_site\backend\.venv\Lib\site-packages\sqlalchemy\orm\persistence.py", line 93, in save_obj
    _emit_insert_statements(
    ~~~~~~~~~~~~~~~~~~~~~~~^
        base_mapper,
        ^^^^^^^^^^^^
    ...<3 lines>...
        insert,
        ^^^^^^^
    )
    ^
  File "C:\Users\Lenovo 10GEN\Desktop\paudc_site\backend\.venv\Lib\site-packages\sqlalchemy\orm\persistence.py", line 1233, in _emit_insert_statements
    result = connection.execute(
        statement,
        params,
        execution_options=execution_options,
    )
  File "C:\Users\Lenovo 10GEN\Desktop\paudc_site\backend\.venv\Lib\site-packages\sqlalchemy\engine\base.py", line 1419, in execute
    return meth(
        self,
        distilled_parameters,
        execution_options or NO_OPTIONS,
    )
  File "C:\Users\Lenovo 10GEN\Desktop\paudc_site\backend\.venv\Lib\site-packages\sqlalchemy\sql\elements.py", line 527, in _execute_on_connection
    return connection._execute_clauseelement(
           ~~~~~~~~~~~~~~~~~~~~~~~~~~~~~~~~~^
        self, distilled_params, execution_options
        ^^^^^^^^^^^^^^^^^^^^^^^^^^^^^^^^^^^^^^^^^
    )
    ^
  File "C:\Users\Lenovo 10GEN\Desktop\paudc_site\backend\.venv\Lib\site-packages\sqlalchemy\engine\base.py", line 1641, in _execute_clauseelement
    ret = self._execute_context(
        dialect,
    ...<8 lines>...
        cache_hit=cache_hit,
    )
  File "C:\Users\Lenovo 10GEN\Desktop\paudc_site\backend\.venv\Lib\site-packages\sqlalchemy\engine\base.py", line 1821, in _execute_context
    self._handle_dbapi_exception(
    ~~~~~~~~~~~~~~~~~~~~~~~~~~~~^
        e, str(statement), parameters, None, None
        ^^^^^^^^^^^^^^^^^^^^^^^^^^^^^^^^^^^^^^^^^
    )
    ^
  File "C:\Users\Lenovo 10GEN\Desktop\paudc_site\backend\.venv\Lib\site-packages\sqlalchemy\engine\base.py", line 2363, in _handle_dbapi_exception
    raise sqlalchemy_exception.with_traceback(exc_info[2]) from e
  File "C:\Users\Lenovo 10GEN\Desktop\paudc_site\backend\.venv\Lib\site-packages\sqlalchemy\engine\base.py", line 1815, in _execute_context
    context = constructor(
        dialect, self, conn, execution_options, *args, **kw
    )
  File "C:\Users\Lenovo 10GEN\Desktop\paudc_site\backend\.venv\Lib\site-packages\sqlalchemy\engine\default.py", line 1496, in _init_compiled
    flattened_processors[key](compiled_params[key])
    ~~~~~~~~~~~~~~~~~~~~~~~~~^^^^^^^^^^^^^^^^^^^^^^
  File "C:\Users\Lenovo 10GEN\Desktop\paudc_site\backend\.venv\Lib\site-packages\sqlalchemy\dialects\sqlite\base.py", line 1207, in process
    raise TypeError(
    ...<2 lines>...
    )
sqlalchemy.exc.StatementError: (builtins.TypeError) SQLite DateTime type only accepts Python datetime and date objects as input.
[SQL: INSERT INTO users (id, email, name, role, last_login) VALUES (?, ?, ?, ?, ?) RETURNING created_at]
[parameters: [{'id': 'google-oauth2|110539610043226058896', 'role': 'user', 'name': 'Okwoli Joshua', 'last_login': '2026-03-12T12:31:57.226473', 'email': 'okwjosh123@gmail.com'}]]
2026-03-12 12:34:21,164 - main - INFO - === Application shutdown initiated ===
2026-03-12 12:34:21,164 - core.database - INFO - Closing database connection...
2026-03-12 12:34:21,167 - core.database - INFO - Database connection closed and engine disposed
2026-03-12 12:34:21,167 - main - INFO - === Application shutdown completed successfully ===
