2026-03-12 10:59:49,740 - main - INFO - === Logging system initialized ===
2026-03-12 10:59:49,740 - main - INFO - Log file: logs\app_20260312_105949.log
2026-03-12 10:59:49,741 - main - INFO - Environment: dev
2026-03-12 10:59:49,741 - main - INFO - Timestamp: 20260312_105949
2026-03-12 10:59:49,771 - main - INFO - Included router from routers.aihub
2026-03-12 10:59:50,558 - main - INFO - Included router from routers.auth
2026-03-12 10:59:50,560 - main - INFO - Included router from routers.config
2026-03-12 10:59:50,580 - main - INFO - Included router from routers.content_pages
2026-03-12 10:59:50,613 - main - INFO - Included router from routers.course_materials
2026-03-12 10:59:50,647 - main - INFO - Included router from routers.course_modules
2026-03-12 10:59:50,680 - main - INFO - Included router from routers.courses
2026-03-12 10:59:50,709 - main - INFO - Included router from routers.enrollments
2026-03-12 10:59:50,738 - main - INFO - Included router from routers.faqs
2026-03-12 10:59:50,742 - main - INFO - Included router from routers.health
2026-03-12 10:59:50,762 - main - INFO - Included router from routers.notifications
2026-03-12 10:59:50,791 - main - INFO - Included router from routers.progress_tracking
2026-03-12 10:59:50,805 - main - INFO - Included router from routers.quiz_attempts
2026-03-12 10:59:50,830 - main - INFO - Included router from routers.quiz_questions
2026-03-12 10:59:50,859 - main - INFO - Included router from routers.quizzes
2026-03-12 10:59:50,992 - main - INFO - Included router from routers.registrations
2026-03-12 10:59:51,023 - main - INFO - Included router from routers.resources
2026-03-12 10:59:51,081 - main - INFO - Included router from routers.schedules
2026-03-12 10:59:51,099 - main - INFO - Included router from routers.settings
2026-03-12 10:59:51,130 - main - INFO - Included router from routers.storage
2026-03-12 10:59:51,142 - main - INFO - Included router from routers.user
2026-03-12 10:59:51,142 - main - INFO - Total routers discovered and included: 21
2026-03-12 10:59:51,144 - main - INFO - === Application startup initiated ===
2026-03-12 10:59:51,144 - core.database - INFO - Starting database initialization...
2026-03-12 10:59:51,144 - core.database - INFO - Using QueuePool with connection pooling for non-lambda environment
2026-03-12 10:59:51,244 - core.database - INFO - Database engine created successfully
2026-03-12 10:59:51,244 - core.database - INFO - Database connection created successfully
2026-03-12 10:59:51,244 - core.database - INFO - Starting table creation...
2026-03-12 10:59:51,245 - core.database - INFO - Starting table creation...
2026-03-12 10:59:51,261 - core.database - INFO - Tables initialized successfully
2026-03-12 10:59:51,261 - core.database - INFO - Checking for structural repairs in existing tables...
2026-03-12 10:59:51,293 - core.database - INFO - Table structure repair completed in 0.0321s
2026-03-12 10:59:51,342 - main - INFO - === Application startup completed successfully ===
2026-03-12 11:03:45,923 - main - INFO - === Application shutdown initiated ===
2026-03-12 11:03:45,924 - core.database - INFO - Closing database connection...
2026-03-12 11:03:45,928 - core.database - INFO - Database connection closed and engine disposed
2026-03-12 11:03:45,929 - main - INFO - === Application shutdown completed successfully ===
