2026-03-12 13:20:39,029 - main - INFO - === Logging system initialized ===
2026-03-12 13:20:39,029 - main - INFO - Log file: logs\app_20260312_132039.log
2026-03-12 13:20:39,029 - main - INFO - Environment: dev
2026-03-12 13:20:39,030 - main - INFO - Timestamp: 20260312_132039
2026-03-12 13:20:39,042 - main - INFO - Included router from routers.aihub
2026-03-12 13:20:39,179 - main - INFO - Included router from routers.auth
2026-03-12 13:20:39,180 - main - INFO - Included router from routers.config
2026-03-12 13:20:39,196 - main - INFO - Included router from routers.content_pages
2026-03-12 13:20:39,213 - main - INFO - Included router from routers.course_materials
2026-03-12 13:20:39,228 - main - INFO - Included router from routers.course_modules
2026-03-12 13:20:39,247 - main - INFO - Included router from routers.courses
2026-03-12 13:20:39,259 - main - INFO - Included router from routers.enrollments
2026-03-12 13:20:39,275 - main - INFO - Included router from routers.faqs
2026-03-12 13:20:39,276 - main - INFO - Included router from routers.health
2026-03-12 13:20:39,293 - main - INFO - Included router from routers.notifications
2026-03-12 13:20:39,309 - main - INFO - Included router from routers.progress_tracking
2026-03-12 13:20:39,320 - main - INFO - Included router from routers.quiz_attempts
2026-03-12 13:20:39,337 - main - INFO - Included router from routers.quiz_questions
2026-03-12 13:20:39,350 - main - INFO - Included router from routers.quizzes
2026-03-12 13:20:39,372 - main - INFO - Included router from routers.registrations
2026-03-12 13:20:39,389 - main - INFO - Included router from routers.resources
2026-03-12 13:20:39,407 - main - INFO - Included router from routers.schedules
2026-03-12 13:20:39,417 - main - INFO - Included router from routers.settings
2026-03-12 13:20:39,432 - main - INFO - Included router from routers.storage
2026-03-12 13:20:39,438 - main - INFO - Included router from routers.user
2026-03-12 13:20:39,438 - main - INFO - Total routers discovered and included: 21
2026-03-12 13:20:39,440 - main - INFO - === Application startup initiated ===
2026-03-12 13:20:39,440 - core.database - INFO - Starting database initialization...
2026-03-12 13:20:39,440 - core.database - INFO - Using QueuePool with connection pooling for non-lambda environment
2026-03-12 13:20:39,463 - core.database - INFO - Database engine created successfully
2026-03-12 13:20:39,464 - core.database - INFO - Database connection created successfully
2026-03-12 13:20:39,464 - core.database - INFO - Starting table creation...
2026-03-12 13:20:39,464 - core.database - INFO - Starting table creation...
2026-03-12 13:20:39,481 - core.database - INFO - Tables initialized successfully
2026-03-12 13:20:39,481 - core.database - INFO - Checking for structural repairs in existing tables...
2026-03-12 13:20:39,517 - core.database - INFO - Table structure repair completed in 0.0360s
2026-03-12 13:20:39,600 - main - INFO - === Application startup completed successfully ===
2026-03-12 13:23:25,114 - main - INFO - === Application shutdown initiated ===
2026-03-12 13:23:25,115 - core.database - INFO - Closing database connection...
2026-03-12 13:23:25,119 - core.database - INFO - Database connection closed and engine disposed
2026-03-12 13:23:25,119 - main - INFO - === Application shutdown completed successfully ===
