2026-03-12 11:49:07,774 - main - INFO - === Logging system initialized ===
2026-03-12 11:49:07,775 - main - INFO - Log file: logs\app_20260312_114907.log
2026-03-12 11:49:07,776 - main - INFO - Environment: dev
2026-03-12 11:49:07,777 - main - INFO - Timestamp: 20260312_114907
2026-03-12 11:49:07,789 - main - INFO - Included router from routers.aihub
2026-03-12 11:49:07,925 - main - INFO - Included router from routers.auth
2026-03-12 11:49:07,926 - main - INFO - Included router from routers.config
2026-03-12 11:49:07,944 - main - INFO - Included router from routers.content_pages
2026-03-12 11:49:07,959 - main - INFO - Included router from routers.course_materials
2026-03-12 11:49:07,973 - main - INFO - Included router from routers.course_modules
2026-03-12 11:49:07,997 - main - INFO - Included router from routers.courses
2026-03-12 11:49:08,010 - main - INFO - Included router from routers.enrollments
2026-03-12 11:49:08,028 - main - INFO - Included router from routers.faqs
2026-03-12 11:49:08,030 - main - INFO - Included router from routers.health
2026-03-12 11:49:08,047 - main - INFO - Included router from routers.notifications
2026-03-12 11:49:08,062 - main - INFO - Included router from routers.progress_tracking
2026-03-12 11:49:08,073 - main - INFO - Included router from routers.quiz_attempts
2026-03-12 11:49:08,083 - main - INFO - Included router from routers.quiz_questions
2026-03-12 11:49:08,094 - main - INFO - Included router from routers.quizzes
2026-03-12 11:49:08,116 - main - INFO - Included router from routers.registrations
2026-03-12 11:49:08,133 - main - INFO - Included router from routers.resources
2026-03-12 11:49:08,150 - main - INFO - Included router from routers.schedules
2026-03-12 11:49:08,160 - main - INFO - Included router from routers.settings
2026-03-12 11:49:08,174 - main - INFO - Included router from routers.storage
2026-03-12 11:49:08,180 - main - INFO - Included router from routers.user
2026-03-12 11:49:08,181 - main - INFO - Total routers discovered and included: 21
2026-03-12 11:49:08,182 - main - INFO - === Application startup initiated ===
2026-03-12 11:49:08,182 - core.database - INFO - Starting database initialization...
2026-03-12 11:49:08,183 - core.database - INFO - Using QueuePool with connection pooling for non-lambda environment
2026-03-12 11:49:08,203 - core.database - INFO - Database engine created successfully
2026-03-12 11:49:08,203 - core.database - INFO - Database connection created successfully
2026-03-12 11:49:08,203 - core.database - INFO - Starting table creation...
2026-03-12 11:49:08,203 - core.database - INFO - Starting table creation...
2026-03-12 11:49:08,219 - core.database - INFO - Tables initialized successfully
2026-03-12 11:49:08,219 - core.database - INFO - Checking for structural repairs in existing tables...
2026-03-12 11:49:08,250 - core.database - INFO - Table structure repair completed in 0.0311s
2026-03-12 11:49:08,350 - main - INFO - === Application startup completed successfully ===
2026-03-12 11:49:18,069 - core.database - ERROR - Database session error: 'Settings' object has no attribute 'oidc_scope'
2026-03-12 11:49:23,624 - core.database - ERROR - Database session error: 'Settings' object has no attribute 'oidc_scope'
2026-03-12 11:51:16,997 - main - INFO - === Application shutdown initiated ===
2026-03-12 11:51:16,998 - core.database - INFO - Closing database connection...
2026-03-12 11:51:17,000 - core.database - INFO - Database connection closed and engine disposed
2026-03-12 11:51:17,001 - main - INFO - === Application shutdown completed successfully ===
